2024-06-06 12:59:05.514 [info] Started local extension host with pid 69619.
2024-06-06 12:59:05.686 [error] Ignoring expo.appManifest.fileReferences.showHiddenFiles as expo.appManifest.fileReferences is true
2024-06-06 12:59:05.692 [error] Ignoring expo.appManifest.fileReferences.excludeGlobPatterns as expo.appManifest.fileReferences is true
2024-06-06 12:59:12.043 [info] [perf] Render performance baseline is 102ms
2024-06-06 14:22:25.894 [error] Error: Unable to write file 'vscode-userdata:/home/saczky/.config/Code/Backups/11bcbed22fa507726b1e1be3e7d26328/file/-67c3f950' (Unknown (FileSystemError): Error: ENOSPC: no space left on device, write)
    at s.writeFile (vscode-file://vscode-app/usr/lib/code/out/vs/workbench/workbench.desktop.main.js:658:18046)
    at async Object.factory (vscode-file://vscode-app/usr/lib/code/out/vs/workbench/workbench.desktop.main.js:2148:840)
2024-06-06 14:22:31.655 [error] Error: Unable to write file 'vscode-userdata:/home/saczky/.config/Code/Backups/11bcbed22fa507726b1e1be3e7d26328/file/-67c3f950' (Unknown (FileSystemError): Error: ENOSPC: no space left on device, write)
    at s.writeFile (vscode-file://vscode-app/usr/lib/code/out/vs/workbench/workbench.desktop.main.js:658:18046)
    at async Object.factory (vscode-file://vscode-app/usr/lib/code/out/vs/workbench/workbench.desktop.main.js:2148:840)
2024-06-06 14:22:40.862 [error] Error: Unable to write file 'vscode-userdata:/home/saczky/.config/Code/Backups/11bcbed22fa507726b1e1be3e7d26328/file/-67c3f950' (Unknown (FileSystemError): Error: ENOSPC: no space left on device, write)
    at s.writeFile (vscode-file://vscode-app/usr/lib/code/out/vs/workbench/workbench.desktop.main.js:658:18046)
    at async Object.factory (vscode-file://vscode-app/usr/lib/code/out/vs/workbench/workbench.desktop.main.js:2148:840)
2024-06-06 14:22:41.666 [error] [text file model] handleSaveError(81) - exit - resulted in a save error: Error: Unable to write file '/home/saczky/CrisisPreventionProject/backend/user/apis.py' (Unknown (FileSystemError): Error: ENOSPC: no space left on device, write) file:///home/saczky/CrisisPreventionProject/backend/user/apis.py
2024-06-06 14:22:45.893 [error] [uncaught exception in main]: SQLITE_ERROR: cannot commit - no transaction is active: Error: SQLITE_ERROR: cannot commit - no transaction is active
2024-06-06 14:23:21.140 [error] [uncaught exception in main]: SQLITE_ERROR: cannot commit - no transaction is active: Error: SQLITE_ERROR: cannot commit - no transaction is active
2024-06-06 14:25:54.977 [error] [text file model] handleSaveError(81) - exit - resulted in a save error: Error: Unable to write file '/home/saczky/CrisisPreventionProject/backend/user/apis.py' (Error: File Modified Since) file:///home/saczky/CrisisPreventionProject/backend/user/apis.py
2024-06-06 14:26:02.580 [error] OSError: [Errno 28] No space left on device: Error: OSError: [Errno 28] No space left on device
    at ae (/home/saczky/.vscode/extensions/ms-python.python-2024.4.1-universal/out/client/extension.js:2:2306827)
    at oe (/home/saczky/.vscode/extensions/ms-python.python-2024.4.1-universal/out/client/extension.js:2:2304787)
    at Immediate.<anonymous> (/home/saczky/.vscode/extensions/ms-python.python-2024.4.1-universal/out/client/extension.js:2:2301081)
    at processImmediate (node:internal/timers:476:21)
2024-06-06 14:26:03.191 [error] [text file model] handleSaveError(81) - exit - resulted in a save error: Error: Unable to write file '/home/saczky/CrisisPreventionProject/backend/user/apis.py' (Error: File Modified Since) file:///home/saczky/CrisisPreventionProject/backend/user/apis.py
2024-06-06 14:26:04.475 [error] [text file model] handleSaveError(81) - exit - resulted in a save error: Error: Unable to write file '/home/saczky/CrisisPreventionProject/backend/user/apis.py' (Unknown (FileSystemError): Error: ENOSPC: no space left on device, write) file:///home/saczky/CrisisPreventionProject/backend/user/apis.py
2024-06-06 14:26:07.591 [error] [uncaught exception in main]: SQLITE_ERROR: cannot commit - no transaction is active: Error: SQLITE_E2024-06-06 14:28:42.696 [error] [text file model] handleSaveError(81) - exit - resulted in a save error: Error: Unable to write file '/home/saczky/CrisisPreventionProject/backend/user/apis.py' (Error: File Modified Since) file:///home/saczky/CrisisPreventionProject/backend/user/apis.py
2024-06-06 14:29:53.427 [error] [uncaught exception in main]: SQLITE_ERROR: cannot commit - no transaction is active: Error: SQLITE_ERROR: cannot commit - no transaction is active
2024-06-06 14:29:57.364 [error] Error: Unable to write file 'vscode-userdata:/home/saczky/.config/Code/Backups/11bcbed22fa507726b1e1be3e7d26328/file/-67c3f950' (Unknown (FileSystemError): Error: ENOSPC: no space left on device, write)
    at s.writeFile (vscode-file://vscode-app/usr/lib/code/out/vs/workbench/workbench.desktop.main.js:658:18046)
    at async Object.factory (vscode-file://vscode-app/usr/lib/code/out/vs/workbench/workbench.desktop.main.js:2148:840)
2024-06-06 14:30:00.157 [error] Error: Unable to write file 'vscode-userdata:/home/saczky/.config/Code/Backups/11bcbed22fa507726b1e1be3e7d26328/file/-67c3f950' (Unknown (FileSystemError): Error: ENOSPC: no space left on device, write)
    at s.writeFile (vscode-file://vscode-app/usr/lib/code/out/vs/workbench/workbench.desktop.main.js:658:18046)
    at async Object.factory (vscode-file://vscode-app/usr/lib/code/out/vs/workbench/workbench.desktop.main.js:2148:840)
2024-06-06 14:30:01.445 [error] [text file model] handleSaveError(87) - exit - resulted in a save error: Error: Unable to write file '/home/saczky/CrisisPreventionProject/backend/user/apis.py' (Unknown (FileSystemError): Error: ENOSPC: no space left on device, write) file:///home/saczky/CrisisPreventionProject/backend/user/apis.py
2024-06-06 14:30:01.914 [error] [uncaught exception in main]: SQLITE_ERROR: cannot commit - no transaction is active: Error: SQLITE_ERROR: cannot commit - no transaction is active
2024-06-06 14:30:02.206 [error] Error: Unable to write file 'vscode-userdata:/home/saczky/.config/Code/Backups/11bcbed22fa507726b1e1be3e7d26328/file/-67c3f950' (Unknown (FileSystemError): Error: ENOSPC: no space left on device, write)
    at s.writeFile (vscode-file://vscode-app/usr/lib/code/out/vs/workbench/workbench.desktop.main.js:658:18046)
    at async Object.factory (vscode-file://vscode-app/usr/lib/code/out/vs/workbench/workbench.desktop.main.js:2148:840)
2024-06-06 14:30:03.449 [error] [uncaught exception in main]: SQLITE_ERROR: cannot commit - no transaction is active: Error: SQLITE_ERROR: cannot commit - no transaction is active
2024-06-06 14:30:09.166 [error] [text file model] handleSaveError(88) - exit - resulted in a save error: Error: Unable to write file '/home/saczky/CrisisPreventionProject/backend/user/apis.py' (Error: File Modified Since) file:///home/saczky/CrisisPreventionProject/backend/user/apis.py
2024-06-06 14:30:09.914 [error] Error: Unable to write file 'vscode-userdata:/home/saczky/.config/Code/Backups/11bcbed22fa507726b1e1be3e7d26328/file/-67c3f950' (Unknown (FileSystemError): Error: ENOSPC: no space left on device, write)
    at s.writeFile (vscode-file://vscode-app/usr/lib/code/out/vs/workbench/workbench.desktop.main.js:658:18046)
    at async Object.factory (vscode-file://vscode-app/usr/lib/code/out/vs/workbench/workbench.desktop.main.js:2148:840)
2024-06-06 14:30:11.868 [error] [uncaught exception in main]: SQLITE_ERROR: cannot commit - no transaction is active: Error: SQLITE_ERROR: cannot commit - no transaction is active
