2024-06-06 12:59:05.072 [info] Added views:workbench.panel.markers.view in workbench.panel.markers
2024-06-06 12:59:05.072 [info] Added views:workbench.panel.output in workbench.panel.output
2024-06-06 12:59:05.072 [info] Added views:terminal in terminal
2024-06-06 12:59:05.072 [info] Added views:outline in workbench.view.explorer
2024-06-06 12:59:05.072 [info] Added views:workbench.scm in workbench.view.scm
2024-06-06 12:59:05.072 [info] Added views:workbench.view.search in workbench.view.search
2024-06-06 12:59:05.072 [info] Added views:timeline in workbench.view.explorer
2024-06-06 12:59:05.072 [info] Added views:workbench.explorer.fileView in workbench.view.explorer
2024-06-06 12:59:05.509 [info] Added views:workbench.debug.welcome in workbench.view.debug
2024-06-06 12:59:05.941 [info] Added views:gitlens.views.home,gitlens.views.workspaces,gitlens.views.account in workbench.view.extension.gitlens
2024-06-06 12:59:05.942 [info] Added views:gitlens.views.commitDetails,gitlens.views.lineHistory,gitlens.views.fileHistory,gitlens.views.searchAndCompare in workbench.view.extension.gitlensInspect
2024-06-06 12:59:05.944 [info] Added views:gitlens.views.commits,gitlens.views.branches,gitlens.views.remotes,gitlens.views.stashes,gitlens.views.tags,gitlens.views.contributors in workbench.view.scm
2024-06-06 12:59:06.542 [info] Added views:workbench.panel.repl.view in workbench.panel.repl
2024-06-06 12:59:10.291 [info] Added views:gitlens.views.drafts in workbench.view.extension.gitlens
2024-06-06 12:59:10.568 [info] Added views:gitlens.views.graph,gitlens.views.graphDetails in workbench.view.extension.gitlensPanel
2024-06-06 12:59:10.570 [info] Added views:gitlens.views.timeline in workbench.view.extension.gitlensInspect
2024-06-06 12:59:10.579 [info] Added views:gitlens.views.worktrees in workbench.view.scm
2024-06-06 12:59:11.280 [info] Added views:~remote.forwardedPorts in ~remote.forwardedPortsContainer
2024-06-06 13:00:53.649 [info] Added views:workbench.view.testing in workbench.view.extension.test
2024-06-06 14:35:26.071 [info] Removed views:workbench.view.testing from workbench.view.extension.test
