2024-06-05 09:27:51.895 [info] Added views:workbench.panel.markers.view in workbench.panel.markers
2024-06-05 09:27:51.895 [info] Added views:workbench.panel.output in workbench.panel.output
2024-06-05 09:27:51.895 [info] Added views:terminal in terminal
2024-06-05 09:27:51.895 [info] Added views:outline in workbench.view.explorer
2024-06-05 09:27:51.895 [info] Added views:workbench.scm in workbench.view.scm
2024-06-05 09:27:51.895 [info] Added views:workbench.view.search in workbench.view.search
2024-06-05 09:27:51.895 [info] Added views:timeline in workbench.view.explorer
2024-06-05 09:27:51.895 [info] Added views:workbench.explorer.fileView in workbench.view.explorer
2024-06-05 09:27:52.153 [info] Added views:workbench.debug.welcome in workbench.view.debug
2024-06-05 09:27:52.367 [info] Added views:gitlens.views.home,gitlens.views.workspaces,gitlens.views.account in workbench.view.extension.gitlens
2024-06-05 09:27:52.368 [info] Added views:gitlens.views.commitDetails,gitlens.views.lineHistory,gitlens.views.fileHistory,gitlens.views.searchAndCompare in workbench.view.extension.gitlensInspect
2024-06-05 09:27:52.369 [info] Added views:gitlens.views.commits,gitlens.views.branches,gitlens.views.remotes,gitlens.views.stashes,gitlens.views.tags,gitlens.views.contributors in workbench.view.scm
2024-06-05 09:27:52.743 [info] Added views:workbench.panel.repl.view in workbench.panel.repl
2024-06-05 09:27:54.897 [info] Added views:~remote.forwardedPorts in ~remote.forwardedPortsContainer
2024-06-05 09:27:55.664 [info] Added views:gitlens.views.drafts in workbench.view.extension.gitlens
2024-06-05 09:27:56.364 [info] Added views:gitlens.views.graph,gitlens.views.graphDetails in workbench.view.extension.gitlensPanel
2024-06-05 09:27:56.365 [info] Added views:gitlens.views.timeline in workbench.view.extension.gitlensInspect
2024-06-05 09:27:56.368 [info] Added views:gitlens.views.worktrees in workbench.view.scm
2024-06-05 10:29:22.984 [info] Added views:workbench.view.testing in workbench.view.extension.test
2024-06-05 10:37:33.354 [info] Removed views:workbench.view.testing from workbench.view.extension.test
