2024-06-05 14:19:02.812 [info] Log level: Info
2024-06-05 14:19:02.812 [info] Validating found git in: "git"
2024-06-05 14:19:02.812 [info] Using git "2.45.2" from "git"
2024-06-05 14:19:02.822 [info] > git rev-parse --show-toplevel [10ms]
2024-06-05 14:19:02.844 [info] > git rev-parse --git-dir --git-common-dir [7ms]
2024-06-05 14:19:02.870 [info] Open repository: /home/saczky/CrisisPreventionProject
2024-06-05 14:19:02.933 [info] > git rev-parse --show-toplevel [7ms]
2024-06-05 14:19:02.935 [info] > git config --get commit.template [22ms]
2024-06-05 14:19:02.971 [info] > git rev-parse --show-toplevel [22ms]
2024-06-05 14:19:02.987 [info] > git for-each-ref --format=%(refname)%00%(upstream:short)%00%(objectname)%00%(upstream:track)%00%(upstream:remotename)%00%(upstream:remoteref) refs/heads/CPA-11-log-in-to-the-application refs/remotes/CPA-11-log-in-to-the-application [22ms]
2024-06-05 14:19:03.005 [info] > git rev-parse --show-toplevel [20ms]
2024-06-05 14:19:03.042 [info] > git status -z -uall [42ms]
2024-06-05 14:19:03.096 [info] > git config --get commit.template [6ms]
2024-06-05 14:19:03.118 [info] > git for-each-ref --format=%(refname)%00%(upstream:short)%00%(objectname)%00%(upstream:track)%00%(upstream:remotename)%00%(upstream:remoteref) refs/heads/CPA-11-log-in-to-the-application refs/remotes/CPA-11-log-in-to-the-application [6ms]
2024-06-05 14:19:03.144 [info] > git status -z -uall [16ms]
2024-06-05 14:19:05.746 [info] > git check-ignore -v -z --stdin [606ms]
2024-06-05 14:19:07.208 [info] > git show --textconv :backend/crisis_management_system/settings.py [17ms]
2024-06-05 14:19:07.212 [info] > git ls-files --stage -- /home/saczky/CrisisPreventionProject/backend/crisis_management_system/settings.py [5ms]
2024-06-05 14:19:07.227 [info] > git cat-file -s 99d0f92f998ee8305c3b8fab6b261b3dda71ef56 [4ms]
2024-06-05 14:19:14.010 [info] > git config --get commit.template [7ms]
2024-06-05 14:19:14.011 [info] > git for-each-ref --format=%(refname)%00%(upstream:short)%00%(objectname)%00%(upstream:track)%00%(upstream:remotename)%00%(upstream:remoteref) refs/heads/CPA-11-log-in-to-the-application refs/remotes/CPA-11-log-in-to-the-application [2ms]
2024-06-05 14:19:14.023 [info] > git status -z -uall [6ms]
2024-06-05 14:22:00.732 [info] > git config --get commit.template [9ms]
2024-06-05 14:22:00.734 [info] > git for-each-ref --format=%(refname)%00%(upstream:short)%00%(objectname)%00%(upstream:track)%00%(upstream:remotename)%00%(upstream:remoteref) refs/heads/CPA-11-log-in-to-the-application refs/remotes/CPA-11-log-in-to-the-application [4ms]
2024-06-05 14:22:00.755 [info] > git status -z -uall [12ms]
2024-06-05 14:22:35.649 [info] > git config --get commit.template [30ms]
2024-06-05 14:22:35.652 [info] > git for-each-ref --format=%(refname)%00%(upstream:short)%00%(objectname)%00%(upstream:track)%00%(upstream:remotename)%00%(upstream:remoteref) refs/heads/CPA-11-log-in-to-the-application refs/remotes/CPA-11-log-in-to-the-application [8ms]
2024-06-05 14:22:35.694 [info] > git status -z -uall [26ms]
2024-06-05 14:22:41.367 [info] > git config --get commit.template [16ms]
2024-06-05 14:22:41.368 [info] > git for-each-ref --format=%(refname)%00%(upstream:short)%00%(objectname)%00%(upstream:track)%00%(upstream:remotename)%00%(upstream:remoteref) refs/heads/CPA-11-log-in-to-the-application refs/remotes/CPA-11-log-in-to-the-application [3ms]
2024-06-05 14:22:41.390 [info] > git status -z -uall [12ms]
2024-06-05 14:28:32.740 [info] > git config --get commit.template [8ms]
2024-06-05 14:28:32.742 [info] > git for-each-ref --format=%(refname)%00%(upstream:short)%00%(objectname)%00%(upstream:track)%00%(upstream:remotename)%00%(upstream:remoteref) refs/heads/CPA-11-log-in-to-the-application refs/remotes/CPA-11-log-in-to-the-application [3ms]
2024-06-05 14:28:32.752 [info] > git status -z -uall [5ms]
2024-06-05 14:28:34.330 [info] > git check-ignore -v -z --stdin [27ms]
2024-06-05 14:28:34.923 [info] > git show --textconv :frontend/src/hooks/useUserLogin.ts [26ms]
2024-06-05 14:28:34.947 [info] > git ls-files --stage -- /home/saczky/CrisisPreventionProject/frontend/src/hooks/useUserLogin.ts [26ms]
2024-06-05 14:29:05.740 [info] > git config --get commit.template [17ms]
2024-06-05 14:29:05.740 [info] > git for-each-ref --format=%(refname)%00%(upstream:short)%00%(objectname)%00%(upstream:track)%00%(upstream:remotename)%00%(upstream:remoteref) refs/heads/CPA-11-log-in-to-the-application refs/remotes/CPA-11-log-in-to-the-application [2ms]
2024-06-05 14:29:05.751 [info] > git status -z -uall [5ms]
2024-06-05 15:05:40.871 [info] > git config --get commit.template [5ms]
2024-06-05 15:05:40.903 [info] > git for-each-ref --format=%(refname)%00%(upstream:short)%00%(objectname)%00%(upstream:track)%00%(upstream:remotename)%00%(upstream:remoteref) refs/heads/CPA-11-log-in-to-the-application refs/remotes/CPA-11-log-in-to-the-application [5ms]
2024-06-05 15:05:40.955 [info] > git status -z -uall [17ms]
