2024-06-04 13:45:57.403 [info] Added views:workbench.panel.markers.view in workbench.panel.markers
2024-06-04 13:45:57.403 [info] Added views:workbench.panel.output in workbench.panel.output
2024-06-04 13:45:57.403 [info] Added views:terminal in terminal
2024-06-04 13:45:57.403 [info] Added views:outline in workbench.view.explorer
2024-06-04 13:45:57.403 [info] Added views:workbench.scm in workbench.view.scm
2024-06-04 13:45:57.403 [info] Added views:workbench.view.search in workbench.view.search
2024-06-04 13:45:57.403 [info] Added views:timeline in workbench.view.explorer
2024-06-04 13:45:57.403 [info] Added views:workbench.explorer.fileView in workbench.view.explorer
2024-06-04 13:45:57.701 [info] Added views:workbench.debug.welcome in workbench.view.debug
2024-06-04 13:45:58.360 [info] Added views:gitlens.views.home,gitlens.views.workspaces,gitlens.views.account in workbench.view.extension.gitlens
2024-06-04 13:45:58.360 [info] Added views:gitlens.views.commitDetails,gitlens.views.lineHistory,gitlens.views.fileHistory,gitlens.views.searchAndCompare in workbench.view.extension.gitlensInspect
2024-06-04 13:45:58.362 [info] Added views:gitlens.views.commits,gitlens.views.branches,gitlens.views.remotes,gitlens.views.stashes,gitlens.views.tags,gitlens.views.contributors in workbench.view.scm
2024-06-04 13:45:58.965 [info] Added views:workbench.panel.repl.view in workbench.panel.repl
2024-06-04 13:46:03.177 [info] Added views:gitlens.views.drafts in workbench.view.extension.gitlens
2024-06-04 13:46:03.808 [info] Added views:gitlens.views.graph,gitlens.views.graphDetails in workbench.view.extension.gitlensPanel
2024-06-04 13:46:03.821 [info] Added views:gitlens.views.timeline in workbench.view.extension.gitlensInspect
2024-06-04 13:46:03.823 [info] Added views:gitlens.views.worktrees in workbench.view.scm
2024-06-04 13:46:04.387 [info] Added views:~remote.forwardedPorts in ~remote.forwardedPortsContainer
2024-06-04 13:46:38.137 [info] Added views:workbench.view.testing in workbench.view.extension.test
2024-06-04 15:32:02.556 [info] Removed views:workbench.view.testing from workbench.view.extension.test
