2024-06-05 10:39:38.078 [info] Log level: Info
2024-06-05 10:39:38.078 [info] Validating found git in: "git"
2024-06-05 10:39:38.078 [info] Using git "2.45.2" from "git"
2024-06-05 10:39:38.078 [info] > git rev-parse --show-toplevel [10ms]
2024-06-05 10:39:38.078 [info] > git rev-parse --git-dir --git-common-dir [1ms]
2024-06-05 10:39:38.078 [info] Open repository: /home/saczky/CrisisPreventionProject
2024-06-05 10:39:38.117 [info] > git config --get commit.template [7ms]
2024-06-05 10:39:38.118 [info] > git rev-parse --show-toplevel [21ms]
2024-06-05 10:39:38.151 [info] > git rev-parse --show-toplevel [17ms]
2024-06-05 10:39:38.195 [info] > git for-each-ref --format=%(refname)%00%(upstream:short)%00%(objectname)%00%(upstream:track)%00%(upstream:remotename)%00%(upstream:remoteref) refs/heads/CPA-11-log-in-to-the-application refs/remotes/CPA-11-log-in-to-the-application [50ms]
2024-06-05 10:39:38.220 [info] > git rev-parse --show-toplevel [27ms]
2024-06-05 10:39:38.253 [info] > git status -z -uall [41ms]
2024-06-05 10:39:38.326 [info] > git config --get commit.template [28ms]
2024-06-05 10:39:38.330 [info] > git for-each-ref --format=%(refname)%00%(upstream:short)%00%(objectname)%00%(upstream:track)%00%(upstream:remotename)%00%(upstream:remoteref) refs/heads/CPA-11-log-in-to-the-application refs/remotes/CPA-11-log-in-to-the-application [5ms]
2024-06-05 10:39:38.428 [info] > git status -z -uall [79ms]
2024-06-05 10:39:40.330 [info] > git check-ignore -v -z --stdin [713ms]
2024-06-05 10:39:41.721 [info] > git show --textconv :frontend/src/screens/LoginScreen/LoginScreen.tsx [11ms]
2024-06-05 10:39:41.724 [info] > git ls-files --stage -- /home/saczky/CrisisPreventionProject/frontend/src/screens/LoginScreen/LoginScreen.tsx [3ms]
2024-06-05 10:39:41.735 [info] > git cat-file -s 65588dd2c4e9818942c24a2bbea6fc9cf7a84f17 [1ms]
2024-06-05 10:40:52.537 [info] > git check-ignore -v -z --stdin [6ms]
2024-06-05 10:40:54.050 [info] > git show --textconv :backend/requirements.txt [12ms]
2024-06-05 10:40:54.111 [info] > git ls-files --stage -- /home/saczky/CrisisPreventionProject/backend/requirements.txt [63ms]
2024-06-05 10:40:54.133 [info] > git cat-file -s 85b9109811bb725815d2a13e42b05c6edb3123d9 [14ms]
2024-06-05 10:43:32.906 [info] > git check-ignore -v -z --stdin [3ms]
2024-06-05 10:43:36.819 [info] > git show --textconv :backend/crisis_management_system/settings.py [46ms]
2024-06-05 10:43:36.876 [info] > git ls-files --stage -- /home/saczky/CrisisPreventionProject/backend/crisis_management_system/settings.py [76ms]
2024-06-05 10:43:37.033 [info] > git cat-file -s 99d0f92f998ee8305c3b8fab6b261b3dda71ef56 [147ms]
2024-06-05 10:44:15.381 [info] > git config --get commit.template [2ms]
2024-06-05 10:44:15.393 [info] > git for-each-ref --format=%(refname)%00%(upstream:short)%00%(objectname)%00%(upstream:track)%00%(upstream:remotename)%00%(upstream:remoteref) refs/heads/CPA-11-log-in-to-the-application refs/remotes/CPA-11-log-in-to-the-application [4ms]
2024-06-05 10:44:15.411 [info] > git status -z -uall [9ms]
2024-06-05 10:44:20.457 [info] > git config --get commit.template [17ms]
2024-06-05 10:44:20.459 [info] > git for-each-ref --format=%(refname)%00%(upstream:short)%00%(objectname)%00%(upstream:track)%00%(upstream:remotename)%00%(upstream:remoteref) refs/heads/CPA-11-log-in-to-the-application refs/remotes/CPA-11-log-in-to-the-application [5ms]
2024-06-05 10:44:20.493 [info] > git status -z -uall [20ms]
2024-06-05 10:44:47.266 [info] > git config --get commit.template [29ms]
2024-06-05 10:44:47.274 [info] > git for-each-ref --format=%(refname)%00%(upstream:short)%00%(objectname)%00%(upstream:track)%00%(upstream:remotename)%00%(upstream:remoteref) refs/heads/CPA-11-log-in-to-the-application refs/remotes/CPA-11-log-in-to-the-application [10ms]
2024-06-05 10:44:47.324 [info] > git status -z -uall [26ms]
2024-06-05 10:45:16.429 [info] > git show --textconv :frontend/App.tsx [10ms]
2024-06-05 10:45:16.431 [info] > git ls-files --stage -- /home/saczky/CrisisPreventionProject/frontend/App.tsx [2ms]
2024-06-05 10:45:16.443 [info] > git cat-file -s a16e8aec586e0112261537bdb564c2947842e95a [2ms]
2024-06-05 10:45:22.873 [info] > git config --get commit.template [8ms]
2024-06-05 10:45:22.873 [info] > git for-each-ref --format=%(refname)%00%(upstream:short)%00%(objectname)%00%(upstream:track)%00%(upstream:remotename)%00%(upstream:remoteref) refs/heads/CPA-11-log-in-to-the-application refs/remotes/CPA-11-log-in-to-the-application [2ms]
2024-06-05 10:45:22.887 [info] > git status -z -uall [8ms]
2024-06-05 10:47:01.814 [info] > git show --textconv :backend/crisis_management_system/settings.py [17ms]
2024-06-05 10:47:01.817 [info] > git ls-files --stage -- /home/saczky/CrisisPreventionProject/backend/crisis_management_system/settings.py [3ms]
2024-06-05 10:47:01.838 [info] > git cat-file -s 99d0f92f998ee8305c3b8fab6b261b3dda71ef56 [7ms]
2024-06-05 10:51:03.208 [info] > git show --textconv :frontend/App.tsx [16ms]
2024-06-05 10:51:03.210 [info] > git ls-files --stage -- /home/saczky/CrisisPreventionProject/frontend/App.tsx [3ms]
2024-06-05 10:51:03.238 [info] > git cat-file -s a16e8aec586e0112261537bdb564c2947842e95a [9ms]
2024-06-05 10:51:10.146 [info] > git show --textconv :frontend/src/api/instance.ts [11ms]
2024-06-05 10:51:10.148 [info] > git ls-files --stage -- /home/saczky/CrisisPreventionProject/frontend/src/api/instance.ts [2ms]
2024-06-05 10:51:10.162 [info] > git cat-file -s 9407f8a090f2008a623a85b4ce7f43cd4a960863 [2ms]
2024-06-05 10:51:14.376 [info] > git show --textconv :frontend/.env [18ms]
2024-06-05 10:51:14.378 [info] > git ls-files --stage -- /home/saczky/CrisisPreventionProject/frontend/.env [4ms]
2024-06-05 10:51:18.593 [info] > git config --get commit.template [18ms]
2024-06-05 10:51:18.598 [info] > git for-each-ref --format=%(refname)%00%(upstream:short)%00%(objectname)%00%(upstream:track)%00%(upstream:remotename)%00%(upstream:remoteref) refs/heads/CPA-11-log-in-to-the-application refs/remotes/CPA-11-log-in-to-the-application [7ms]
2024-06-05 10:51:18.634 [info] > git status -z -uall [22ms]
2024-06-05 10:53:14.963 [info] > git show --textconv :frontend/App.tsx [20ms]
2024-06-05 10:53:14.963 [info] > git ls-files --stage -- /home/saczky/CrisisPreventionProject/frontend/App.tsx [6ms]
2024-06-05 10:53:14.978 [info] > git cat-file -s a16e8aec586e0112261537bdb564c2947842e95a [2ms]
2024-06-05 10:53:16.508 [info] > git show --textconv :frontend/src/screens/LoginScreen/LoginScreen.tsx [17ms]
2024-06-05 10:53:16.509 [info] > git ls-files --stage -- /home/saczky/CrisisPreventionProject/frontend/src/screens/LoginScreen/LoginScreen.tsx [3ms]
2024-06-05 10:53:16.527 [info] > git cat-file -s 65588dd2c4e9818942c24a2bbea6fc9cf7a84f17 [3ms]
2024-06-05 10:53:19.638 [info] > git show --textconv :frontend/src/hooks/useUserLogin.ts [13ms]
2024-06-05 10:53:19.640 [info] > git ls-files --stage -- /home/saczky/CrisisPreventionProject/frontend/src/hooks/useUserLogin.ts [7ms]
2024-06-05 10:53:20.607 [info] > git show --textconv :frontend/src/screens/LoginScreen/LoginScreen.tsx [13ms]
2024-06-05 10:53:20.608 [info] > git ls-files --stage -- /home/saczky/CrisisPreventionProject/frontend/src/screens/LoginScreen/LoginScreen.tsx [2ms]
2024-06-05 10:53:20.623 [info] > git cat-file -s 65588dd2c4e9818942c24a2bbea6fc9cf7a84f17 [5ms]
2024-06-05 10:53:21.976 [info] > git show --textconv :frontend/.env [12ms]
2024-06-05 10:53:21.978 [info] > git ls-files --stage -- /home/saczky/CrisisPreventionProject/frontend/.env [3ms]
2024-06-05 10:53:23.428 [info] > git show --textconv :frontend/src/screens/LoginScreen/LoginScreen.tsx [17ms]
2024-06-05 10:53:23.429 [info] > git ls-files --stage -- /home/saczky/CrisisPreventionProject/frontend/src/screens/LoginScreen/LoginScreen.tsx [3ms]
2024-06-05 10:53:23.446 [info] > git cat-file -s 65588dd2c4e9818942c24a2bbea6fc9cf7a84f17 [2ms]
2024-06-05 10:53:33.063 [info] > git show --textconv :frontend/App.tsx [18ms]
2024-06-05 10:53:33.065 [info] > git ls-files --stage -- /home/saczky/CrisisPreventionProject/frontend/App.tsx [3ms]
2024-06-05 10:53:33.080 [info] > git cat-file -s a16e8aec586e0112261537bdb564c2947842e95a [2ms]
2024-06-05 10:53:35.495 [info] > git show --textconv :frontend/src/screens/LoginScreen/LoginScreen.tsx [15ms]
2024-06-05 10:53:35.504 [info] > git ls-files --stage -- /home/saczky/CrisisPreventionProject/frontend/src/screens/LoginScreen/LoginScreen.tsx [9ms]
2024-06-05 10:53:35.523 [info] > git cat-file -s 65588dd2c4e9818942c24a2bbea6fc9cf7a84f17 [8ms]
2024-06-05 10:53:39.378 [info] > git show --textconv :frontend/src/screens/RegistrationScreen/RegistrationScreen.tsx [25ms]
2024-06-05 10:53:39.381 [info] > git ls-files --stage -- /home/saczky/CrisisPreventionProject/frontend/src/screens/RegistrationScreen/RegistrationScreen.tsx [6ms]
2024-06-05 10:53:39.406 [info] > git cat-file -s e73316e0515609f8a789155774820bd41c243661 [8ms]
2024-06-05 10:53:40.948 [info] > git show --textconv :frontend/src/screens/LoginScreen/LoginScreen.tsx [15ms]
2024-06-05 10:53:40.953 [info] > git ls-files --stage -- /home/saczky/CrisisPreventionProject/frontend/src/screens/LoginScreen/LoginScreen.tsx [5ms]
2024-06-05 10:53:40.976 [info] > git cat-file -s 65588dd2c4e9818942c24a2bbea6fc9cf7a84f17 [10ms]
2024-06-05 10:53:49.438 [info] > git config --get commit.template [7ms]
2024-06-05 10:53:49.439 [info] > git for-each-ref --format=%(refname)%00%(upstream:short)%00%(objectname)%00%(upstream:track)%00%(upstream:remotename)%00%(upstream:remoteref) refs/heads/CPA-11-log-in-to-the-application refs/remotes/CPA-11-log-in-to-the-application [1ms]
2024-06-05 10:53:49.452 [info] > git status -z -uall [7ms]
2024-06-05 10:53:58.406 [info] > git show --textconv :frontend/src/screens/RegistrationScreen/RegistrationScreen.tsx [14ms]
2024-06-05 10:53:58.408 [info] > git ls-files --stage -- /home/saczky/CrisisPreventionProject/frontend/src/screens/RegistrationScreen/RegistrationScreen.tsx [3ms]
2024-06-05 10:53:58.419 [info] > git cat-file -s e73316e0515609f8a789155774820bd41c243661 [3ms]
2024-06-05 10:53:59.606 [info] > git show --textconv :frontend/src/screens/LoginScreen/LoginScreen.tsx [15ms]
2024-06-05 10:53:59.607 [info] > git ls-files --stage -- /home/saczky/CrisisPreventionProject/frontend/src/screens/LoginScreen/LoginScreen.tsx [6ms]
2024-06-05 10:53:59.619 [info] > git cat-file -s 65588dd2c4e9818942c24a2bbea6fc9cf7a84f17 [3ms]
2024-06-05 10:54:03.363 [info] > git config --get commit.template [15ms]
2024-06-05 10:54:03.366 [info] > git for-each-ref --format=%(refname)%00%(upstream:short)%00%(objectname)%00%(upstream:track)%00%(upstream:remotename)%00%(upstream:remoteref) refs/heads/CPA-11-log-in-to-the-application refs/remotes/CPA-11-log-in-to-the-application [4ms]
2024-06-05 10:54:03.386 [info] > git status -z -uall [8ms]
2024-06-05 10:54:03.479 [info] > git show --textconv :frontend/App.tsx [15ms]
2024-06-05 10:54:03.493 [info] > git ls-files --stage -- /home/saczky/CrisisPreventionProject/frontend/App.tsx [15ms]
2024-06-05 10:54:03.512 [info] > git cat-file -s a16e8aec586e0112261537bdb564c2947842e95a [12ms]
2024-06-05 10:54:06.811 [info] > git show --textconv :frontend/src/screens/LoginScreen/LoginScreen.tsx [16ms]
2024-06-05 10:54:06.813 [info] > git ls-files --stage -- /home/saczky/CrisisPreventionProject/frontend/src/screens/LoginScreen/LoginScreen.tsx [3ms]
2024-06-05 10:54:06.829 [info] > git cat-file -s 65588dd2c4e9818942c24a2bbea6fc9cf7a84f17 [3ms]
2024-06-05 10:54:07.746 [info] > git show --textconv :frontend/src/hooks/useUserLogin.ts [18ms]
2024-06-05 10:54:07.748 [info] > git ls-files --stage -- /home/saczky/CrisisPreventionProject/frontend/src/hooks/useUserLogin.ts [4ms]
2024-06-05 10:54:18.590 [info] > git config --get commit.template [11ms]
2024-06-05 10:54:18.591 [info] > git for-each-ref --format=%(refname)%00%(upstream:short)%00%(objectname)%00%(upstream:track)%00%(upstream:remotename)%00%(upstream:remoteref) refs/heads/CPA-11-log-in-to-the-application refs/remotes/CPA-11-log-in-to-the-application [2ms]
2024-06-05 10:54:18.607 [info] > git status -z -uall [8ms]
2024-06-05 10:54:47.398 [info] > git config --get commit.template [11ms]
2024-06-05 10:54:47.400 [info] > git for-each-ref --format=%(refname)%00%(upstream:short)%00%(objectname)%00%(upstream:track)%00%(upstream:remotename)%00%(upstream:remoteref) refs/heads/CPA-11-log-in-to-the-application refs/remotes/CPA-11-log-in-to-the-application [3ms]
2024-06-05 10:54:47.417 [info] > git status -z -uall [8ms]
2024-06-05 10:55:21.353 [info] > git show --textconv :frontend/.env [19ms]
2024-06-05 10:55:21.356 [info] > git ls-files --stage -- /home/saczky/CrisisPreventionProject/frontend/.env [5ms]
2024-06-05 10:55:25.416 [info] > git config --get commit.template [25ms]
2024-06-05 10:55:25.421 [info] > git for-each-ref --format=%(refname)%00%(upstream:short)%00%(objectname)%00%(upstream:track)%00%(upstream:remotename)%00%(upstream:remoteref) refs/heads/CPA-11-log-in-to-the-application refs/remotes/CPA-11-log-in-to-the-application [7ms]
2024-06-05 10:55:25.455 [info] > git status -z -uall [19ms]
2024-06-05 10:55:31.676 [info] > git show --textconv :frontend/src/api/instance.ts [17ms]
2024-06-05 10:55:31.677 [info] > git ls-files --stage -- /home/saczky/CrisisPreventionProject/frontend/src/api/instance.ts [9ms]
2024-06-05 10:55:31.692 [info] > git cat-file -s 9407f8a090f2008a623a85b4ce7f43cd4a960863 [5ms]
2024-06-05 10:57:29.635 [info] > git config --get commit.template [33ms]
2024-06-05 10:57:29.641 [info] > git for-each-ref --format=%(refname)%00%(upstream:short)%00%(objectname)%00%(upstream:track)%00%(upstream:remotename)%00%(upstream:remoteref) refs/heads/CPA-11-log-in-to-the-application refs/remotes/CPA-11-log-in-to-the-application [10ms]
2024-06-05 10:57:29.702 [info] > git status -z -uall [36ms]
2024-06-05 10:57:31.432 [info] > git show --textconv :frontend/src/hooks/useUserLogin.ts [16ms]
2024-06-05 10:57:31.434 [info] > git ls-files --stage -- /home/saczky/CrisisPreventionProject/frontend/src/hooks/useUserLogin.ts [3ms]
2024-06-05 10:57:34.810 [info] > git show --textconv :frontend/src/api/instance.ts [14ms]
2024-06-05 10:57:34.813 [info] > git ls-files --stage -- /home/saczky/CrisisPreventionProject/frontend/src/api/instance.ts [7ms]
2024-06-05 10:57:34.826 [info] > git cat-file -s 9407f8a090f2008a623a85b4ce7f43cd4a960863 [6ms]
2024-06-05 11:03:25.485 [info] > git check-ignore -v -z --stdin [14ms]
2024-06-05 11:03:26.914 [info] > git show --textconv :backend/user/apis.py [28ms]
2024-06-05 11:03:26.917 [info] > git ls-files --stage -- /home/saczky/CrisisPreventionProject/backend/user/apis.py [6ms]
2024-06-05 11:03:26.930 [info] > git cat-file -s c369d2b793524745e00403da92cd341a438d2774 [3ms]
2024-06-05 11:03:57.865 [info] > git show --textconv :backend/user/serializer.py [10ms]
2024-06-05 11:03:57.867 [info] > git ls-files --stage -- /home/saczky/CrisisPreventionProject/backend/user/serializer.py [3ms]
2024-06-05 11:03:57.877 [info] > git cat-file -s e65ff37e0d94ae921b98b559827e3096baaa1466 [2ms]
2024-06-05 11:20:58.451 [info] > git show --textconv :backend/user/apis.py [13ms]
2024-06-05 11:20:58.454 [info] > git ls-files --stage -- /home/saczky/CrisisPreventionProject/backend/user/apis.py [3ms]
2024-06-05 11:20:58.462 [info] > git cat-file -s c369d2b793524745e00403da92cd341a438d2774 [2ms]
2024-06-05 11:20:59.359 [info] > git show --textconv :frontend/src/api/instance.ts [16ms]
2024-06-05 11:20:59.362 [info] > git ls-files --stage -- /home/saczky/CrisisPreventionProject/frontend/src/api/instance.ts [12ms]
2024-06-05 11:20:59.378 [info] > git cat-file -s 9407f8a090f2008a623a85b4ce7f43cd4a960863 [3ms]
2024-06-05 11:21:00.313 [info] > git show --textconv :frontend/src/hooks/useUserLogin.ts [15ms]
2024-06-05 11:21:00.314 [info] > git ls-files --stage -- /home/saczky/CrisisPreventionProject/frontend/src/hooks/useUserLogin.ts [2ms]
2024-06-05 11:21:01.546 [info] > git show --textconv :frontend/src/screens/LoginScreen/LoginScreen.tsx [22ms]
2024-06-05 11:21:01.548 [info] > git ls-files --stage -- /home/saczky/CrisisPreventionProject/frontend/src/screens/LoginScreen/LoginScreen.tsx [5ms]
2024-06-05 11:21:01.565 [info] > git cat-file -s 65588dd2c4e9818942c24a2bbea6fc9cf7a84f17 [2ms]
2024-06-05 11:21:03.415 [info] > git show --textconv :frontend/src/hooks/useUserLogin.ts [14ms]
2024-06-05 11:21:03.416 [info] > git ls-files --stage -- /home/saczky/CrisisPreventionProject/frontend/src/hooks/useUserLogin.ts [2ms]
2024-06-05 11:24:01.749 [info] > git config --get commit.template [12ms]
2024-06-05 11:24:01.755 [info] > git for-each-ref --format=%(refname)%00%(upstream:short)%00%(objectname)%00%(upstream:track)%00%(upstream:remotename)%00%(upstream:remoteref) refs/heads/CPA-11-log-in-to-the-application refs/remotes/CPA-11-log-in-to-the-application [8ms]
2024-06-05 11:24:01.786 [info] > git status -z -uall [22ms]
2024-06-05 11:28:20.191 [info] > git ls-files --stage -- /home/saczky/CrisisPreventionProject/backend/user/apis.py [4ms]
2024-06-05 11:28:20.205 [info] > git show --textconv :backend/user/apis.py [34ms]
2024-06-05 11:28:20.207 [info] > git cat-file -s c369d2b793524745e00403da92cd341a438d2774 [2ms]
2024-06-05 11:31:18.284 [info] > git show --textconv :frontend/src/hooks/useUserLogin.ts [14ms]
2024-06-05 11:31:18.288 [info] > git ls-files --stage -- /home/saczky/CrisisPreventionProject/frontend/src/hooks/useUserLogin.ts [7ms]
2024-06-05 11:36:22.250 [info] > git show --textconv :frontend/src/api/instance.ts [33ms]
2024-06-05 11:36:22.256 [info] > git ls-files --stage -- /home/saczky/CrisisPreventionProject/frontend/src/api/instance.ts [23ms]
2024-06-05 11:36:22.277 [info] > git cat-file -s 9407f8a090f2008a623a85b4ce7f43cd4a960863 [9ms]
2024-06-05 11:36:23.315 [info] > git show --textconv :frontend/src/hooks/useUserLogin.ts [11ms]
2024-06-05 11:36:23.322 [info] > git ls-files --stage -- /home/saczky/CrisisPreventionProject/frontend/src/hooks/useUserLogin.ts [8ms]
2024-06-05 11:39:01.543 [info] > git show --textconv :frontend/src/api/instance.ts [40ms]
2024-06-05 11:39:01.545 [info] > git ls-files --stage -- /home/saczky/CrisisPreventionProject/frontend/src/api/instance.ts [12ms]
2024-06-05 11:39:01.572 [info] > git cat-file -s 9407f8a090f2008a623a85b4ce7f43cd4a960863 [7ms]
2024-06-05 11:39:05.351 [info] > git config --get commit.template [8ms]
2024-06-05 11:39:05.358 [info] > git for-each-ref --format=%(refname)%00%(upstream:short)%00%(objectname)%00%(upstream:track)%00%(upstream:remotename)%00%(upstream:remoteref) refs/heads/CPA-11-log-in-to-the-application refs/remotes/CPA-11-log-in-to-the-application [7ms]
2024-06-05 11:39:05.389 [info] > git status -z -uall [22ms]
2024-06-05 11:39:40.420 [info] > git config --get commit.template [19ms]
2024-06-05 11:39:40.424 [info] > git for-each-ref --format=%(refname)%00%(upstream:short)%00%(objectname)%00%(upstream:track)%00%(upstream:remotename)%00%(upstream:remoteref) refs/heads/CPA-11-log-in-to-the-application refs/remotes/CPA-11-log-in-to-the-application [4ms]
2024-06-05 11:39:40.464 [info] > git status -z -uall [13ms]
2024-06-05 11:39:46.109 [info] > git check-ignore -v -z --stdin [7ms]
2024-06-05 11:39:47.178 [info] > git config --get commit.template [4ms]
2024-06-05 11:39:47.196 [info] > git for-each-ref --format=%(refname)%00%(upstream:short)%00%(objectname)%00%(upstream:track)%00%(upstream:remotename)%00%(upstream:remoteref) refs/heads/CPA-11-log-in-to-the-application refs/remotes/CPA-11-log-in-to-the-application [4ms]
2024-06-05 11:39:47.211 [info] > git status -z -uall [5ms]
2024-06-05 11:39:52.226 [info] > git config --get commit.template [2ms]
2024-06-05 11:39:52.235 [info] > git for-each-ref --format=%(refname)%00%(upstream:short)%00%(objectname)%00%(upstream:track)%00%(upstream:remotename)%00%(upstream:remoteref) refs/heads/CPA-11-log-in-to-the-application refs/remotes/CPA-11-log-in-to-the-application [2ms]
2024-06-05 11:39:52.244 [info] > git status -z -uall [3ms]
2024-06-05 11:40:00.049 [info] > git config --get commit.template [7ms]
2024-06-05 11:40:00.050 [info] > git for-each-ref --format=%(refname)%00%(upstream:short)%00%(objectname)%00%(upstream:track)%00%(upstream:remotename)%00%(upstream:remoteref) refs/heads/CPA-11-log-in-to-the-application refs/remotes/CPA-11-log-in-to-the-application [1ms]
2024-06-05 11:40:00.059 [info] > git status -z -uall [4ms]
2024-06-05 11:40:05.093 [info] > git config --get commit.template [17ms]
2024-06-05 11:40:05.095 [info] > git for-each-ref --format=%(refname)%00%(upstream:short)%00%(objectname)%00%(upstream:track)%00%(upstream:remotename)%00%(upstream:remoteref) refs/heads/CPA-11-log-in-to-the-application refs/remotes/CPA-11-log-in-to-the-application [4ms]
2024-06-05 11:40:05.117 [info] > git status -z -uall [8ms]
2024-06-05 11:40:16.902 [info] > git show --textconv :frontend/node_modules/@react-native-cookies/cookies/index.d.ts [24ms]
2024-06-05 11:40:16.904 [info] > git ls-files --stage -- /home/saczky/CrisisPreventionProject/frontend/node_modules/@react-native-cookies/cookies/index.d.ts [3ms]
2024-06-05 11:40:16.952 [info] > git check-ignore -v -z --stdin [2ms]
2024-06-05 11:40:31.998 [info] > git show --textconv :frontend/src/api/instance.ts [16ms]
2024-06-05 11:40:32.001 [info] > git ls-files --stage -- /home/saczky/CrisisPreventionProject/frontend/src/api/instance.ts [5ms]
2024-06-05 11:40:32.017 [info] > git cat-file -s 9407f8a090f2008a623a85b4ce7f43cd4a960863 [4ms]
2024-06-05 11:40:50.133 [info] > git config --get commit.template [13ms]
2024-06-05 11:40:50.135 [info] > git for-each-ref --format=%(refname)%00%(upstream:short)%00%(objectname)%00%(upstream:track)%00%(upstream:remotename)%00%(upstream:remoteref) refs/heads/CPA-11-log-in-to-the-application refs/remotes/CPA-11-log-in-to-the-application [3ms]
2024-06-05 11:40:50.146 [info] > git status -z -uall [4ms]
2024-06-05 11:41:37.035 [info] > git config --get commit.template [8ms]
2024-06-05 11:41:37.039 [info] > git for-each-ref --format=%(refname)%00%(upstream:short)%00%(objectname)%00%(upstream:track)%00%(upstream:remotename)%00%(upstream:remoteref) refs/heads/CPA-11-log-in-to-the-application refs/remotes/CPA-11-log-in-to-the-application [4ms]
2024-06-05 11:41:37.054 [info] > git status -z -uall [9ms]
2024-06-05 11:43:04.545 [info] > git config --get commit.template [25ms]
2024-06-05 11:43:04.552 [info] > git for-each-ref --format=%(refname)%00%(upstream:short)%00%(objectname)%00%(upstream:track)%00%(upstream:remotename)%00%(upstream:remoteref) refs/heads/CPA-11-log-in-to-the-application refs/remotes/CPA-11-log-in-to-the-application [11ms]
2024-06-05 11:43:04.590 [info] > git status -z -uall [14ms]
2024-06-05 11:43:27.351 [info] > git config --get commit.template [37ms]
2024-06-05 11:43:27.362 [info] > git for-each-ref --format=%(refname)%00%(upstream:short)%00%(objectname)%00%(upstream:track)%00%(upstream:remotename)%00%(upstream:remoteref) refs/heads/CPA-11-log-in-to-the-application refs/remotes/CPA-11-log-in-to-the-application [18ms]
2024-06-05 11:43:27.413 [info] > git status -z -uall [23ms]
2024-06-05 11:46:53.197 [info] > git config --get commit.template [26ms]
2024-06-05 11:46:53.211 [info] > git for-each-ref --format=%(refname)%00%(upstream:short)%00%(objectname)%00%(upstream:track)%00%(upstream:remotename)%00%(upstream:remoteref) refs/heads/CPA-11-log-in-to-the-application refs/remotes/CPA-11-log-in-to-the-application [15ms]
2024-06-05 11:46:53.238 [info] > git status -z -uall [17ms]
2024-06-05 11:46:53.371 [info] > git check-ignore -v -z --stdin [2ms]
2024-06-05 11:47:31.927 [info] > git config --get commit.template [32ms]
2024-06-05 11:47:31.935 [info] > git for-each-ref --format=%(refname)%00%(upstream:short)%00%(objectname)%00%(upstream:track)%00%(upstream:remotename)%00%(upstream:remoteref) refs/heads/CPA-11-log-in-to-the-application refs/remotes/CPA-11-log-in-to-the-application [11ms]
2024-06-05 11:47:31.987 [info] > git status -z -uall [18ms]
