2024-06-05 09:27:53.772 [info] Log level: Info
2024-06-05 09:27:53.772 [info] Validating found git in: "git"
2024-06-05 09:27:53.772 [info] Using git "2.45.2" from "git"
2024-06-05 09:27:53.772 [info] > git rev-parse --show-toplevel [13ms]
2024-06-05 09:27:53.772 [info] > git rev-parse --git-dir --git-common-dir [8ms]
2024-06-05 09:27:53.772 [info] Open repository: /home/saczky/CrisisPreventionProject
2024-06-05 09:27:53.817 [info] > git config --get commit.template [18ms]
2024-06-05 09:27:53.856 [info] > git rev-parse --show-toplevel [54ms]
2024-06-05 09:27:53.895 [info] > git rev-parse --show-toplevel [7ms]
2024-06-05 09:27:53.896 [info] > git for-each-ref --format=%(refname)%00%(upstream:short)%00%(objectname)%00%(upstream:track)%00%(upstream:remotename)%00%(upstream:remoteref) refs/heads/CPA-19-create-layout-for-the-home-page refs/remotes/CPA-19-create-layout-for-the-home-page [21ms]
2024-06-05 09:27:53.919 [info] > git rev-parse --show-toplevel [17ms]
2024-06-05 09:27:53.922 [info] > git status -z -uall [4ms]
2024-06-05 09:27:53.996 [info] > git merge-base refs/heads/CPA-19-create-layout-for-the-home-page refs/remotes/origin/CPA-19-create-layout-for-the-home-page [57ms]
2024-06-05 09:27:54.018 [info] > git rev-list --count --left-right refs/heads/CPA-19-create-layout-for-the-home-page...refs/remotes/origin/CPA-19-create-layout-for-the-home-page [14ms]
2024-06-05 09:27:54.038 [info] > git config --get commit.template [47ms]
2024-06-05 09:27:54.054 [info] > git diff --name-status -z --diff-filter=ADMR dbb88b8b0fba97632708c5891a0eab7db06ce368...refs/remotes/origin/CPA-19-create-layout-for-the-home-page [16ms]
2024-06-05 09:27:55.127 [info] > git check-ignore -v -z --stdin [26ms]
2024-06-05 09:27:55.129 [info] > git for-each-ref --format=%(refname)%00%(upstream:short)%00%(objectname)%00%(upstream:track)%00%(upstream:remotename)%00%(upstream:remoteref) refs/heads/CPA-19-create-layout-for-the-home-page refs/remotes/CPA-19-create-layout-for-the-home-page [1060ms]
2024-06-05 09:27:55.756 [info] > git status -z -uall [17ms]
2024-06-05 09:27:55.846 [info] > git show --textconv :frontend/src/constants/colors.ts [13ms]
2024-06-05 09:27:55.846 [info] > git ls-files --stage -- /home/saczky/CrisisPreventionProject/frontend/src/constants/colors.ts [2ms]
2024-06-05 09:27:55.883 [info] > git cat-file -s 14ffe4f4e423917227b1d4aadf3af1ec72c046c6 [32ms]
2024-06-05 09:28:21.794 [info] > git check-ignore -v -z --stdin [7ms]
2024-06-05 09:28:21.881 [info] > git config --get commit.template [25ms]
2024-06-05 09:28:21.884 [info] > git for-each-ref --format=%(refname)%00%(upstream:short)%00%(objectname)%00%(upstream:track)%00%(upstream:remotename)%00%(upstream:remoteref) refs/heads/CPA-28-create-a-layout-for-the-physical-form-page refs/remotes/CPA-28-create-a-layout-for-the-physical-form-page [6ms]
2024-06-05 09:28:21.922 [info] > git status -z -uall [18ms]
2024-06-05 09:28:21.950 [info] > git merge-base refs/heads/CPA-28-create-a-layout-for-the-physical-form-page refs/remotes/origin/CPA-28-create-a-layout-for-the-physical-form-page [11ms]
2024-06-05 09:28:21.983 [info] > git rev-list --count --left-right refs/heads/CPA-28-create-a-layout-for-the-physical-form-page...refs/remotes/origin/CPA-28-create-a-layout-for-the-physical-form-page [16ms]
2024-06-05 09:28:22.002 [info] > git diff --name-status -z --diff-filter=ADMR 6efb6161e21373addbee3c0b6c87a4bef1acc655...refs/remotes/origin/CPA-28-create-a-layout-for-the-physical-form-page [6ms]
2024-06-05 09:28:28.261 [info] > git show --textconv :frontend/src/components/ClickableOutlinedCard/ClickableOutlinedCard.tsx [39ms]
2024-06-05 09:28:28.263 [info] > git ls-files --stage -- /home/saczky/CrisisPreventionProject/frontend/src/components/ClickableOutlinedCard/ClickableOutlinedCard.tsx [15ms]
2024-06-05 09:28:28.281 [info] > git cat-file -s ab5e23cbc1e870a83f5eab8fd3ab7602aa788b68 [8ms]
2024-06-05 09:28:30.462 [info] > git check-ignore -v -z --stdin [1ms]
2024-06-05 09:28:32.928 [info] > git check-ignore -v -z --stdin [5ms]
2024-06-05 09:28:33.590 [info] > git show --textconv :frontend/src/components/UnpressableRadioButton/UnpressableRadioButton.tsx [5ms]
2024-06-05 09:28:33.596 [info] > git ls-files --stage -- /home/saczky/CrisisPreventionProject/frontend/src/components/UnpressableRadioButton/UnpressableRadioButton.tsx [7ms]
2024-06-05 09:28:33.602 [info] > git cat-file -s 3527a5ba2f3054a6771788132c3b82f72a9d0d28 [1ms]
2024-06-05 09:28:46.837 [info] > git config --get commit.template [5ms]
2024-06-05 09:28:46.838 [info] > git for-each-ref --format=%(refname)%00%(upstream:short)%00%(objectname)%00%(upstream:track)%00%(upstream:remotename)%00%(upstream:remoteref) refs/heads/CPA-28-create-a-layout-for-the-physical-form-page refs/remotes/CPA-28-create-a-layout-for-the-physical-form-page [2ms]
2024-06-05 09:28:46.847 [info] > git status -z -uall [5ms]
2024-06-05 09:29:08.583 [info] > git for-each-ref --format=%(refname)%00%(upstream:short)%00%(objectname)%00%(upstream:track)%00%(upstream:remotename)%00%(upstream:remoteref) refs/heads/CPA-28-create-a-layout-for-the-physical-form-page refs/remotes/CPA-28-create-a-layout-for-the-physical-form-page [2ms]
2024-06-05 09:29:08.583 [info] > git config --get commit.template [7ms]
2024-06-05 09:29:08.592 [info] > git status -z -uall [5ms]
2024-06-05 09:29:14.349 [info] > git config --get commit.template [15ms]
2024-06-05 09:29:14.351 [info] > git for-each-ref --format=%(refname)%00%(upstream:short)%00%(objectname)%00%(upstream:track)%00%(upstream:remotename)%00%(upstream:remoteref) refs/heads/CPA-28-create-a-layout-for-the-physical-form-page refs/remotes/CPA-28-create-a-layout-for-the-physical-form-page [3ms]
2024-06-05 09:29:14.363 [info] > git status -z -uall [5ms]
2024-06-05 09:29:26.572 [info] > git check-ignore -v -z --stdin [0ms]
2024-06-05 09:29:27.642 [info] > git show --textconv :frontend/src/screens/PhysicalFormScreen/PhysicalFormScreen.tsx [19ms]
2024-06-05 09:29:27.648 [info] > git ls-files --stage -- /home/saczky/CrisisPreventionProject/frontend/src/screens/PhysicalFormScreen/PhysicalFormScreen.tsx [8ms]
2024-06-05 09:29:27.665 [info] > git cat-file -s 94242eeaf65684a33a0bbf2f5f85a9a183ab4ebb [8ms]
2024-06-05 09:30:27.373 [info] > git show --textconv :frontend/src/constants/colors.ts [7ms]
2024-06-05 09:30:27.374 [info] > git ls-files --stage -- /home/saczky/CrisisPreventionProject/frontend/src/constants/colors.ts [2ms]
2024-06-05 09:30:27.388 [info] > git cat-file -s cc5d9bb4f53942f7f96ca6e51f7d97d15a0afdc2 [1ms]
2024-06-05 09:34:12.835 [info] > git config --get commit.template [5ms]
2024-06-05 09:34:12.837 [info] > git for-each-ref --format=%(refname)%00%(upstream:short)%00%(objectname)%00%(upstream:track)%00%(upstream:remotename)%00%(upstream:remoteref) refs/heads/CPA-28-create-a-layout-for-the-physical-form-page refs/remotes/CPA-28-create-a-layout-for-the-physical-form-page [2ms]
2024-06-05 09:34:12.854 [info] > git status -z -uall [11ms]
2024-06-05 09:34:19.128 [info] > git show --textconv :frontend/src/components/ClickableOutlinedCard/ClickableOutlinedCard.tsx [17ms]
2024-06-05 09:34:19.140 [info] > git ls-files --stage -- /home/saczky/CrisisPreventionProject/frontend/src/components/ClickableOutlinedCard/ClickableOutlinedCard.tsx [13ms]
2024-06-05 09:34:19.157 [info] > git cat-file -s ab5e23cbc1e870a83f5eab8fd3ab7602aa788b68 [10ms]
2024-06-05 09:34:20.086 [info] > git show --textconv :frontend/src/components/ClickableOutlinedCard/ClickableOutlinedCard.styles.ts [11ms]
2024-06-05 09:34:20.087 [info] > git ls-files --stage -- /home/saczky/CrisisPreventionProject/frontend/src/components/ClickableOutlinedCard/ClickableOutlinedCard.styles.ts [6ms]
2024-06-05 09:34:20.093 [info] > git cat-file -s 42195ce4ec23071b1dd79a4243fd2d62359dc0a0 [1ms]
2024-06-05 09:34:24.719 [info] > git show --textconv :frontend/src/constants/colors.ts [11ms]
2024-06-05 09:34:24.724 [info] > git ls-files --stage -- /home/saczky/CrisisPreventionProject/frontend/src/constants/colors.ts [6ms]
2024-06-05 09:34:24.735 [info] > git cat-file -s cc5d9bb4f53942f7f96ca6e51f7d97d15a0afdc2 [6ms]
2024-06-05 09:34:24.874 [info] > git config --get commit.template [13ms]
2024-06-05 09:34:24.874 [info] > git for-each-ref --format=%(refname)%00%(upstream:short)%00%(objectname)%00%(upstream:track)%00%(upstream:remotename)%00%(upstream:remoteref) refs/heads/CPA-28-create-a-layout-for-the-physical-form-page refs/remotes/CPA-28-create-a-layout-for-the-physical-form-page [3ms]
2024-06-05 09:34:24.889 [info] > git status -z -uall [10ms]
2024-06-05 09:34:26.444 [info] > git show --textconv :frontend/src/components/UnpressableRadioButton/UnpressableRadioButton.tsx [18ms]
2024-06-05 09:34:26.455 [info] > git ls-files --stage -- /home/saczky/CrisisPreventionProject/frontend/src/components/UnpressableRadioButton/UnpressableRadioButton.tsx [11ms]
2024-06-05 09:34:26.472 [info] > git cat-file -s 3527a5ba2f3054a6771788132c3b82f72a9d0d28 [4ms]
2024-06-05 09:34:30.892 [info] > git show --textconv :frontend/src/screens/PhysicalFormScreen/PhysicalFormScreen.styles.ts [19ms]
2024-06-05 09:34:30.892 [info] > git ls-files --stage -- /home/saczky/CrisisPreventionProject/frontend/src/screens/PhysicalFormScreen/PhysicalFormScreen.styles.ts [4ms]
2024-06-05 09:34:30.907 [info] > git cat-file -s b0ca0d226e3e37c5f42d23b90da461f8c1a2d4fc [2ms]
2024-06-05 09:38:01.748 [info] > git show --textconv :frontend/src/screens/PhysicalFormScreen/PhysicalFormScreen.types.ts [6ms]
2024-06-05 09:38:01.749 [info] > git ls-files --stage -- /home/saczky/CrisisPreventionProject/frontend/src/screens/PhysicalFormScreen/PhysicalFormScreen.types.ts [2ms]
2024-06-05 09:38:01.760 [info] > git cat-file -s e69de29bb2d1d6434b8b29ae775ad8c2e48c5391 [1ms]
2024-06-05 09:38:02.424 [info] > git show --textconv :frontend/src/screens/PhysicalFormScreen/PhysicalFormScreen.tsx [17ms]
2024-06-05 09:38:02.424 [info] > git ls-files --stage -- /home/saczky/CrisisPreventionProject/frontend/src/screens/PhysicalFormScreen/PhysicalFormScreen.tsx [3ms]
2024-06-05 09:38:02.434 [info] > git cat-file -s 94242eeaf65684a33a0bbf2f5f85a9a183ab4ebb [2ms]
2024-06-05 09:38:27.066 [info] > git show --textconv :frontend/src/screens/PhysicalFormScreen/PhysicalFormScreen.styles.ts [6ms]
2024-06-05 09:38:27.067 [info] > git ls-files --stage -- /home/saczky/CrisisPreventionProject/frontend/src/screens/PhysicalFormScreen/PhysicalFormScreen.styles.ts [1ms]
2024-06-05 09:38:27.083 [info] > git cat-file -s b0ca0d226e3e37c5f42d23b90da461f8c1a2d4fc [3ms]
2024-06-05 09:38:31.143 [info] > git show --textconv :frontend/src/screens/PhysicalFormScreen/PhysicalFormScreen.tsx [10ms]
2024-06-05 09:38:31.144 [info] > git ls-files --stage -- /home/saczky/CrisisPreventionProject/frontend/src/screens/PhysicalFormScreen/PhysicalFormScreen.tsx [2ms]
2024-06-05 09:38:31.158 [info] > git cat-file -s 94242eeaf65684a33a0bbf2f5f85a9a183ab4ebb [8ms]
2024-06-05 09:38:35.357 [info] > git config --get commit.template [4ms]
2024-06-05 09:38:35.358 [info] > git for-each-ref --format=%(refname)%00%(upstream:short)%00%(objectname)%00%(upstream:track)%00%(upstream:remotename)%00%(upstream:remoteref) refs/heads/CPA-28-create-a-layout-for-the-physical-form-page refs/remotes/CPA-28-create-a-layout-for-the-physical-form-page [1ms]
2024-06-05 09:38:35.366 [info] > git status -z -uall [4ms]
2024-06-05 09:38:54.827 [info] > git config --get commit.template [5ms]
2024-06-05 09:38:54.827 [info] > git for-each-ref --format=%(refname)%00%(upstream:short)%00%(objectname)%00%(upstream:track)%00%(upstream:remotename)%00%(upstream:remoteref) refs/heads/CPA-28-create-a-layout-for-the-physical-form-page refs/remotes/CPA-28-create-a-layout-for-the-physical-form-page [1ms]
2024-06-05 09:38:54.836 [info] > git status -z -uall [4ms]
2024-06-05 09:38:59.848 [info] > git config --get commit.template [5ms]
2024-06-05 09:38:59.848 [info] > git for-each-ref --format=%(refname)%00%(upstream:short)%00%(objectname)%00%(upstream:track)%00%(upstream:remotename)%00%(upstream:remoteref) refs/heads/CPA-28-create-a-layout-for-the-physical-form-page refs/remotes/CPA-28-create-a-layout-for-the-physical-form-page [1ms]
2024-06-05 09:38:59.856 [info] > git status -z -uall [4ms]
2024-06-05 09:41:00.943 [info] > git config --get commit.template [10ms]
2024-06-05 09:41:00.990 [info] > git ls-files --stage -- /home/saczky/CrisisPreventionProject/frontend/src/screens/PhysicalFormScreen/PhysicalFormScreen.tsx [23ms]
2024-06-05 09:41:01.014 [info] > git for-each-ref --format=%(refname)%00%(upstream:short)%00%(objectname)%00%(upstream:track)%00%(upstream:remotename)%00%(upstream:remoteref) refs/heads/CPA-28-create-a-layout-for-the-physical-form-page refs/remotes/CPA-28-create-a-layout-for-the-physical-form-page [29ms]
2024-06-05 09:41:01.033 [info] > git cat-file -s 2078b607d4420a15716b10cb06467ab154d7c21f [20ms]
2024-06-05 09:41:01.046 [info] > git status -z -uall [13ms]
2024-06-05 09:41:01.161 [info] > git show --textconv :frontend/src/screens/PhysicalFormScreen/PhysicalFormScreen.tsx [9ms]
2024-06-05 09:43:03.199 [info] > git show --textconv :frontend/App.tsx [15ms]
2024-06-05 09:43:03.201 [info] > git ls-files --stage -- /home/saczky/CrisisPreventionProject/frontend/App.tsx [3ms]
2024-06-05 09:43:03.217 [info] > git cat-file -s e8481efa8b61e41cb3555cdac78e61ba16e865f4 [3ms]
2024-06-05 09:43:21.442 [info] > git config --get commit.template [6ms]
2024-06-05 09:43:21.447 [info] > git for-each-ref --format=%(refname)%00%(upstream:short)%00%(objectname)%00%(upstream:track)%00%(upstream:remotename)%00%(upstream:remoteref) refs/heads/CPA-28-create-a-layout-for-the-physical-form-page refs/remotes/CPA-28-create-a-layout-for-the-physical-form-page [5ms]
2024-06-05 09:43:21.463 [info] > git status -z -uall [9ms]
2024-06-05 09:46:45.441 [info] > git config --get commit.template [7ms]
2024-06-05 09:46:45.447 [info] > git for-each-ref --format=%(refname)%00%(upstream:short)%00%(objectname)%00%(upstream:track)%00%(upstream:remotename)%00%(upstream:remoteref) refs/heads/CPA-28-create-a-layout-for-the-physical-form-page refs/remotes/CPA-28-create-a-layout-for-the-physical-form-page [9ms]
2024-06-05 09:46:45.466 [info] > git status -z -uall [14ms]
2024-06-05 09:46:51.847 [info] > git config --get commit.template [10ms]
2024-06-05 09:46:51.848 [info] > git for-each-ref --format=%(refname)%00%(upstream:short)%00%(objectname)%00%(upstream:track)%00%(upstream:remotename)%00%(upstream:remoteref) refs/heads/CPA-28-create-a-layout-for-the-physical-form-page refs/remotes/CPA-28-create-a-layout-for-the-physical-form-page [2ms]
2024-06-05 09:46:51.855 [info] > git status -z -uall [2ms]
2024-06-05 09:46:58.536 [info] > git config --get commit.template [6ms]
2024-06-05 09:46:58.537 [info] > git for-each-ref --format=%(refname)%00%(upstream:short)%00%(objectname)%00%(upstream:track)%00%(upstream:remotename)%00%(upstream:remoteref) refs/heads/CPA-28-create-a-layout-for-the-physical-form-page refs/remotes/CPA-28-create-a-layout-for-the-physical-form-page [1ms]
2024-06-05 09:46:58.545 [info] > git status -z -uall [2ms]
2024-06-05 09:47:09.691 [info] > git config --get commit.template [8ms]
2024-06-05 09:47:09.693 [info] > git for-each-ref --format=%(refname)%00%(upstream:short)%00%(objectname)%00%(upstream:track)%00%(upstream:remotename)%00%(upstream:remoteref) refs/heads/CPA-28-create-a-layout-for-the-physical-form-page refs/remotes/CPA-28-create-a-layout-for-the-physical-form-page [2ms]
2024-06-05 09:47:09.703 [info] > git status -z -uall [3ms]
2024-06-05 09:47:14.719 [info] > git config --get commit.template [5ms]
2024-06-05 09:47:14.720 [info] > git for-each-ref --format=%(refname)%00%(upstream:short)%00%(objectname)%00%(upstream:track)%00%(upstream:remotename)%00%(upstream:remoteref) refs/heads/CPA-28-create-a-layout-for-the-physical-form-page refs/remotes/CPA-28-create-a-layout-for-the-physical-form-page [2ms]
2024-06-05 09:47:14.726 [info] > git status -z -uall [1ms]
2024-06-05 09:47:19.747 [info] > git config --get commit.template [9ms]
2024-06-05 09:47:19.748 [info] > git for-each-ref --format=%(refname)%00%(upstream:short)%00%(objectname)%00%(upstream:track)%00%(upstream:remotename)%00%(upstream:remoteref) refs/heads/CPA-28-create-a-layout-for-the-physical-form-page refs/remotes/CPA-28-create-a-layout-for-the-physical-form-page [2ms]
2024-06-05 09:47:19.758 [info] > git status -z -uall [2ms]
2024-06-05 09:48:00.708 [info] > git config --get commit.template [6ms]
2024-06-05 09:48:00.709 [info] > git for-each-ref --format=%(refname)%00%(upstream:short)%00%(objectname)%00%(upstream:track)%00%(upstream:remotename)%00%(upstream:remoteref) refs/heads/CPA-28-create-a-layout-for-the-physical-form-page refs/remotes/CPA-28-create-a-layout-for-the-physical-form-page [2ms]
2024-06-05 09:48:00.720 [info] > git status -z -uall [2ms]
2024-06-05 09:48:39.460 [info] > git config --get commit.template [6ms]
2024-06-05 09:48:39.460 [info] > git for-each-ref --format=%(refname)%00%(upstream:short)%00%(objectname)%00%(upstream:track)%00%(upstream:remotename)%00%(upstream:remoteref) refs/heads/CPA-28-create-a-layout-for-the-physical-form-page refs/remotes/CPA-28-create-a-layout-for-the-physical-form-page [1ms]
2024-06-05 09:48:39.467 [info] > git status -z -uall [2ms]
2024-06-05 09:50:48.291 [info] > git config --get commit.template [7ms]
2024-06-05 09:50:48.292 [info] > git for-each-ref --format=%(refname)%00%(upstream:short)%00%(objectname)%00%(upstream:track)%00%(upstream:remotename)%00%(upstream:remoteref) refs/heads/CPA-28-create-a-layout-for-the-physical-form-page refs/remotes/CPA-28-create-a-layout-for-the-physical-form-page [2ms]
2024-06-05 09:50:48.300 [info] > git status -z -uall [2ms]
2024-06-05 09:50:59.776 [info] > git config --get commit.template [5ms]
2024-06-05 09:50:59.776 [info] > git for-each-ref --format=%(refname)%00%(upstream:short)%00%(objectname)%00%(upstream:track)%00%(upstream:remotename)%00%(upstream:remoteref) refs/heads/CPA-28-create-a-layout-for-the-physical-form-page refs/remotes/CPA-28-create-a-layout-for-the-physical-form-page [1ms]
2024-06-05 09:50:59.782 [info] > git status -z -uall [1ms]
2024-06-05 09:51:31.045 [info] > git config --get commit.template [5ms]
2024-06-05 09:51:31.046 [info] > git for-each-ref --format=%(refname)%00%(upstream:short)%00%(objectname)%00%(upstream:track)%00%(upstream:remotename)%00%(upstream:remoteref) refs/heads/CPA-28-create-a-layout-for-the-physical-form-page refs/remotes/CPA-28-create-a-layout-for-the-physical-form-page [2ms]
2024-06-05 09:51:31.052 [info] > git status -z -uall [2ms]
2024-06-05 09:52:36.081 [info] > git config --get commit.template [2ms]
2024-06-05 09:52:36.088 [info] > git for-each-ref --format=%(refname)%00%(upstream:short)%00%(objectname)%00%(upstream:track)%00%(upstream:remotename)%00%(upstream:remoteref) refs/heads/CPA-28-create-a-layout-for-the-physical-form-page refs/remotes/CPA-28-create-a-layout-for-the-physical-form-page [1ms]
2024-06-05 09:52:36.096 [info] > git status -z -uall [2ms]
2024-06-05 09:53:02.973 [info] > git config --get commit.template [8ms]
2024-06-05 09:53:02.974 [info] > git for-each-ref --format=%(refname)%00%(upstream:short)%00%(objectname)%00%(upstream:track)%00%(upstream:remotename)%00%(upstream:remoteref) refs/heads/CPA-28-create-a-layout-for-the-physical-form-page refs/remotes/CPA-28-create-a-layout-for-the-physical-form-page [2ms]
2024-06-05 09:53:02.985 [info] > git status -z -uall [3ms]
2024-06-05 10:16:02.736 [info] > git config --get commit.template [19ms]
2024-06-05 10:16:02.738 [info] > git for-each-ref --format=%(refname)%00%(upstream:short)%00%(objectname)%00%(upstream:track)%00%(upstream:remotename)%00%(upstream:remoteref) refs/heads/CPA-28-create-a-layout-for-the-physical-form-page refs/remotes/CPA-28-create-a-layout-for-the-physical-form-page [2ms]
2024-06-05 10:16:02.764 [info] > git status -z -uall [9ms]
2024-06-05 10:16:32.117 [info] > git config --get commit.template [16ms]
2024-06-05 10:16:32.139 [info] > git for-each-ref --format=%(refname)%00%(upstream:short)%00%(objectname)%00%(upstream:track)%00%(upstream:remotename)%00%(upstream:remoteref) refs/heads/CPA-28-create-a-layout-for-the-physical-form-page refs/remotes/CPA-28-create-a-layout-for-the-physical-form-page [23ms]
2024-06-05 10:16:32.143 [info] > git ls-files --stage -- /home/saczky/CrisisPreventionProject/frontend/App.tsx [9ms]
2024-06-05 10:16:32.189 [info] > git cat-file -s 6d818288b20a5516aa4f9373905b5ea01cd68cb4 [19ms]
2024-06-05 10:16:32.200 [info] > git status -z -uall [12ms]
2024-06-05 10:16:32.273 [info] > git show --textconv :frontend/App.tsx [4ms]
2024-06-05 10:16:52.377 [info] > git check-ignore -v -z --stdin [5ms]
2024-06-05 10:17:09.751 [info] > git check-ignore -v -z --stdin [4ms]
2024-06-05 10:17:23.816 [info] > git config --get commit.template [24ms]
2024-06-05 10:17:23.831 [info] > git ls-files --stage -- /home/saczky/CrisisPreventionProject/frontend/App.tsx [15ms]
2024-06-05 10:17:23.855 [info] > git for-each-ref --format=%(refname)%00%(upstream:short)%00%(objectname)%00%(upstream:track)%00%(upstream:remotename)%00%(upstream:remoteref) refs/heads/develop refs/remotes/develop [29ms]
2024-06-05 10:17:23.870 [info] > git cat-file -s a16e8aec586e0112261537bdb564c2947842e95a [16ms]
2024-06-05 10:17:23.882 [info] > git status -z -uall [12ms]
2024-06-05 10:17:23.903 [info] > git merge-base refs/heads/develop refs/remotes/origin/develop [13ms]
2024-06-05 10:17:23.919 [info] > git rev-list --count --left-right refs/heads/develop...refs/remotes/origin/develop [4ms]
2024-06-05 10:17:23.935 [info] > git diff --name-status -z --diff-filter=ADMR efc7525a507c9a99eb804e0af4490b56adc049d4...refs/remotes/origin/develop [9ms]
2024-06-05 10:17:23.987 [info] > git show --textconv :frontend/App.tsx [3ms]
2024-06-05 10:17:30.389 [info] > git config --get commit.template [18ms]
2024-06-05 10:17:30.392 [info] > git for-each-ref --format=%(refname)%00%(upstream:short)%00%(objectname)%00%(upstream:track)%00%(upstream:remotename)%00%(upstream:remoteref) refs/heads/develop refs/remotes/develop [4ms]
2024-06-05 10:17:30.434 [info] > git status -z -uall [14ms]
2024-06-05 10:17:32.476 [info] > git check-ignore -v -z --stdin [3ms]
2024-06-05 10:18:11.936 [info] > git config --get commit.template [26ms]
2024-06-05 10:18:11.954 [info] > git ls-files --stage -- /home/saczky/CrisisPreventionProject/frontend/App.tsx [19ms]
2024-06-05 10:18:11.969 [info] > git for-each-ref --format=%(refname)%00%(upstream:short)%00%(objectname)%00%(upstream:track)%00%(upstream:remotename)%00%(upstream:remoteref) refs/heads/CPA-11-log-in-to-the-application refs/remotes/CPA-11-log-in-to-the-application [16ms]
2024-06-05 10:18:11.985 [info] > git cat-file -s a16e8aec586e0112261537bdb564c2947842e95a [17ms]
2024-06-05 10:18:12.000 [info] > git status -z -uall [15ms]
2024-06-05 10:18:12.037 [info] > git show --textconv :frontend/App.tsx [3ms]
2024-06-05 10:18:21.156 [info] > git config --get commit.template [19ms]
2024-06-05 10:18:21.174 [info] > git ls-files --stage -- /home/saczky/CrisisPreventionProject/frontend/App.tsx [19ms]
2024-06-05 10:18:21.190 [info] > git for-each-ref --format=%(refname)%00%(upstream:short)%00%(objectname)%00%(upstream:track)%00%(upstream:remotename)%00%(upstream:remoteref) refs/heads/CPA-11-log-in-to-the-application refs/remotes/CPA-11-log-in-to-the-application [17ms]
2024-06-05 10:18:21.214 [info] > git cat-file -s a16e8aec586e0112261537bdb564c2947842e95a [24ms]
2024-06-05 10:18:21.239 [info] > git status -z -uall [30ms]
2024-06-05 10:18:21.247 [info] > git show --textconv :frontend/App.tsx [9ms]
2024-06-05 10:18:26.987 [info] > git config --get commit.template [15ms]
2024-06-05 10:18:26.989 [info] > git for-each-ref --format=%(refname)%00%(upstream:short)%00%(objectname)%00%(upstream:track)%00%(upstream:remotename)%00%(upstream:remoteref) refs/heads/CPA-11-log-in-to-the-application refs/remotes/CPA-11-log-in-to-the-application [2ms]
2024-06-05 10:18:27.011 [info] > git status -z -uall [9ms]
2024-06-05 10:18:29.555 [info] > git check-ignore -v -z --stdin [4ms]
2024-06-05 10:18:30.566 [info] > git show --textconv :frontend/src/screens/LoginScreen/LoginScreen.tsx [17ms]
2024-06-05 10:18:30.569 [info] > git ls-files --stage -- /home/saczky/CrisisPreventionProject/frontend/src/screens/LoginScreen/LoginScreen.tsx [4ms]
2024-06-05 10:18:30.586 [info] > git cat-file -s 65588dd2c4e9818942c24a2bbea6fc9cf7a84f17 [2ms]
2024-06-05 10:18:34.112 [info] > git check-ignore -v -z --stdin [1ms]
2024-06-05 10:18:38.017 [info] > git show --textconv :frontend/src/screens/RegistrationScreen/RegistrationScreen.tsx [16ms]
2024-06-05 10:18:38.020 [info] > git ls-files --stage -- /home/saczky/CrisisPreventionProject/frontend/src/screens/RegistrationScreen/RegistrationScreen.tsx [5ms]
2024-06-05 10:18:38.036 [info] > git cat-file -s e73316e0515609f8a789155774820bd41c243661 [2ms]
2024-06-05 10:18:38.884 [info] > git show --textconv :frontend/src/screens/LoginScreen/LoginScreen.tsx [13ms]
2024-06-05 10:18:38.885 [info] > git ls-files --stage -- /home/saczky/CrisisPreventionProject/frontend/src/screens/LoginScreen/LoginScreen.tsx [2ms]
2024-06-05 10:18:38.897 [info] > git cat-file -s 65588dd2c4e9818942c24a2bbea6fc9cf7a84f17 [7ms]
2024-06-05 10:18:58.391 [info] > git show --textconv :frontend/src/screens/RegistrationScreen/RegistrationScreen.tsx [9ms]
2024-06-05 10:18:58.397 [info] > git ls-files --stage -- /home/saczky/CrisisPreventionProject/frontend/src/screens/RegistrationScreen/RegistrationScreen.tsx [7ms]
2024-06-05 10:18:58.409 [info] > git cat-file -s e73316e0515609f8a789155774820bd41c243661 [2ms]
2024-06-05 10:19:27.942 [info] > git check-ignore -v -z --stdin [4ms]
2024-06-05 10:19:31.647 [info] > git show --textconv :frontend/src/hooks/useUserRegistration copy.ts [13ms]
2024-06-05 10:19:31.649 [info] > git ls-files --stage -- /home/saczky/CrisisPreventionProject/frontend/src/hooks/useUserRegistration copy.ts [7ms]
2024-06-05 10:19:31.807 [info] > git check-ignore -v -z --stdin [3ms]
2024-06-05 10:19:32.584 [info] > git config --get commit.template [1ms]
2024-06-05 10:19:32.597 [info] > git for-each-ref --format=%(refname)%00%(upstream:short)%00%(objectname)%00%(upstream:track)%00%(upstream:remotename)%00%(upstream:remoteref) refs/heads/CPA-11-log-in-to-the-application refs/remotes/CPA-11-log-in-to-the-application [2ms]
2024-06-05 10:19:32.615 [info] > git status -z -uall [10ms]
2024-06-05 10:19:39.385 [info] > git show --textconv :frontend/src/hooks/useUserLogin.ts [15ms]
2024-06-05 10:19:39.386 [info] > git ls-files --stage -- /home/saczky/CrisisPreventionProject/frontend/src/hooks/useUserLogin.ts [2ms]
2024-06-05 10:19:39.621 [info] > git check-ignore -v -z --stdin [2ms]
2024-06-05 10:19:40.240 [info] > git config --get commit.template [5ms]
2024-06-05 10:19:40.241 [info] > git for-each-ref --format=%(refname)%00%(upstream:short)%00%(objectname)%00%(upstream:track)%00%(upstream:remotename)%00%(upstream:remoteref) refs/heads/CPA-11-log-in-to-the-application refs/remotes/CPA-11-log-in-to-the-application [1ms]
2024-06-05 10:19:40.258 [info] > git status -z -uall [5ms]
2024-06-05 10:19:54.918 [info] > git config --get commit.template [6ms]
2024-06-05 10:19:54.918 [info] > git for-each-ref --format=%(refname)%00%(upstream:short)%00%(objectname)%00%(upstream:track)%00%(upstream:remotename)%00%(upstream:remoteref) refs/heads/CPA-11-log-in-to-the-application refs/remotes/CPA-11-log-in-to-the-application [1ms]
2024-06-05 10:19:54.928 [info] > git status -z -uall [5ms]
2024-06-05 10:20:21.730 [info] > git config --get commit.template [5ms]
2024-06-05 10:20:21.731 [info] > git for-each-ref --format=%(refname)%00%(upstream:short)%00%(objectname)%00%(upstream:track)%00%(upstream:remotename)%00%(upstream:remoteref) refs/heads/CPA-11-log-in-to-the-application refs/remotes/CPA-11-log-in-to-the-application [1ms]
2024-06-05 10:20:21.740 [info] > git status -z -uall [4ms]
2024-06-05 10:20:22.926 [info] > git show --textconv :frontend/src/screens/RegistrationScreen/RegistrationScreen.types.ts [9ms]
2024-06-05 10:20:22.932 [info] > git ls-files --stage -- /home/saczky/CrisisPreventionProject/frontend/src/screens/RegistrationScreen/RegistrationScreen.types.ts [7ms]
2024-06-05 10:20:22.941 [info] > git cat-file -s 4a38e04270d06543f9cb2f46e800caba5b6ffca4 [2ms]
2024-06-05 10:20:27.565 [info] > git show --textconv :frontend/src/screens/LoginScreen/LoginScreen.types.ts [12ms]
2024-06-05 10:20:27.566 [info] > git ls-files --stage -- /home/saczky/CrisisPreventionProject/frontend/src/screens/LoginScreen/LoginScreen.types.ts [5ms]
2024-06-05 10:20:27.575 [info] > git cat-file -s 1051dee9cc33596804487639bc2d5b7330b8479d [3ms]
2024-06-05 10:20:32.770 [info] > git show --textconv :frontend/src/screens/RegistrationScreen/RegistrationScreen.types.ts [14ms]
2024-06-05 10:20:32.771 [info] > git ls-files --stage -- /home/saczky/CrisisPreventionProject/frontend/src/screens/RegistrationScreen/RegistrationScreen.types.ts [2ms]
2024-06-05 10:20:32.791 [info] > git cat-file -s 4a38e04270d06543f9cb2f46e800caba5b6ffca4 [5ms]
2024-06-05 10:20:35.951 [info] > git show --textconv :frontend/src/screens/LoginScreen/LoginScreen.types.ts [15ms]
2024-06-05 10:20:35.955 [info] > git ls-files --stage -- /home/saczky/CrisisPreventionProject/frontend/src/screens/LoginScreen/LoginScreen.types.ts [5ms]
2024-06-05 10:20:35.972 [info] > git cat-file -s 1051dee9cc33596804487639bc2d5b7330b8479d [3ms]
2024-06-05 10:20:50.754 [info] > git config --get commit.template [13ms]
2024-06-05 10:20:50.755 [info] > git for-each-ref --format=%(refname)%00%(upstream:short)%00%(objectname)%00%(upstream:track)%00%(upstream:remotename)%00%(upstream:remoteref) refs/heads/CPA-11-log-in-to-the-application refs/remotes/CPA-11-log-in-to-the-application [2ms]
2024-06-05 10:20:50.781 [info] > git status -z -uall [16ms]
2024-06-05 10:20:54.388 [info] > git show --textconv :frontend/src/screens/LoginScreen/LoginScreen.tsx [13ms]
2024-06-05 10:20:54.389 [info] > git ls-files --stage -- /home/saczky/CrisisPreventionProject/frontend/src/screens/LoginScreen/LoginScreen.tsx [1ms]
2024-06-05 10:20:54.405 [info] > git cat-file -s 65588dd2c4e9818942c24a2bbea6fc9cf7a84f17 [3ms]
2024-06-05 10:20:57.289 [info] > git show --textconv :frontend/src/hooks/useUserLogin.ts [9ms]
2024-06-05 10:20:57.290 [info] > git ls-files --stage -- /home/saczky/CrisisPreventionProject/frontend/src/hooks/useUserLogin.ts [2ms]
2024-06-05 10:20:58.524 [info] > git show --textconv :frontend/src/screens/RegistrationScreen/RegistrationScreen.tsx [16ms]
2024-06-05 10:20:58.532 [info] > git ls-files --stage -- /home/saczky/CrisisPreventionProject/frontend/src/screens/RegistrationScreen/RegistrationScreen.tsx [8ms]
2024-06-05 10:20:58.551 [info] > git cat-file -s e73316e0515609f8a789155774820bd41c243661 [8ms]
2024-06-05 10:21:00.754 [info] > git show --textconv :frontend/src/screens/LoginScreen/LoginScreen.tsx [15ms]
2024-06-05 10:21:00.755 [info] > git ls-files --stage -- /home/saczky/CrisisPreventionProject/frontend/src/screens/LoginScreen/LoginScreen.tsx [1ms]
2024-06-05 10:21:00.771 [info] > git cat-file -s 65588dd2c4e9818942c24a2bbea6fc9cf7a84f17 [5ms]
2024-06-05 10:21:01.586 [info] > git show --textconv :frontend/src/hooks/useUserLogin.ts [17ms]
2024-06-05 10:21:01.586 [info] > git ls-files --stage -- /home/saczky/CrisisPreventionProject/frontend/src/hooks/useUserLogin.ts [11ms]
2024-06-05 10:21:29.036 [info] > git config --get commit.template [5ms]
2024-06-05 10:21:29.036 [info] > git for-each-ref --format=%(refname)%00%(upstream:short)%00%(objectname)%00%(upstream:track)%00%(upstream:remotename)%00%(upstream:remoteref) refs/heads/CPA-11-log-in-to-the-application refs/remotes/CPA-11-log-in-to-the-application [1ms]
2024-06-05 10:21:29.045 [info] > git status -z -uall [4ms]
2024-06-05 10:21:34.060 [info] > git config --get commit.template [9ms]
2024-06-05 10:21:34.061 [info] > git for-each-ref --format=%(refname)%00%(upstream:short)%00%(objectname)%00%(upstream:track)%00%(upstream:remotename)%00%(upstream:remoteref) refs/heads/CPA-11-log-in-to-the-application refs/remotes/CPA-11-log-in-to-the-application [2ms]
2024-06-05 10:21:34.074 [info] > git status -z -uall [6ms]
2024-06-05 10:21:54.096 [info] > git check-ignore -v -z --stdin [4ms]
2024-06-05 10:21:55.209 [info] > git check-ignore -v -z --stdin [4ms]
2024-06-05 10:21:55.505 [info] > git show --textconv :frontend/src/api/constants/endpoints.ts [15ms]
2024-06-05 10:21:55.506 [info] > git ls-files --stage -- /home/saczky/CrisisPreventionProject/frontend/src/api/constants/endpoints.ts [2ms]
2024-06-05 10:21:55.521 [info] > git cat-file -s 335d278f5b98015eed875a658e45a8518d0e1979 [2ms]
2024-06-05 10:22:08.344 [info] > git config --get commit.template [4ms]
2024-06-05 10:22:08.369 [info] > git for-each-ref --format=%(refname)%00%(upstream:short)%00%(objectname)%00%(upstream:track)%00%(upstream:remotename)%00%(upstream:remoteref) refs/heads/CPA-11-log-in-to-the-application refs/remotes/CPA-11-log-in-to-the-application [10ms]
2024-06-05 10:22:08.402 [info] > git status -z -uall [6ms]
2024-06-05 10:22:08.739 [info] > git show --textconv :frontend/src/hooks/useUserLogin.ts [13ms]
2024-06-05 10:22:08.739 [info] > git ls-files --stage -- /home/saczky/CrisisPreventionProject/frontend/src/hooks/useUserLogin.ts [1ms]
2024-06-05 10:22:40.344 [info] > git show --textconv :frontend/src/screens/LoginScreen/LoginScreen.tsx [6ms]
2024-06-05 10:22:40.350 [info] > git ls-files --stage -- /home/saczky/CrisisPreventionProject/frontend/src/screens/LoginScreen/LoginScreen.tsx [7ms]
2024-06-05 10:22:40.359 [info] > git cat-file -s 65588dd2c4e9818942c24a2bbea6fc9cf7a84f17 [2ms]
2024-06-05 10:23:06.208 [info] > git show --textconv :frontend/src/hooks/useUserLogin.ts [6ms]
2024-06-05 10:23:06.209 [info] > git ls-files --stage -- /home/saczky/CrisisPreventionProject/frontend/src/hooks/useUserLogin.ts [1ms]
2024-06-05 10:23:07.426 [info] > git show --textconv :frontend/src/screens/LoginScreen/LoginScreen.tsx [8ms]
2024-06-05 10:23:07.427 [info] > git ls-files --stage -- /home/saczky/CrisisPreventionProject/frontend/src/screens/LoginScreen/LoginScreen.tsx [1ms]
2024-06-05 10:23:07.440 [info] > git cat-file -s 65588dd2c4e9818942c24a2bbea6fc9cf7a84f17 [1ms]
2024-06-05 10:23:34.194 [info] > git show --textconv :frontend/src/hooks/useUserLogin.ts [19ms]
2024-06-05 10:23:34.194 [info] > git ls-files --stage -- /home/saczky/CrisisPreventionProject/frontend/src/hooks/useUserLogin.ts [4ms]
2024-06-05 10:23:41.848 [info] > git config --get commit.template [17ms]
2024-06-05 10:23:41.865 [info] > git show --textconv :frontend/src/screens/LoginScreen/LoginScreen.tsx [20ms]
2024-06-05 10:23:41.878 [info] > git ls-files --stage -- /home/saczky/CrisisPreventionProject/frontend/src/screens/LoginScreen/LoginScreen.tsx [16ms]
2024-06-05 10:23:41.892 [info] > git for-each-ref --format=%(refname)%00%(upstream:short)%00%(objectname)%00%(upstream:track)%00%(upstream:remotename)%00%(upstream:remoteref) refs/heads/CPA-11-log-in-to-the-application refs/remotes/CPA-11-log-in-to-the-application [15ms]
2024-06-05 10:23:41.908 [info] > git cat-file -s 65588dd2c4e9818942c24a2bbea6fc9cf7a84f17 [17ms]
2024-06-05 10:23:41.939 [info] > git status -z -uall [33ms]
2024-06-05 10:23:47.830 [info] > git show --textconv :frontend/src/hooks/useUserLogin.ts [11ms]
2024-06-05 10:23:47.836 [info] > git ls-files --stage -- /home/saczky/CrisisPreventionProject/frontend/src/hooks/useUserLogin.ts [8ms]
2024-06-05 10:23:49.310 [info] > git show --textconv :frontend/src/screens/LoginScreen/LoginScreen.tsx [6ms]
2024-06-05 10:23:49.311 [info] > git ls-files --stage -- /home/saczky/CrisisPreventionProject/frontend/src/screens/LoginScreen/LoginScreen.tsx [1ms]
2024-06-05 10:23:49.325 [info] > git cat-file -s 65588dd2c4e9818942c24a2bbea6fc9cf7a84f17 [3ms]
2024-06-05 10:23:54.011 [info] > git show --textconv :frontend/src/hooks/useUserLogin.ts [6ms]
2024-06-05 10:23:54.011 [info] > git ls-files --stage -- /home/saczky/CrisisPreventionProject/frontend/src/hooks/useUserLogin.ts [1ms]
2024-06-05 10:23:55.287 [info] > git show --textconv :frontend/src/screens/LoginScreen/LoginScreen.tsx [11ms]
2024-06-05 10:23:55.288 [info] > git ls-files --stage -- /home/saczky/CrisisPreventionProject/frontend/src/screens/LoginScreen/LoginScreen.tsx [2ms]
2024-06-05 10:23:55.303 [info] > git cat-file -s 65588dd2c4e9818942c24a2bbea6fc9cf7a84f17 [4ms]
2024-06-05 10:24:03.181 [info] > git show --textconv :frontend/src/screens/RegistrationScreen/RegistrationScreen.tsx [19ms]
2024-06-05 10:24:03.185 [info] > git ls-files --stage -- /home/saczky/CrisisPreventionProject/frontend/src/screens/RegistrationScreen/RegistrationScreen.tsx [7ms]
2024-06-05 10:24:03.203 [info] > git cat-file -s e73316e0515609f8a789155774820bd41c243661 [11ms]
2024-06-05 10:24:04.767 [info] > git show --textconv :frontend/src/screens/LoginScreen/LoginScreen.tsx [11ms]
2024-06-05 10:24:04.768 [info] > git ls-files --stage -- /home/saczky/CrisisPreventionProject/frontend/src/screens/LoginScreen/LoginScreen.tsx [3ms]
2024-06-05 10:24:04.779 [info] > git cat-file -s 65588dd2c4e9818942c24a2bbea6fc9cf7a84f17 [3ms]
2024-06-05 10:24:09.331 [info] > git config --get commit.template [3ms]
2024-06-05 10:24:09.347 [info] > git for-each-ref --format=%(refname)%00%(upstream:short)%00%(objectname)%00%(upstream:track)%00%(upstream:remotename)%00%(upstream:remoteref) refs/heads/CPA-11-log-in-to-the-application refs/remotes/CPA-11-log-in-to-the-application [4ms]
2024-06-05 10:24:09.372 [info] > git status -z -uall [12ms]
2024-06-05 10:24:17.825 [info] > git show --textconv :frontend/src/screens/RegistrationScreen/RegistrationScreen.tsx [16ms]
2024-06-05 10:24:17.827 [info] > git ls-files --stage -- /home/saczky/CrisisPreventionProject/frontend/src/screens/RegistrationScreen/RegistrationScreen.tsx [2ms]
2024-06-05 10:24:17.843 [info] > git cat-file -s e73316e0515609f8a789155774820bd41c243661 [3ms]
2024-06-05 10:24:19.191 [info] > git show --textconv :frontend/src/screens/LoginScreen/LoginScreen.tsx [17ms]
2024-06-05 10:24:19.193 [info] > git ls-files --stage -- /home/saczky/CrisisPreventionProject/frontend/src/screens/LoginScreen/LoginScreen.tsx [2ms]
2024-06-05 10:24:19.209 [info] > git cat-file -s 65588dd2c4e9818942c24a2bbea6fc9cf7a84f17 [5ms]
2024-06-05 10:24:28.345 [info] > git show --textconv :frontend/src/screens/RegistrationScreen/RegistrationScreen.tsx [11ms]
2024-06-05 10:24:28.351 [info] > git ls-files --stage -- /home/saczky/CrisisPreventionProject/frontend/src/screens/RegistrationScreen/RegistrationScreen.tsx [6ms]
2024-06-05 10:24:28.371 [info] > git cat-file -s e73316e0515609f8a789155774820bd41c243661 [11ms]
2024-06-05 10:24:45.428 [info] > git show --textconv :frontend/src/screens/LoginScreen/LoginScreen.tsx [12ms]
2024-06-05 10:24:45.433 [info] > git ls-files --stage -- /home/saczky/CrisisPreventionProject/frontend/src/screens/LoginScreen/LoginScreen.tsx [5ms]
2024-06-05 10:24:45.458 [info] > git cat-file -s 65588dd2c4e9818942c24a2bbea6fc9cf7a84f17 [12ms]
2024-06-05 10:25:23.235 [info] > git config --get commit.template [6ms]
2024-06-05 10:25:23.235 [info] > git for-each-ref --format=%(refname)%00%(upstream:short)%00%(objectname)%00%(upstream:track)%00%(upstream:remotename)%00%(upstream:remoteref) refs/heads/CPA-11-log-in-to-the-application refs/remotes/CPA-11-log-in-to-the-application [1ms]
2024-06-05 10:25:23.245 [info] > git status -z -uall [5ms]
2024-06-05 10:25:29.874 [info] > git show --textconv :frontend/src/hooks/useUserLogin.ts [15ms]
2024-06-05 10:25:29.876 [info] > git ls-files --stage -- /home/saczky/CrisisPreventionProject/frontend/src/hooks/useUserLogin.ts [3ms]
2024-06-05 10:26:11.442 [info] > git show --textconv :frontend/src/screens/LoginScreen/LoginScreen.tsx [18ms]
2024-06-05 10:26:11.444 [info] > git ls-files --stage -- /home/saczky/CrisisPreventionProject/frontend/src/screens/LoginScreen/LoginScreen.tsx [3ms]
2024-06-05 10:26:11.462 [info] > git cat-file -s 65588dd2c4e9818942c24a2bbea6fc9cf7a84f17 [4ms]
2024-06-05 10:29:22.954 [info] > git show --textconv :backend/crisis_management_system/settings.py [17ms]
2024-06-05 10:29:22.954 [info] > git ls-files --stage -- /home/saczky/CrisisPreventionProject/backend/crisis_management_system/settings.py [11ms]
2024-06-05 10:29:23.002 [info] > git cat-file -s 99d0f92f998ee8305c3b8fab6b261b3dda71ef56 [44ms]
2024-06-05 10:29:28.163 [info] > git show --textconv :frontend/src/screens/LoginScreen/LoginScreen.tsx [22ms]
2024-06-05 10:29:28.164 [info] > git ls-files --stage -- /home/saczky/CrisisPreventionProject/frontend/src/screens/LoginScreen/LoginScreen.tsx [6ms]
2024-06-05 10:29:28.186 [info] > git cat-file -s 65588dd2c4e9818942c24a2bbea6fc9cf7a84f17 [5ms]
2024-06-05 10:30:25.237 [info] > git show --textconv :frontend/src/hooks/useUserLogin.ts [24ms]
2024-06-05 10:30:25.241 [info] > git ls-files --stage -- /home/saczky/CrisisPreventionProject/frontend/src/hooks/useUserLogin.ts [23ms]
2024-06-05 10:30:35.645 [info] > git config --get commit.template [12ms]
2024-06-05 10:30:35.650 [info] > git for-each-ref --format=%(refname)%00%(upstream:short)%00%(objectname)%00%(upstream:track)%00%(upstream:remotename)%00%(upstream:remoteref) refs/heads/CPA-11-log-in-to-the-application refs/remotes/CPA-11-log-in-to-the-application [6ms]
2024-06-05 10:30:35.680 [info] > git status -z -uall [21ms]
2024-06-05 10:30:47.579 [info] > git show --textconv :frontend/src/screens/LoginScreen/LoginScreen.tsx [22ms]
2024-06-05 10:30:47.580 [info] > git ls-files --stage -- /home/saczky/CrisisPreventionProject/frontend/src/screens/LoginScreen/LoginScreen.tsx [4ms]
2024-06-05 10:30:47.598 [info] > git cat-file -s 65588dd2c4e9818942c24a2bbea6fc9cf7a84f17 [3ms]
2024-06-05 10:30:48.461 [info] > git show --textconv :frontend/src/hooks/useUserLogin.ts [15ms]
2024-06-05 10:30:48.462 [info] > git ls-files --stage -- /home/saczky/CrisisPreventionProject/frontend/src/hooks/useUserLogin.ts [2ms]
2024-06-05 10:30:56.909 [info] > git show --textconv :docker-compose-local.yml [6ms]
2024-06-05 10:30:56.909 [info] > git ls-files --stage -- /home/saczky/CrisisPreventionProject/docker-compose-local.yml [1ms]
2024-06-05 10:30:56.916 [info] > git cat-file -s d4a155902edf3b3d909cfe406f7162d0f6d4559b [2ms]
2024-06-05 10:30:58.160 [info] > git show --textconv :frontend/tsconfig.json [7ms]
2024-06-05 10:30:58.161 [info] > git ls-files --stage -- /home/saczky/CrisisPreventionProject/frontend/tsconfig.json [1ms]
2024-06-05 10:30:58.167 [info] > git cat-file -s 3970f0e42e1c09526f7f3cdde181abb442730147 [1ms]
2024-06-05 10:30:58.184 [info] > git config --get commit.template [1ms]
2024-06-05 10:30:58.192 [info] > git for-each-ref --format=%(refname)%00%(upstream:short)%00%(objectname)%00%(upstream:track)%00%(upstream:remotename)%00%(upstream:remoteref) refs/heads/CPA-11-log-in-to-the-application refs/remotes/CPA-11-log-in-to-the-application [3ms]
2024-06-05 10:30:58.216 [info] > git status -z -uall [18ms]
2024-06-05 10:30:59.316 [info] > git show --textconv :docker-compose-local.yml [7ms]
2024-06-05 10:30:59.317 [info] > git ls-files --stage -- /home/saczky/CrisisPreventionProject/docker-compose-local.yml [1ms]
2024-06-05 10:30:59.325 [info] > git cat-file -s d4a155902edf3b3d909cfe406f7162d0f6d4559b [1ms]
2024-06-05 10:31:01.298 [info] > git show --textconv :frontend/src/hooks/useUserLogin.ts [26ms]
2024-06-05 10:31:01.299 [info] > git ls-files --stage -- /home/saczky/CrisisPreventionProject/frontend/src/hooks/useUserLogin.ts [3ms]
2024-06-05 10:31:02.834 [info] > git show --textconv :frontend/src/screens/LoginScreen/LoginScreen.tsx [6ms]
2024-06-05 10:31:02.841 [info] > git ls-files --stage -- /home/saczky/CrisisPreventionProject/frontend/src/screens/LoginScreen/LoginScreen.tsx [7ms]
2024-06-05 10:31:02.855 [info] > git cat-file -s 65588dd2c4e9818942c24a2bbea6fc9cf7a84f17 [6ms]
2024-06-05 10:31:03.247 [info] > git config --get commit.template [13ms]
2024-06-05 10:31:03.248 [info] > git for-each-ref --format=%(refname)%00%(upstream:short)%00%(objectname)%00%(upstream:track)%00%(upstream:remotename)%00%(upstream:remoteref) refs/heads/CPA-11-log-in-to-the-application refs/remotes/CPA-11-log-in-to-the-application [2ms]
2024-06-05 10:31:03.265 [info] > git status -z -uall [6ms]
2024-06-05 10:31:07.867 [info] > git show --textconv :frontend/src/hooks/useUserLogin.ts [18ms]
2024-06-05 10:31:07.867 [info] > git ls-files --stage -- /home/saczky/CrisisPreventionProject/frontend/src/hooks/useUserLogin.ts [4ms]
2024-06-05 10:31:58.703 [info] > git config --get commit.template [18ms]
2024-06-05 10:31:58.705 [info] > git for-each-ref --format=%(refname)%00%(upstream:short)%00%(objectname)%00%(upstream:track)%00%(upstream:remotename)%00%(upstream:remoteref) refs/heads/CPA-11-log-in-to-the-application refs/remotes/CPA-11-log-in-to-the-application [4ms]
2024-06-05 10:31:58.736 [info] > git status -z -uall [16ms]
2024-06-05 10:32:07.452 [info] > git show --textconv :frontend/src/screens/LoginScreen/LoginScreen.tsx [6ms]
2024-06-05 10:32:07.453 [info] > git ls-files --stage -- /home/saczky/CrisisPreventionProject/frontend/src/screens/LoginScreen/LoginScreen.tsx [2ms]
2024-06-05 10:32:07.466 [info] > git cat-file -s 65588dd2c4e9818942c24a2bbea6fc9cf7a84f17 [2ms]
2024-06-05 10:33:27.218 [info] > git show --textconv :frontend/src/hooks/useUserLogin.ts [29ms]
2024-06-05 10:33:27.230 [info] > git ls-files --stage -- /home/saczky/CrisisPreventionProject/frontend/src/hooks/useUserLogin.ts [17ms]
2024-06-05 10:33:31.117 [info] > git show --textconv :frontend/src/screens/LoginScreen/LoginScreen.tsx [17ms]
2024-06-05 10:33:31.119 [info] > git ls-files --stage -- /home/saczky/CrisisPreventionProject/frontend/src/screens/LoginScreen/LoginScreen.tsx [4ms]
2024-06-05 10:33:31.149 [info] > git cat-file -s 65588dd2c4e9818942c24a2bbea6fc9cf7a84f17 [12ms]
2024-06-05 10:33:32.802 [info] > git show --textconv :frontend/src/hooks/useUserLogin.ts [7ms]
2024-06-05 10:33:32.808 [info] > git ls-files --stage -- /home/saczky/CrisisPreventionProject/frontend/src/hooks/useUserLogin.ts [5ms]
2024-06-05 10:33:34.929 [info] > git show --textconv :frontend/src/screens/LoginScreen/LoginScreen.tsx [12ms]
2024-06-05 10:33:34.931 [info] > git ls-files --stage -- /home/saczky/CrisisPreventionProject/frontend/src/screens/LoginScreen/LoginScreen.tsx [1ms]
2024-06-05 10:33:34.945 [info] > git cat-file -s 65588dd2c4e9818942c24a2bbea6fc9cf7a84f17 [3ms]
2024-06-05 10:33:40.217 [info] > git config --get commit.template [6ms]
2024-06-05 10:33:40.223 [info] > git for-each-ref --format=%(refname)%00%(upstream:short)%00%(objectname)%00%(upstream:track)%00%(upstream:remotename)%00%(upstream:remoteref) refs/heads/CPA-11-log-in-to-the-application refs/remotes/CPA-11-log-in-to-the-application [5ms]
2024-06-05 10:33:40.243 [info] > git status -z -uall [16ms]
