2024-06-03 10:48:06.863 [info] Log level: Info
2024-06-03 10:48:06.864 [info] Validating found git in: "git"
2024-06-03 10:48:06.864 [info] Using git "2.45.2" from "git"
2024-06-03 10:48:06.864 [info] > git rev-parse --show-toplevel [105ms]
2024-06-03 10:48:06.867 [info] > git rev-parse --git-dir --git-common-dir [8ms]
2024-06-03 10:48:06.905 [info] Open repository: /home/saczky/CrisisPreventionProject
2024-06-03 10:48:06.969 [info] > git rev-parse --show-toplevel [16ms]
2024-06-03 10:48:06.972 [info] > git config --get commit.template [37ms]
2024-06-03 10:48:07.008 [info] > git rev-parse --show-toplevel [17ms]
2024-06-03 10:48:07.023 [info] > git for-each-ref --format=%(refname)%00%(upstream:short)%00%(objectname)%00%(upstream:track)%00%(upstream:remotename)%00%(upstream:remoteref) refs/heads/CPA-19-create-layout-for-the-home-page refs/remotes/CPA-19-create-layout-for-the-home-page [17ms]
2024-06-03 10:48:07.025 [info] > git rev-parse --show-toplevel [2ms]
2024-06-03 10:48:07.057 [info] > git rev-parse --show-toplevel [18ms]
2024-06-03 10:48:07.061 [info] > git status -z -uall [5ms]
2024-06-03 10:48:07.173 [info] > git merge-base refs/heads/CPA-19-create-layout-for-the-home-page refs/remotes/origin/CPA-19-create-layout-for-the-home-page [87ms]
2024-06-03 10:48:07.205 [info] > git rev-list --count --left-right refs/heads/CPA-19-create-layout-for-the-home-page...refs/remotes/origin/CPA-19-create-layout-for-the-home-page [17ms]
2024-06-03 10:48:07.222 [info] > git config --get commit.template [103ms]
2024-06-03 10:48:07.226 [info] > git diff --name-status -z --diff-filter=ADMR b925b7c8697b3a6f7c98e8dc8243fa8afa29c657...refs/remotes/origin/CPA-19-create-layout-for-the-home-page [6ms]
2024-06-03 10:48:07.251 [info] > git for-each-ref --format=%(refname)%00%(upstream:short)%00%(objectname)%00%(upstream:track)%00%(upstream:remotename)%00%(upstream:remoteref) refs/heads/CPA-19-create-layout-for-the-home-page refs/remotes/CPA-19-create-layout-for-the-home-page [8ms]
2024-06-03 10:48:07.272 [info] > git status -z -uall [8ms]
2024-06-03 10:48:07.492 [info] > git check-ignore -v -z --stdin [2ms]
2024-06-03 10:48:33.662 [info] > git check-ignore -v -z --stdin [2ms]
2024-06-03 10:48:35.478 [info] > git show --textconv :docker-compose-local.yml [10ms]
2024-06-03 10:48:35.479 [info] > git ls-files --stage -- /home/saczky/CrisisPreventionProject/docker-compose-local.yml [2ms]
2024-06-03 10:48:35.486 [info] > git cat-file -s d4a155902edf3b3d909cfe406f7162d0f6d4559b [1ms]
2024-06-03 10:48:36.205 [info] > git check-ignore -v -z --stdin [1ms]
2024-06-03 10:48:40.962 [info] > git show --textconv :frontend/App.tsx [23ms]
2024-06-03 10:48:40.963 [info] > git ls-files --stage -- /home/saczky/CrisisPreventionProject/frontend/App.tsx [15ms]
2024-06-03 10:48:40.972 [info] > git cat-file -s 005fd71dfd0166dfa160a4d47d8d2464b8a4d85f [3ms]
2024-06-03 10:48:44.440 [info] > git check-ignore -v -z --stdin [1ms]
2024-06-03 10:48:45.678 [info] > git check-ignore -v -z --stdin [4ms]
2024-06-03 10:49:24.679 [info] > git config --get commit.template [6ms]
2024-06-03 10:49:24.680 [info] > git for-each-ref --format=%(refname)%00%(upstream:short)%00%(objectname)%00%(upstream:track)%00%(upstream:remotename)%00%(upstream:remoteref) refs/heads/CPA-19-create-layout-for-the-home-page refs/remotes/CPA-19-create-layout-for-the-home-page [2ms]
2024-06-03 10:49:24.690 [info] > git status -z -uall [5ms]
2024-06-03 10:49:24.765 [info] > git ls-files --stage -- /home/saczky/CrisisPreventionProject/frontend/App.tsx [2ms]
2024-06-03 10:49:24.774 [info] > git cat-file -s a17aea7c164b188ae1abfc9b0c7ae8eca723a9c4 [2ms]
2024-06-03 10:49:24.786 [info] > git show --textconv :frontend/App.tsx [2ms]
2024-06-03 10:51:05.563 [info] > git config --get commit.template [3ms]
2024-06-03 10:51:05.646 [info] > git for-each-ref --format=%(refname)%00%(upstream:short)%00%(objectname)%00%(upstream:track)%00%(upstream:remotename)%00%(upstream:remoteref) refs/heads/CPA-19-create-layout-for-the-home-page refs/remotes/CPA-19-create-layout-for-the-home-page [37ms]
2024-06-03 10:51:05.647 [info] > git ls-files --stage -- /home/saczky/CrisisPreventionProject/frontend/App.tsx [2ms]
2024-06-03 10:51:05.667 [info] > git cat-file -s a17aea7c164b188ae1abfc9b0c7ae8eca723a9c4 [2ms]
2024-06-03 10:51:05.710 [info] > git status -z -uall [17ms]
2024-06-03 10:51:05.732 [info] > git show --textconv :frontend/App.tsx [23ms]
2024-06-03 10:51:05.732 [info] > git merge-base refs/heads/CPA-19-create-layout-for-the-home-page refs/remotes/origin/CPA-19-create-layout-for-the-home-page [6ms]
2024-06-03 10:51:05.747 [info] > git rev-list --count --left-right refs/heads/CPA-19-create-layout-for-the-home-page...refs/remotes/origin/CPA-19-create-layout-for-the-home-page [2ms]
2024-06-03 10:51:05.760 [info] > git diff --name-status -z --diff-filter=ADMR 87a98f6c7733b124adc9763afba04a801885ac58...refs/remotes/origin/CPA-19-create-layout-for-the-home-page [1ms]
2024-06-03 11:01:41.074 [info] > git config --get commit.template [20ms]
2024-06-03 11:01:41.079 [info] > git for-each-ref --format=%(refname)%00%(upstream:short)%00%(objectname)%00%(upstream:track)%00%(upstream:remotename)%00%(upstream:remoteref) refs/heads/CPA-19-create-layout-for-the-home-page refs/remotes/CPA-19-create-layout-for-the-home-page [5ms]
2024-06-03 11:01:41.113 [info] > git status -z -uall [11ms]
2024-06-03 11:02:47.017 [info] > git config --get commit.template [15ms]
2024-06-03 11:02:47.018 [info] > git for-each-ref --format=%(refname)%00%(upstream:short)%00%(objectname)%00%(upstream:track)%00%(upstream:remotename)%00%(upstream:remoteref) refs/heads/CPA-15-add-spanish-language-to-the-login-screen refs/remotes/CPA-15-add-spanish-language-to-the-login-screen [3ms]
2024-06-03 11:02:47.038 [info] > git status -z -uall [3ms]
2024-06-03 11:02:47.088 [info] > git ls-files --stage -- /home/saczky/CrisisPreventionProject/frontend/App.tsx [2ms]
2024-06-03 11:02:47.116 [info] > git cat-file -s a17aea7c164b188ae1abfc9b0c7ae8eca723a9c4 [7ms]
2024-06-03 11:02:47.217 [info] > git show --textconv :frontend/App.tsx [10ms]
2024-06-03 11:03:36.035 [info] > git config --get commit.template [33ms]
2024-06-03 11:03:36.051 [info] > git ls-files --stage -- /home/saczky/CrisisPreventionProject/frontend/App.tsx [19ms]
2024-06-03 11:03:36.065 [info] > git for-each-ref --format=%(refname)%00%(upstream:short)%00%(objectname)%00%(upstream:track)%00%(upstream:remotename)%00%(upstream:remoteref) refs/heads/develop refs/remotes/develop [15ms]
2024-06-03 11:03:36.086 [info] > git cat-file -s 3698c16e41f32b4599987ca328ac6f624c8d9e70 [20ms]
2024-06-03 11:03:36.099 [info] > git status -z -uall [13ms]
2024-06-03 11:03:36.126 [info] > git merge-base refs/heads/develop refs/remotes/origin/develop [9ms]
2024-06-03 11:03:36.154 [info] > git rev-list --count --left-right refs/heads/develop...refs/remotes/origin/develop [7ms]
2024-06-03 11:03:36.200 [info] > git diff --name-status -z --diff-filter=ADMR 3f4fd23cff3c9db9e2020ba0620371ec0dc5bbb0...refs/remotes/origin/develop [29ms]
2024-06-03 11:03:36.201 [info] > git show --textconv :frontend/App.tsx [2ms]
2024-06-03 11:04:11.302 [info] > git config --get commit.template [18ms]
2024-06-03 11:04:11.317 [info] > git ls-files --stage -- /home/saczky/CrisisPreventionProject/frontend/App.tsx [16ms]
2024-06-03 11:04:11.334 [info] > git for-each-ref --format=%(refname)%00%(upstream:short)%00%(objectname)%00%(upstream:track)%00%(upstream:remotename)%00%(upstream:remoteref) refs/heads/CPA-15-add-spanish-language-to-the-login-screen refs/remotes/CPA-15-add-spanish-language-to-the-login-screen [17ms]
2024-06-03 11:04:11.359 [info] > git cat-file -s 3698c16e41f32b4599987ca328ac6f624c8d9e70 [25ms]
2024-06-03 11:04:11.371 [info] > git status -z -uall [17ms]
2024-06-03 11:04:11.452 [info] > git show --textconv :frontend/App.tsx [2ms]
2024-06-03 11:04:16.425 [info] > git config --get commit.template [8ms]
2024-06-03 11:04:16.437 [info] > git for-each-ref --format=%(refname)%00%(upstream:short)%00%(objectname)%00%(upstream:track)%00%(upstream:remotename)%00%(upstream:remoteref) refs/heads/CPA-15-add-spanish-language-to-the-login-screen refs/remotes/CPA-15-add-spanish-language-to-the-login-screen [2ms]
2024-06-03 11:04:16.451 [info] > git status -z -uall [5ms]
2024-06-03 11:04:17.045 [info] > git check-ignore -v -z --stdin [2ms]
2024-06-03 11:04:18.627 [info] > git check-ignore -v -z --stdin [1ms]
2024-06-03 11:04:19.621 [info] > git check-ignore -v -z --stdin [1ms]
2024-06-03 11:04:21.053 [info] > git show --textconv :frontend/src/screens/RegistrationScreen/RegistrationScreen.tsx [17ms]
2024-06-03 11:04:21.058 [info] > git ls-files --stage -- /home/saczky/CrisisPreventionProject/frontend/src/screens/RegistrationScreen/RegistrationScreen.tsx [5ms]
2024-06-03 11:04:21.078 [info] > git cat-file -s e73316e0515609f8a789155774820bd41c243661 [7ms]
2024-06-03 11:04:29.393 [info] > git show --textconv :frontend/src/screens/LoginScreen/LoginScreen.tsx [12ms]
2024-06-03 11:04:29.396 [info] > git ls-files --stage -- /home/saczky/CrisisPreventionProject/frontend/src/screens/LoginScreen/LoginScreen.tsx [5ms]
2024-06-03 11:04:29.403 [info] > git cat-file -s 65588dd2c4e9818942c24a2bbea6fc9cf7a84f17 [2ms]
2024-06-03 11:04:36.443 [info] > git config --get commit.template [6ms]
2024-06-03 11:04:36.451 [info] > git for-each-ref --format=%(refname)%00%(upstream:short)%00%(objectname)%00%(upstream:track)%00%(upstream:remotename)%00%(upstream:remoteref) refs/heads/CPA-15-add-spanish-language-to-the-login-screen refs/remotes/CPA-15-add-spanish-language-to-the-login-screen [1ms]
2024-06-03 11:04:36.468 [info] > git status -z -uall [4ms]
2024-06-03 11:04:36.953 [info] > git show --textconv :frontend/src/screens/RegistrationScreen/RegistrationScreen.tsx [17ms]
2024-06-03 11:04:36.959 [info] > git ls-files --stage -- /home/saczky/CrisisPreventionProject/frontend/src/screens/RegistrationScreen/RegistrationScreen.tsx [7ms]
2024-06-03 11:04:36.969 [info] > git cat-file -s e73316e0515609f8a789155774820bd41c243661 [2ms]
2024-06-03 11:04:40.295 [info] > git show --textconv :frontend/src/screens/LoginScreen/LoginScreen.tsx [13ms]
2024-06-03 11:04:40.299 [info] > git ls-files --stage -- /home/saczky/CrisisPreventionProject/frontend/src/screens/LoginScreen/LoginScreen.tsx [7ms]
2024-06-03 11:04:40.314 [info] > git cat-file -s 65588dd2c4e9818942c24a2bbea6fc9cf7a84f17 [2ms]
2024-06-03 11:04:48.016 [info] > git config --get commit.template [21ms]
2024-06-03 11:04:48.018 [info] > git for-each-ref --format=%(refname)%00%(upstream:short)%00%(objectname)%00%(upstream:track)%00%(upstream:remotename)%00%(upstream:remoteref) refs/heads/CPA-15-add-spanish-language-to-the-login-screen refs/remotes/CPA-15-add-spanish-language-to-the-login-screen [6ms]
2024-06-03 11:04:48.051 [info] > git status -z -uall [15ms]
2024-06-03 11:04:51.773 [info] > git check-ignore -v -z --stdin [1ms]
2024-06-03 11:04:54.203 [info] > git ls-files --stage -- /home/saczky/CrisisPreventionProject/frontend/src/translation/en/index.ts [1ms]
2024-06-03 11:04:54.214 [info] > git show --textconv :frontend/src/translation/en/index.ts [20ms]
2024-06-03 11:04:54.216 [info] > git cat-file -s 834971e850bef60967a83ca5c55c43d93a4555a0 [2ms]
2024-06-03 11:04:58.080 [info] > git show --textconv :frontend/src/translation/en/registration.json [20ms]
2024-06-03 11:04:58.083 [info] > git ls-files --stage -- /home/saczky/CrisisPreventionProject/frontend/src/translation/en/registration.json [11ms]
2024-06-03 11:04:58.099 [info] > git cat-file -s 4102ade36ebc00b5cee3686f95490674f5c4689f [3ms]
2024-06-03 11:05:08.718 [info] > git show --textconv :frontend/src/translation/en/login.json [15ms]
2024-06-03 11:05:08.719 [info] > git ls-files --stage -- /home/saczky/CrisisPreventionProject/frontend/src/translation/en/login.json [2ms]
2024-06-03 11:05:08.947 [info] > git check-ignore -v -z --stdin [3ms]
2024-06-03 11:05:09.533 [info] > git config --get commit.template [7ms]
2024-06-03 11:05:09.534 [info] > git for-each-ref --format=%(refname)%00%(upstream:short)%00%(objectname)%00%(upstream:track)%00%(upstream:remotename)%00%(upstream:remoteref) refs/heads/CPA-15-add-spanish-language-to-the-login-screen refs/remotes/CPA-15-add-spanish-language-to-the-login-screen [1ms]
2024-06-03 11:05:09.553 [info] > git status -z -uall [6ms]
2024-06-03 11:05:09.916 [info] > git show --textconv :frontend/src/translation/en/index.ts [22ms]
2024-06-03 11:05:09.918 [info] > git ls-files --stage -- /home/saczky/CrisisPreventionProject/frontend/src/translation/en/index.ts [14ms]
2024-06-03 11:05:09.930 [info] > git cat-file -s 834971e850bef60967a83ca5c55c43d93a4555a0 [2ms]
2024-06-03 11:05:29.641 [info] > git config --get commit.template [9ms]
2024-06-03 11:05:29.643 [info] > git for-each-ref --format=%(refname)%00%(upstream:short)%00%(objectname)%00%(upstream:track)%00%(upstream:remotename)%00%(upstream:remoteref) refs/heads/CPA-15-add-spanish-language-to-the-login-screen refs/remotes/CPA-15-add-spanish-language-to-the-login-screen [7ms]
2024-06-03 11:05:29.659 [info] > git status -z -uall [9ms]
2024-06-03 11:05:31.283 [info] > git show --textconv :frontend/src/translation/i18n.ts [16ms]
2024-06-03 11:05:31.284 [info] > git ls-files --stage -- /home/saczky/CrisisPreventionProject/frontend/src/translation/i18n.ts [3ms]
2024-06-03 11:05:31.297 [info] > git cat-file -s e5f1dfd5332a9febe7961544f3d7e8625a423105 [1ms]
2024-06-03 11:05:38.170 [info] > git show --textconv :frontend/src/translation/en/index.ts [13ms]
2024-06-03 11:05:38.183 [info] > git ls-files --stage -- /home/saczky/CrisisPreventionProject/frontend/src/translation/en/index.ts [14ms]
2024-06-03 11:05:38.199 [info] > git cat-file -s 834971e850bef60967a83ca5c55c43d93a4555a0 [3ms]
2024-06-03 11:05:39.679 [info] > git show --textconv :frontend/src/translation/en/login.json [13ms]
2024-06-03 11:05:39.680 [info] > git ls-files --stage -- /home/saczky/CrisisPreventionProject/frontend/src/translation/en/login.json [2ms]
2024-06-03 11:05:40.359 [info] > git show --textconv :frontend/src/screens/LoginScreen/LoginScreen.tsx [12ms]
2024-06-03 11:05:40.361 [info] > git ls-files --stage -- /home/saczky/CrisisPreventionProject/frontend/src/screens/LoginScreen/LoginScreen.tsx [4ms]
2024-06-03 11:05:40.374 [info] > git cat-file -s 65588dd2c4e9818942c24a2bbea6fc9cf7a84f17 [6ms]
2024-06-03 11:05:42.644 [info] > git show --textconv :frontend/src/translation/en/registration.json [13ms]
2024-06-03 11:05:42.645 [info] > git ls-files --stage -- /home/saczky/CrisisPreventionProject/frontend/src/translation/en/registration.json [2ms]
2024-06-03 11:05:42.660 [info] > git cat-file -s 4102ade36ebc00b5cee3686f95490674f5c4689f [6ms]
2024-06-03 11:05:43.817 [info] > git show --textconv :frontend/src/translation/en/login.json [6ms]
2024-06-03 11:05:43.818 [info] > git ls-files --stage -- /home/saczky/CrisisPreventionProject/frontend/src/translation/en/login.json [1ms]
2024-06-03 11:05:47.384 [info] > git show --textconv :frontend/src/screens/LoginScreen/LoginScreen.tsx [20ms]
2024-06-03 11:05:47.386 [info] > git ls-files --stage -- /home/saczky/CrisisPreventionProject/frontend/src/screens/LoginScreen/LoginScreen.tsx [3ms]
2024-06-03 11:05:47.408 [info] > git cat-file -s 65588dd2c4e9818942c24a2bbea6fc9cf7a84f17 [7ms]
2024-06-03 11:05:47.809 [info] > git config --get commit.template [12ms]
2024-06-03 11:05:47.810 [info] > git for-each-ref --format=%(refname)%00%(upstream:short)%00%(objectname)%00%(upstream:track)%00%(upstream:remotename)%00%(upstream:remoteref) refs/heads/CPA-15-add-spanish-language-to-the-login-screen refs/remotes/CPA-15-add-spanish-language-to-the-login-screen [5ms]
2024-06-03 11:05:47.827 [info] > git status -z -uall [9ms]
2024-06-03 11:05:53.555 [info] > git show --textconv :frontend/src/translation/en/registration.json [9ms]
2024-06-03 11:05:53.560 [info] > git ls-files --stage -- /home/saczky/CrisisPreventionProject/frontend/src/translation/en/registration.json [7ms]
2024-06-03 11:05:53.568 [info] > git cat-file -s 4102ade36ebc00b5cee3686f95490674f5c4689f [1ms]
2024-06-03 11:05:55.515 [info] > git show --textconv :frontend/src/screens/LoginScreen/LoginScreen.tsx [13ms]
2024-06-03 11:05:55.516 [info] > git ls-files --stage -- /home/saczky/CrisisPreventionProject/frontend/src/screens/LoginScreen/LoginScreen.tsx [2ms]
2024-06-03 11:05:55.529 [info] > git cat-file -s 65588dd2c4e9818942c24a2bbea6fc9cf7a84f17 [2ms]
2024-06-03 11:06:00.312 [info] > git show --textconv :frontend/src/translation/en/registration.json [14ms]
2024-06-03 11:06:00.315 [info] > git ls-files --stage -- /home/saczky/CrisisPreventionProject/frontend/src/translation/en/registration.json [5ms]
2024-06-03 11:06:00.327 [info] > git cat-file -s 4102ade36ebc00b5cee3686f95490674f5c4689f [1ms]
2024-06-03 11:06:01.916 [info] > git show --textconv :frontend/src/screens/LoginScreen/LoginScreen.tsx [14ms]
2024-06-03 11:06:01.917 [info] > git ls-files --stage -- /home/saczky/CrisisPreventionProject/frontend/src/screens/LoginScreen/LoginScreen.tsx [2ms]
2024-06-03 11:06:01.933 [info] > git cat-file -s 65588dd2c4e9818942c24a2bbea6fc9cf7a84f17 [3ms]
2024-06-03 11:06:03.128 [info] > git show --textconv :frontend/src/translation/en/login.json [32ms]
2024-06-03 11:06:03.133 [info] > git ls-files --stage -- /home/saczky/CrisisPreventionProject/frontend/src/translation/en/login.json [7ms]
2024-06-03 11:06:10.702 [info] > git config --get commit.template [2ms]
2024-06-03 11:06:10.714 [info] > git for-each-ref --format=%(refname)%00%(upstream:short)%00%(objectname)%00%(upstream:track)%00%(upstream:remotename)%00%(upstream:remoteref) refs/heads/CPA-15-add-spanish-language-to-the-login-screen refs/remotes/CPA-15-add-spanish-language-to-the-login-screen [1ms]
2024-06-03 11:06:10.732 [info] > git status -z -uall [6ms]
2024-06-03 11:06:10.983 [info] > git show --textconv :frontend/src/screens/LoginScreen/LoginScreen.tsx [19ms]
2024-06-03 11:06:11.000 [info] > git ls-files --stage -- /home/saczky/CrisisPreventionProject/frontend/src/screens/LoginScreen/LoginScreen.tsx [18ms]
2024-06-03 11:06:11.030 [info] > git cat-file -s 65588dd2c4e9818942c24a2bbea6fc9cf7a84f17 [7ms]
2024-06-03 11:06:21.029 [info] > git config --get commit.template [17ms]
2024-06-03 11:06:21.031 [info] > git for-each-ref --format=%(refname)%00%(upstream:short)%00%(objectname)%00%(upstream:track)%00%(upstream:remotename)%00%(upstream:remoteref) refs/heads/CPA-15-add-spanish-language-to-the-login-screen refs/remotes/CPA-15-add-spanish-language-to-the-login-screen [4ms]
2024-06-03 11:06:21.060 [info] > git status -z -uall [14ms]
2024-06-03 11:06:25.276 [info] > git show --textconv :frontend/src/screens/RegistrationScreen/RegistrationScreen.tsx [23ms]
2024-06-03 11:06:25.281 [info] > git ls-files --stage -- /home/saczky/CrisisPreventionProject/frontend/src/screens/RegistrationScreen/RegistrationScreen.tsx [6ms]
2024-06-03 11:06:25.298 [info] > git cat-file -s e73316e0515609f8a789155774820bd41c243661 [2ms]
2024-06-03 11:06:29.076 [info] > git show --textconv :frontend/src/screens/LoginScreen/LoginScreen.tsx [13ms]
2024-06-03 11:06:29.077 [info] > git ls-files --stage -- /home/saczky/CrisisPreventionProject/frontend/src/screens/LoginScreen/LoginScreen.tsx [8ms]
2024-06-03 11:06:29.090 [info] > git cat-file -s 65588dd2c4e9818942c24a2bbea6fc9cf7a84f17 [6ms]
2024-06-03 11:06:40.094 [info] > git show --textconv :frontend/src/translation/en/registration.json [15ms]
2024-06-03 11:06:40.097 [info] > git ls-files --stage -- /home/saczky/CrisisPreventionProject/frontend/src/translation/en/registration.json [4ms]
2024-06-03 11:06:40.113 [info] > git cat-file -s 4102ade36ebc00b5cee3686f95490674f5c4689f [3ms]
2024-06-03 11:06:48.323 [info] > git show --textconv :frontend/src/translation/en/login.json [12ms]
2024-06-03 11:06:48.328 [info] > git ls-files --stage -- /home/saczky/CrisisPreventionProject/frontend/src/translation/en/login.json [9ms]
2024-06-03 11:06:50.973 [info] > git config --get commit.template [6ms]
2024-06-03 11:06:50.977 [info] > git for-each-ref --format=%(refname)%00%(upstream:short)%00%(objectname)%00%(upstream:track)%00%(upstream:remotename)%00%(upstream:remoteref) refs/heads/CPA-15-add-spanish-language-to-the-login-screen refs/remotes/CPA-15-add-spanish-language-to-the-login-screen [5ms]
2024-06-03 11:06:50.989 [info] > git status -z -uall [6ms]
2024-06-03 11:06:52.606 [info] > git show --textconv :frontend/src/screens/LoginScreen/LoginScreen.tsx [24ms]
2024-06-03 11:06:52.607 [info] > git ls-files --stage -- /home/saczky/CrisisPreventionProject/frontend/src/screens/LoginScreen/LoginScreen.tsx [10ms]
2024-06-03 11:06:52.627 [info] > git cat-file -s 65588dd2c4e9818942c24a2bbea6fc9cf7a84f17 [9ms]
2024-06-03 11:06:56.026 [info] > git config --get commit.template [17ms]
2024-06-03 11:06:56.028 [info] > git for-each-ref --format=%(refname)%00%(upstream:short)%00%(objectname)%00%(upstream:track)%00%(upstream:remotename)%00%(upstream:remoteref) refs/heads/CPA-15-add-spanish-language-to-the-login-screen refs/remotes/CPA-15-add-spanish-language-to-the-login-screen [4ms]
2024-06-03 11:06:56.050 [info] > git status -z -uall [7ms]
2024-06-03 11:06:57.931 [info] > git show --textconv :frontend/src/translation/en/registration.json [13ms]
2024-06-03 11:06:57.932 [info] > git ls-files --stage -- /home/saczky/CrisisPreventionProject/frontend/src/translation/en/registration.json [2ms]
2024-06-03 11:06:57.946 [info] > git cat-file -s 4102ade36ebc00b5cee3686f95490674f5c4689f [2ms]
2024-06-03 11:07:00.575 [info] > git show --textconv :frontend/src/screens/RegistrationScreen/RegistrationScreen.tsx [23ms]
2024-06-03 11:07:00.578 [info] > git ls-files --stage -- /home/saczky/CrisisPreventionProject/frontend/src/screens/RegistrationScreen/RegistrationScreen.tsx [8ms]
2024-06-03 11:07:00.597 [info] > git cat-file -s e73316e0515609f8a789155774820bd41c243661 [3ms]
2024-06-03 11:07:10.144 [info] > git show --textconv :frontend/src/screens/LoginScreen/LoginScreen.tsx [12ms]
2024-06-03 11:07:10.145 [info] > git ls-files --stage -- /home/saczky/CrisisPreventionProject/frontend/src/screens/LoginScreen/LoginScreen.tsx [2ms]
2024-06-03 11:07:10.162 [info] > git cat-file -s 65588dd2c4e9818942c24a2bbea6fc9cf7a84f17 [2ms]
2024-06-03 11:07:17.169 [info] > git config --get commit.template [20ms]
2024-06-03 11:07:17.172 [info] > git for-each-ref --format=%(refname)%00%(upstream:short)%00%(objectname)%00%(upstream:track)%00%(upstream:remotename)%00%(upstream:remoteref) refs/heads/CPA-15-add-spanish-language-to-the-login-screen refs/remotes/CPA-15-add-spanish-language-to-the-login-screen [4ms]
2024-06-03 11:07:17.193 [info] > git status -z -uall [8ms]
2024-06-03 11:07:31.276 [info] > git config --get commit.template [5ms]
2024-06-03 11:07:31.277 [info] > git for-each-ref --format=%(refname)%00%(upstream:short)%00%(objectname)%00%(upstream:track)%00%(upstream:remotename)%00%(upstream:remoteref) refs/heads/CPA-15-add-spanish-language-to-the-login-screen refs/remotes/CPA-15-add-spanish-language-to-the-login-screen [1ms]
2024-06-03 11:07:31.285 [info] > git status -z -uall [4ms]
2024-06-03 11:07:42.549 [info] > git show --textconv :frontend/src/translation/en/login.json [9ms]
2024-06-03 11:07:42.550 [info] > git ls-files --stage -- /home/saczky/CrisisPreventionProject/frontend/src/translation/en/login.json [2ms]
2024-06-03 11:07:52.313 [info] > git config --get commit.template [7ms]
2024-06-03 11:07:52.314 [info] > git for-each-ref --format=%(refname)%00%(upstream:short)%00%(objectname)%00%(upstream:track)%00%(upstream:remotename)%00%(upstream:remoteref) refs/heads/CPA-15-add-spanish-language-to-the-login-screen refs/remotes/CPA-15-add-spanish-language-to-the-login-screen [2ms]
2024-06-03 11:07:52.324 [info] > git status -z -uall [5ms]
2024-06-03 11:07:57.344 [info] > git config --get commit.template [7ms]
2024-06-03 11:07:57.345 [info] > git for-each-ref --format=%(refname)%00%(upstream:short)%00%(objectname)%00%(upstream:track)%00%(upstream:remotename)%00%(upstream:remoteref) refs/heads/CPA-15-add-spanish-language-to-the-login-screen refs/remotes/CPA-15-add-spanish-language-to-the-login-screen [1ms]
2024-06-03 11:07:57.356 [info] > git status -z -uall [5ms]
2024-06-03 11:08:04.518 [info] > git show --textconv :frontend/src/screens/RegistrationScreen/RegistrationScreen.tsx [17ms]
2024-06-03 11:08:04.522 [info] > git ls-files --stage -- /home/saczky/CrisisPreventionProject/frontend/src/screens/RegistrationScreen/RegistrationScreen.tsx [4ms]
2024-06-03 11:08:04.544 [info] > git cat-file -s e73316e0515609f8a789155774820bd41c243661 [11ms]
2024-06-03 11:08:06.388 [info] > git show --textconv :frontend/src/screens/LoginScreen/LoginScreen.tsx [11ms]
2024-06-03 11:08:06.393 [info] > git ls-files --stage -- /home/saczky/CrisisPreventionProject/frontend/src/screens/LoginScreen/LoginScreen.tsx [9ms]
2024-06-03 11:08:06.402 [info] > git cat-file -s 65588dd2c4e9818942c24a2bbea6fc9cf7a84f17 [1ms]
2024-06-03 11:08:20.657 [info] > git config --get commit.template [7ms]
2024-06-03 11:08:20.658 [info] > git for-each-ref --format=%(refname)%00%(upstream:short)%00%(objectname)%00%(upstream:track)%00%(upstream:remotename)%00%(upstream:remoteref) refs/heads/CPA-15-add-spanish-language-to-the-login-screen refs/remotes/CPA-15-add-spanish-language-to-the-login-screen [1ms]
2024-06-03 11:08:20.667 [info] > git status -z -uall [4ms]
2024-06-03 11:08:31.966 [info] > git show --textconv :frontend/src/translation/en/login.json [7ms]
2024-06-03 11:08:31.967 [info] > git ls-files --stage -- /home/saczky/CrisisPreventionProject/frontend/src/translation/en/login.json [1ms]
2024-06-03 11:08:33.734 [info] > git show --textconv :frontend/src/screens/LoginScreen/LoginScreen.tsx [17ms]
2024-06-03 11:08:33.734 [info] > git ls-files --stage -- /home/saczky/CrisisPreventionProject/frontend/src/screens/LoginScreen/LoginScreen.tsx [3ms]
2024-06-03 11:08:33.751 [info] > git cat-file -s 65588dd2c4e9818942c24a2bbea6fc9cf7a84f17 [2ms]
2024-06-03 11:08:36.874 [info] > git show --textconv :frontend/src/translation/en/login.json [12ms]
2024-06-03 11:08:36.875 [info] > git ls-files --stage -- /home/saczky/CrisisPreventionProject/frontend/src/translation/en/login.json [4ms]
2024-06-03 11:08:49.943 [info] > git config --get commit.template [12ms]
2024-06-03 11:08:49.943 [info] > git for-each-ref --format=%(refname)%00%(upstream:short)%00%(objectname)%00%(upstream:track)%00%(upstream:remotename)%00%(upstream:remoteref) refs/heads/CPA-15-add-spanish-language-to-the-login-screen refs/remotes/CPA-15-add-spanish-language-to-the-login-screen [1ms]
2024-06-03 11:08:49.959 [info] > git status -z -uall [10ms]
2024-06-03 11:08:50.212 [info] > git show --textconv :frontend/src/screens/LoginScreen/LoginScreen.tsx [14ms]
2024-06-03 11:08:50.213 [info] > git ls-files --stage -- /home/saczky/CrisisPreventionProject/frontend/src/screens/LoginScreen/LoginScreen.tsx [1ms]
2024-06-03 11:08:50.226 [info] > git cat-file -s 65588dd2c4e9818942c24a2bbea6fc9cf7a84f17 [1ms]
2024-06-03 11:09:10.346 [info] > git show --textconv :frontend/src/translation/en/login.json [25ms]
2024-06-03 11:09:10.347 [info] > git ls-files --stage -- /home/saczky/CrisisPreventionProject/frontend/src/translation/en/login.json [6ms]
2024-06-03 11:09:14.126 [info] > git show --textconv :frontend/src/screens/LoginScreen/LoginScreen.tsx [13ms]
2024-06-03 11:09:14.129 [info] > git ls-files --stage -- /home/saczky/CrisisPreventionProject/frontend/src/screens/LoginScreen/LoginScreen.tsx [3ms]
2024-06-03 11:09:14.145 [info] > git cat-file -s 65588dd2c4e9818942c24a2bbea6fc9cf7a84f17 [6ms]
2024-06-03 11:09:14.700 [info] > git config --get commit.template [6ms]
2024-06-03 11:09:14.701 [info] > git for-each-ref --format=%(refname)%00%(upstream:short)%00%(objectname)%00%(upstream:track)%00%(upstream:remotename)%00%(upstream:remoteref) refs/heads/CPA-15-add-spanish-language-to-the-login-screen refs/remotes/CPA-15-add-spanish-language-to-the-login-screen [2ms]
2024-06-03 11:09:14.717 [info] > git status -z -uall [4ms]
2024-06-03 11:09:19.731 [info] > git config --get commit.template [6ms]
2024-06-03 11:09:19.732 [info] > git for-each-ref --format=%(refname)%00%(upstream:short)%00%(objectname)%00%(upstream:track)%00%(upstream:remotename)%00%(upstream:remoteref) refs/heads/CPA-15-add-spanish-language-to-the-login-screen refs/remotes/CPA-15-add-spanish-language-to-the-login-screen [2ms]
2024-06-03 11:09:19.740 [info] > git status -z -uall [4ms]
2024-06-03 11:09:26.598 [info] > git show --textconv :frontend/src/translation/en/login.json [20ms]
2024-06-03 11:09:26.600 [info] > git ls-files --stage -- /home/saczky/CrisisPreventionProject/frontend/src/translation/en/login.json [4ms]
2024-06-03 11:09:26.783 [info] > git config --get commit.template [15ms]
2024-06-03 11:09:26.783 [info] > git for-each-ref --format=%(refname)%00%(upstream:short)%00%(objectname)%00%(upstream:track)%00%(upstream:remotename)%00%(upstream:remoteref) refs/heads/CPA-15-add-spanish-language-to-the-login-screen refs/remotes/CPA-15-add-spanish-language-to-the-login-screen [1ms]
2024-06-03 11:09:26.806 [info] > git status -z -uall [8ms]
2024-06-03 11:09:34.666 [info] > git show --textconv :frontend/src/screens/LoginScreen/LoginScreen.tsx [28ms]
2024-06-03 11:09:34.666 [info] > git ls-files --stage -- /home/saczky/CrisisPreventionProject/frontend/src/screens/LoginScreen/LoginScreen.tsx [16ms]
2024-06-03 11:09:34.680 [info] > git config --get commit.template [14ms]
2024-06-03 11:09:34.680 [info] > git cat-file -s 65588dd2c4e9818942c24a2bbea6fc9cf7a84f17 [2ms]
2024-06-03 11:09:34.694 [info] > git for-each-ref --format=%(refname)%00%(upstream:short)%00%(objectname)%00%(upstream:track)%00%(upstream:remotename)%00%(upstream:remoteref) refs/heads/CPA-15-add-spanish-language-to-the-login-screen refs/remotes/CPA-15-add-spanish-language-to-the-login-screen [2ms]
2024-06-03 11:09:34.716 [info] > git status -z -uall [9ms]
2024-06-03 11:11:02.067 [info] > git show --textconv :frontend/src/screens/RegistrationScreen/RegistrationScreen.tsx [9ms]
2024-06-03 11:11:02.070 [info] > git ls-files --stage -- /home/saczky/CrisisPreventionProject/frontend/src/screens/RegistrationScreen/RegistrationScreen.tsx [3ms]
2024-06-03 11:11:02.082 [info] > git cat-file -s e73316e0515609f8a789155774820bd41c243661 [1ms]
2024-06-03 11:11:08.345 [info] > git show --textconv :frontend/App.tsx [13ms]
2024-06-03 11:11:08.346 [info] > git ls-files --stage -- /home/saczky/CrisisPreventionProject/frontend/App.tsx [2ms]
2024-06-03 11:11:08.357 [info] > git cat-file -s 3698c16e41f32b4599987ca328ac6f624c8d9e70 [5ms]
2024-06-03 11:11:18.548 [info] > git show --textconv :frontend/src/translation/i18n.ts [18ms]
2024-06-03 11:11:18.548 [info] > git ls-files --stage -- /home/saczky/CrisisPreventionProject/frontend/src/translation/i18n.ts [5ms]
2024-06-03 11:11:18.564 [info] > git cat-file -s e5f1dfd5332a9febe7961544f3d7e8625a423105 [3ms]
2024-06-03 11:11:22.426 [info] > git show --textconv :frontend/src/screens/LoginScreen/LoginScreen.tsx [27ms]
2024-06-03 11:11:22.430 [info] > git ls-files --stage -- /home/saczky/CrisisPreventionProject/frontend/src/screens/LoginScreen/LoginScreen.tsx [12ms]
2024-06-03 11:11:22.450 [info] > git cat-file -s 65588dd2c4e9818942c24a2bbea6fc9cf7a84f17 [3ms]
2024-06-03 11:11:24.802 [info] > git show --textconv :frontend/src/translation/en/login.json [7ms]
2024-06-03 11:11:24.808 [info] > git ls-files --stage -- /home/saczky/CrisisPreventionProject/frontend/src/translation/en/login.json [7ms]
2024-06-03 11:12:17.111 [info] > git check-ignore -v -z --stdin [2ms]
2024-06-03 11:12:21.614 [info] > git show --textconv :frontend/src/translation/es/login.json [31ms]
2024-06-03 11:12:21.617 [info] > git ls-files --stage -- /home/saczky/CrisisPreventionProject/frontend/src/translation/es/login.json [4ms]
2024-06-03 11:12:21.829 [info] > git check-ignore -v -z --stdin [16ms]
2024-06-03 11:12:22.399 [info] > git config --get commit.template [16ms]
2024-06-03 11:12:22.401 [info] > git for-each-ref --format=%(refname)%00%(upstream:short)%00%(objectname)%00%(upstream:track)%00%(upstream:remotename)%00%(upstream:remoteref) refs/heads/CPA-15-add-spanish-language-to-the-login-screen refs/remotes/CPA-15-add-spanish-language-to-the-login-screen [3ms]
2024-06-03 11:12:22.426 [info] > git status -z -uall [11ms]
2024-06-03 11:12:25.190 [info] > git show --textconv :frontend/src/translation/en/index.ts [17ms]
2024-06-03 11:12:25.194 [info] > git ls-files --stage -- /home/saczky/CrisisPreventionProject/frontend/src/translation/en/index.ts [7ms]
2024-06-03 11:12:25.214 [info] > git cat-file -s 834971e850bef60967a83ca5c55c43d93a4555a0 [3ms]
2024-06-03 11:12:27.440 [info] > git config --get commit.template [3ms]
2024-06-03 11:12:27.448 [info] > git for-each-ref --format=%(refname)%00%(upstream:short)%00%(objectname)%00%(upstream:track)%00%(upstream:remotename)%00%(upstream:remoteref) refs/heads/CPA-15-add-spanish-language-to-the-login-screen refs/remotes/CPA-15-add-spanish-language-to-the-login-screen [2ms]
2024-06-03 11:12:27.468 [info] > git status -z -uall [5ms]
2024-06-03 11:12:27.685 [info] > git show --textconv :frontend/src/translation/es/login.json [18ms]
2024-06-03 11:12:27.693 [info] > git ls-files --stage -- /home/saczky/CrisisPreventionProject/frontend/src/translation/es/login.json [9ms]
2024-06-03 11:12:29.565 [info] > git show --textconv :frontend/src/translation/es/index.ts [19ms]
2024-06-03 11:12:29.567 [info] > git ls-files --stage -- /home/saczky/CrisisPreventionProject/frontend/src/translation/es/index.ts [3ms]
2024-06-03 11:12:29.592 [info] > git cat-file -s 834971e850bef60967a83ca5c55c43d93a4555a0 [9ms]
2024-06-03 11:12:35.002 [info] > git config --get commit.template [8ms]
2024-06-03 11:12:35.003 [info] > git for-each-ref --format=%(refname)%00%(upstream:short)%00%(objectname)%00%(upstream:track)%00%(upstream:remotename)%00%(upstream:remoteref) refs/heads/CPA-15-add-spanish-language-to-the-login-screen refs/remotes/CPA-15-add-spanish-language-to-the-login-screen [1ms]
2024-06-03 11:12:35.014 [info] > git status -z -uall [4ms]
2024-06-03 11:12:35.727 [info] > git show --textconv :frontend/src/translation/es/login.json [12ms]
2024-06-03 11:12:35.729 [info] > git ls-files --stage -- /home/saczky/CrisisPreventionProject/frontend/src/translation/es/login.json [3ms]
2024-06-03 11:12:36.583 [info] > git show --textconv :frontend/src/translation/en/login.json [18ms]
2024-06-03 11:12:36.585 [info] > git ls-files --stage -- /home/saczky/CrisisPreventionProject/frontend/src/translation/en/login.json [3ms]
2024-06-03 11:12:37.394 [info] > git show --textconv :frontend/src/screens/LoginScreen/LoginScreen.tsx [19ms]
2024-06-03 11:12:37.396 [info] > git ls-files --stage -- /home/saczky/CrisisPreventionProject/frontend/src/screens/LoginScreen/LoginScreen.tsx [6ms]
2024-06-03 11:12:37.428 [info] > git cat-file -s 65588dd2c4e9818942c24a2bbea6fc9cf7a84f17 [8ms]
2024-06-03 11:12:47.512 [info] > git show --textconv :frontend/src/translation/en/login.json [17ms]
2024-06-03 11:12:47.513 [info] > git ls-files --stage -- /home/saczky/CrisisPreventionProject/frontend/src/translation/en/login.json [2ms]
2024-06-03 11:12:49.395 [info] > git show --textconv :frontend/src/translation/es/login.json [17ms]
2024-06-03 11:12:49.396 [info] > git ls-files --stage -- /home/saczky/CrisisPreventionProject/frontend/src/translation/es/login.json [2ms]
2024-06-03 11:12:50.493 [info] > git show --textconv :frontend/src/screens/LoginScreen/LoginScreen.tsx [16ms]
2024-06-03 11:12:50.495 [info] > git ls-files --stage -- /home/saczky/CrisisPreventionProject/frontend/src/screens/LoginScreen/LoginScreen.tsx [3ms]
2024-06-03 11:12:50.512 [info] > git cat-file -s 65588dd2c4e9818942c24a2bbea6fc9cf7a84f17 [1ms]
2024-06-03 11:13:01.458 [info] > git show --textconv :frontend/App.tsx [12ms]
2024-06-03 11:13:01.459 [info] > git ls-files --stage -- /home/saczky/CrisisPreventionProject/frontend/App.tsx [6ms]
2024-06-03 11:13:01.468 [info] > git cat-file -s 3698c16e41f32b4599987ca328ac6f624c8d9e70 [2ms]
2024-06-03 11:13:25.290 [info] > git config --get commit.template [7ms]
2024-06-03 11:13:25.290 [info] > git for-each-ref --format=%(refname)%00%(upstream:short)%00%(objectname)%00%(upstream:track)%00%(upstream:remotename)%00%(upstream:remoteref) refs/heads/CPA-15-add-spanish-language-to-the-login-screen refs/remotes/CPA-15-add-spanish-language-to-the-login-screen [1ms]
2024-06-03 11:13:25.302 [info] > git status -z -uall [6ms]
2024-06-03 11:13:33.734 [info] > git show --textconv :frontend/src/translation/i18n.ts [18ms]
2024-06-03 11:13:33.734 [info] > git ls-files --stage -- /home/saczky/CrisisPreventionProject/frontend/src/translation/i18n.ts [1ms]
2024-06-03 11:13:33.745 [info] > git cat-file -s e5f1dfd5332a9febe7961544f3d7e8625a423105 [2ms]
2024-06-03 11:13:38.101 [info] > git config --get commit.template [20ms]
2024-06-03 11:13:38.104 [info] > git for-each-ref --format=%(refname)%00%(upstream:short)%00%(objectname)%00%(upstream:track)%00%(upstream:remotename)%00%(upstream:remoteref) refs/heads/CPA-15-add-spanish-language-to-the-login-screen refs/remotes/CPA-15-add-spanish-language-to-the-login-screen [6ms]
2024-06-03 11:13:38.136 [info] > git status -z -uall [15ms]
2024-06-03 11:13:52.735 [info] > git show --textconv :frontend/src/translation/en/login.json [10ms]
2024-06-03 11:13:52.736 [info] > git ls-files --stage -- /home/saczky/CrisisPreventionProject/frontend/src/translation/en/login.json [2ms]
2024-06-03 11:13:54.118 [info] > git show --textconv :frontend/src/translation/i18n.ts [18ms]
2024-06-03 11:13:54.119 [info] > git ls-files --stage -- /home/saczky/CrisisPreventionProject/frontend/src/translation/i18n.ts [4ms]
2024-06-03 11:13:54.138 [info] > git cat-file -s e5f1dfd5332a9febe7961544f3d7e8625a423105 [5ms]
2024-06-03 11:13:55.343 [info] > git show --textconv :frontend/App.tsx [16ms]
2024-06-03 11:13:55.344 [info] > git ls-files --stage -- /home/saczky/CrisisPreventionProject/frontend/App.tsx [7ms]
2024-06-03 11:13:55.360 [info] > git cat-file -s 3698c16e41f32b4599987ca328ac6f624c8d9e70 [4ms]
2024-06-03 11:13:56.914 [info] > git show --textconv :frontend/src/screens/LoginScreen/LoginScreen.tsx [32ms]
2024-06-03 11:13:56.928 [info] > git ls-files --stage -- /home/saczky/CrisisPreventionProject/frontend/src/screens/LoginScreen/LoginScreen.tsx [14ms]
2024-06-03 11:13:56.948 [info] > git cat-file -s 65588dd2c4e9818942c24a2bbea6fc9cf7a84f17 [8ms]
2024-06-03 11:14:06.913 [info] > git show --textconv :frontend/src/translation/i18n.ts [15ms]
2024-06-03 11:14:06.914 [info] > git ls-files --stage -- /home/saczky/CrisisPreventionProject/frontend/src/translation/i18n.ts [2ms]
2024-06-03 11:14:06.926 [info] > git cat-file -s e5f1dfd5332a9febe7961544f3d7e8625a423105 [6ms]
2024-06-03 11:14:08.598 [info] > git show --textconv :frontend/src/translation/es/registration.json [17ms]
2024-06-03 11:14:08.599 [info] > git ls-files --stage -- /home/saczky/CrisisPreventionProject/frontend/src/translation/es/registration.json [2ms]
2024-06-03 11:14:08.617 [info] > git cat-file -s 1df9e1dabd943486a9045b28968fd1897b02af70 [2ms]
2024-06-03 11:14:12.028 [info] > git show --textconv :frontend/src/translation/es/login.json [15ms]
2024-06-03 11:14:12.029 [info] > git ls-files --stage -- /home/saczky/CrisisPreventionProject/frontend/src/translation/es/login.json [2ms]
2024-06-03 11:14:15.232 [info] > git config --get commit.template [20ms]
2024-06-03 11:14:15.234 [info] > git for-each-ref --format=%(refname)%00%(upstream:short)%00%(objectname)%00%(upstream:track)%00%(upstream:remotename)%00%(upstream:remoteref) refs/heads/CPA-15-add-spanish-language-to-the-login-screen refs/remotes/CPA-15-add-spanish-language-to-the-login-screen [4ms]
2024-06-03 11:14:15.264 [info] > git status -z -uall [13ms]
2024-06-03 11:14:23.958 [info] > git show --textconv :frontend/src/translation/i18n.ts [14ms]
2024-06-03 11:14:23.960 [info] > git ls-files --stage -- /home/saczky/CrisisPreventionProject/frontend/src/translation/i18n.ts [7ms]
2024-06-03 11:14:23.969 [info] > git cat-file -s e5f1dfd5332a9febe7961544f3d7e8625a423105 [1ms]
2024-06-03 11:14:28.368 [info] > git config --get commit.template [18ms]
2024-06-03 11:14:28.369 [info] > git for-each-ref --format=%(refname)%00%(upstream:short)%00%(objectname)%00%(upstream:track)%00%(upstream:remotename)%00%(upstream:remoteref) refs/heads/CPA-15-add-spanish-language-to-the-login-screen refs/remotes/CPA-15-add-spanish-language-to-the-login-screen [2ms]
2024-06-03 11:14:28.381 [info] > git status -z -uall [4ms]
2024-06-03 11:23:11.422 [info] > git config --get commit.template [17ms]
2024-06-03 11:23:11.423 [info] > git for-each-ref --format=%(refname)%00%(upstream:short)%00%(objectname)%00%(upstream:track)%00%(upstream:remotename)%00%(upstream:remoteref) refs/heads/CPA-15-add-spanish-language-to-the-login-screen refs/remotes/CPA-15-add-spanish-language-to-the-login-screen [1ms]
2024-06-03 11:23:11.436 [info] > git status -z -uall [2ms]
2024-06-03 11:23:11.450 [info] > git merge-base refs/heads/CPA-15-add-spanish-language-to-the-login-screen refs/remotes/origin/CPA-15-add-spanish-language-to-the-login-screen [8ms]
2024-06-03 11:23:11.468 [info] > git rev-list --count --left-right refs/heads/CPA-15-add-spanish-language-to-the-login-screen...refs/remotes/origin/CPA-15-add-spanish-language-to-the-login-screen [13ms]
2024-06-03 11:23:11.475 [info] > git ls-files --stage -- /home/saczky/CrisisPreventionProject/frontend/src/translation/i18n.ts [7ms]
2024-06-03 11:23:11.492 [info] > git diff --name-status -z --diff-filter=ADMR 31db3e46554150ee98d3f6deefd05d1eef64ff94...refs/remotes/origin/CPA-15-add-spanish-language-to-the-login-screen [17ms]
2024-06-03 11:23:11.502 [info] > git cat-file -s e5f1dfd5332a9febe7961544f3d7e8625a423105 [10ms]
2024-06-03 11:23:11.522 [info] > git show --textconv :frontend/src/translation/i18n.ts [2ms]
2024-06-03 11:23:21.233 [info] > git config --get commit.template [7ms]
2024-06-03 11:23:21.264 [info] > git for-each-ref --format=%(refname)%00%(upstream:short)%00%(objectname)%00%(upstream:track)%00%(upstream:remotename)%00%(upstream:remoteref) refs/heads/CPA-15-add-spanish-language-to-the-login-screen refs/remotes/CPA-15-add-spanish-language-to-the-login-screen [6ms]
2024-06-03 11:23:21.284 [info] > git status -z -uall [9ms]
2024-06-03 14:00:14.270 [info] > git check-ignore -v -z --stdin [6ms]
2024-06-03 14:00:30.065 [info] > git config --get commit.template [31ms]
2024-06-03 14:00:30.073 [info] > git for-each-ref --format=%(refname)%00%(upstream:short)%00%(objectname)%00%(upstream:track)%00%(upstream:remotename)%00%(upstream:remoteref) refs/heads/CPA-28-create-a-layout-for-the-physical-form-page refs/remotes/CPA-28-create-a-layout-for-the-physical-form-page [10ms]
2024-06-03 14:00:30.127 [info] > git status -z -uall [28ms]
2024-06-03 14:00:30.176 [info] > git merge-base refs/heads/CPA-28-create-a-layout-for-the-physical-form-page refs/remotes/origin/CPA-28-create-a-layout-for-the-physical-form-page [14ms]
2024-06-03 14:00:30.210 [info] > git rev-list --count --left-right refs/heads/CPA-28-create-a-layout-for-the-physical-form-page...refs/remotes/origin/CPA-28-create-a-layout-for-the-physical-form-page [7ms]
2024-06-03 14:00:30.242 [info] > git diff --name-status -z --diff-filter=ADMR 51e46551e60e3f20a77270bdb25c21e0e44f89c5...refs/remotes/origin/CPA-28-create-a-layout-for-the-physical-form-page [8ms]
2024-06-03 14:00:30.296 [info] > git ls-files --stage -- /home/saczky/CrisisPreventionProject/frontend/src/translation/i18n.ts [2ms]
2024-06-03 14:00:30.312 [info] > git cat-file -s e5f1dfd5332a9febe7961544f3d7e8625a423105 [2ms]
2024-06-03 14:00:30.347 [info] > git show --textconv :frontend/src/translation/i18n.ts [3ms]
2024-06-03 14:00:47.910 [info] > git config --get commit.template [48ms]
2024-06-03 14:00:47.918 [info] > git for-each-ref --format=%(refname)%00%(upstream:short)%00%(objectname)%00%(upstream:track)%00%(upstream:remotename)%00%(upstream:remoteref) refs/heads/CPA-28-create-a-layout-for-the-physical-form-page refs/remotes/CPA-28-create-a-layout-for-the-physical-form-page [12ms]
2024-06-03 14:00:47.996 [info] > git status -z -uall [32ms]
2024-06-03 14:00:52.813 [info] > git ls-files --stage -- /home/saczky/CrisisPreventionProject/frontend/src/translation/i18n.ts [7ms]
2024-06-03 14:00:52.856 [info] > git cat-file -s e5f1dfd5332a9febe7961544f3d7e8625a423105 [10ms]
2024-06-03 14:00:52.910 [info] > git show --textconv :frontend/src/translation/i18n.ts [13ms]
2024-06-03 14:00:53.082 [info] > git config --get commit.template [38ms]
2024-06-03 14:00:53.086 [info] > git for-each-ref --format=%(refname)%00%(upstream:short)%00%(objectname)%00%(upstream:track)%00%(upstream:remotename)%00%(upstream:remoteref) refs/heads/CPA-28-create-a-layout-for-the-physical-form-page refs/remotes/CPA-28-create-a-layout-for-the-physical-form-page [9ms]
2024-06-03 14:00:53.144 [info] > git status -z -uall [33ms]
2024-06-03 14:01:09.415 [info] > git config --get commit.template [44ms]
2024-06-03 14:01:09.463 [info] > git ls-files --stage -- /home/saczky/CrisisPreventionProject/frontend/src/translation/i18n.ts [51ms]
2024-06-03 14:01:09.506 [info] > git for-each-ref --format=%(refname)%00%(upstream:short)%00%(objectname)%00%(upstream:track)%00%(upstream:remotename)%00%(upstream:remoteref) refs/heads/CPA-28-create-a-layout-for-the-physical-form-page refs/remotes/CPA-28-create-a-layout-for-the-physical-form-page [52ms]
2024-06-03 14:01:09.510 [info] > git cat-file -s e5f1dfd5332a9febe7961544f3d7e8625a423105 [10ms]
2024-06-03 14:01:09.562 [info] > git status -z -uall [18ms]
2024-06-03 14:01:09.626 [info] > git show --textconv :frontend/src/translation/i18n.ts [3ms]
2024-06-03 14:01:26.061 [info] > git for-each-ref --format=%(refname)%00%(upstream:short)%00%(objectname)%00%(upstream:track)%00%(upstream:remotename)%00%(upstream:remoteref) refs/heads/CPA-28-create-a-layout-for-the-physical-form-page refs/remotes/CPA-28-create-a-layout-for-the-physical-form-page [65ms]
2024-06-03 14:01:26.062 [info] > git ls-files --stage -- /home/saczky/CrisisPreventionProject/frontend/src/translation/i18n.ts [14ms]
2024-06-03 14:01:26.136 [info] > git cat-file -s e5f1dfd5332a9febe7961544f3d7e8625a423105 [35ms]
2024-06-03 14:01:26.146 [info] > git status -z -uall [15ms]
2024-06-03 14:01:26.267 [info] > git show --textconv :frontend/src/translation/i18n.ts [9ms]
2024-06-03 14:01:31.194 [info] > git for-each-ref --format=%(refname)%00%(upstream:short)%00%(objectname)%00%(upstream:track)%00%(upstream:remotename)%00%(upstream:remoteref) refs/heads/CPA-28-create-a-layout-for-the-physical-form-page refs/remotes/CPA-28-create-a-layout-for-the-physical-form-page [5ms]
2024-06-03 14:01:31.227 [info] > git status -z -uall [8ms]
2024-06-03 14:01:41.657 [info] > git for-each-ref --format=%(refname)%00%(upstream:short)%00%(objectname)%00%(upstream:track)%00%(upstream:remotename)%00%(upstream:remoteref) refs/heads/CPA-28-create-a-layout-for-the-physical-form-page refs/remotes/CPA-28-create-a-layout-for-the-physical-form-page [6ms]
2024-06-03 14:01:41.686 [info] > git status -z -uall [8ms]
2024-06-03 14:02:14.506 [info] > git for-each-ref --format=%(refname)%00%(upstream:short)%00%(objectname)%00%(upstream:track)%00%(upstream:remotename)%00%(upstream:remoteref) refs/heads/CPA-28-create-a-layout-for-the-physical-form-page refs/remotes/CPA-28-create-a-layout-for-the-physical-form-page [5ms]
2024-06-03 14:02:14.546 [info] > git status -z -uall [17ms]
2024-06-03 14:02:19.800 [info] > git check-ignore -v -z --stdin [5ms]
2024-06-03 14:02:20.444 [info] > git show --textconv :frontend/src/navigation/navigation.ts [20ms]
2024-06-03 14:02:20.446 [info] > git ls-files --stage -- /home/saczky/CrisisPreventionProject/frontend/src/navigation/navigation.ts [1ms]
2024-06-03 14:02:20.473 [info] > git cat-file -s cecfdee662d1b7d50c3ceb25079f583e3c6dce48 [8ms]
2024-06-03 14:02:34.152 [info] > git for-each-ref --format=%(refname)%00%(upstream:short)%00%(objectname)%00%(upstream:track)%00%(upstream:remotename)%00%(upstream:remoteref) refs/heads/CPA-28-create-a-layout-for-the-physical-form-page refs/remotes/CPA-28-create-a-layout-for-the-physical-form-page [5ms]
2024-06-03 14:02:34.182 [info] > git status -z -uall [9ms]
2024-06-03 14:02:34.691 [info] > git show --textconv :frontend/src/navigation/paths.ts [46ms]
2024-06-03 14:02:34.698 [info] > git ls-files --stage -- /home/saczky/CrisisPreventionProject/frontend/src/navigation/paths.ts [9ms]
2024-06-03 14:02:34.736 [info] > git cat-file -s 07beb6e56039f53d0dff551c8e92653ff475db86 [7ms]
2024-06-03 14:02:45.872 [info] > git for-each-ref --format=%(refname)%00%(upstream:short)%00%(objectname)%00%(upstream:track)%00%(upstream:remotename)%00%(upstream:remoteref) refs/heads/CPA-28-create-a-layout-for-the-physical-form-page refs/remotes/CPA-28-create-a-layout-for-the-physical-form-page [9ms]
2024-06-03 14:02:45.920 [info] > git status -z -uall [12ms]
2024-06-03 14:02:46.613 [info] > git show --textconv :frontend/src/navigation/navigation.ts [33ms]
2024-06-03 14:02:46.627 [info] > git ls-files --stage -- /home/saczky/CrisisPreventionProject/frontend/src/navigation/navigation.ts [16ms]
2024-06-03 14:02:46.675 [info] > git cat-file -s cecfdee662d1b7d50c3ceb25079f583e3c6dce48 [10ms]
2024-06-03 14:03:16.030 [info] > git for-each-ref --format=%(refname)%00%(upstream:short)%00%(objectname)%00%(upstream:track)%00%(upstream:remotename)%00%(upstream:remoteref) refs/heads/CPA-28-create-a-layout-for-the-physical-form-page refs/remotes/CPA-28-create-a-layout-for-the-physical-form-page [5ms]
2024-06-03 14:03:16.062 [info] > git status -z -uall [8ms]
2024-06-03 14:03:21.107 [info] > git for-each-ref --format=%(refname)%00%(upstream:short)%00%(objectname)%00%(upstream:track)%00%(upstream:remotename)%00%(upstream:remoteref) refs/heads/CPA-28-create-a-layout-for-the-physical-form-page refs/remotes/CPA-28-create-a-layout-for-the-physical-form-page [5ms]
2024-06-03 14:03:21.143 [info] > git status -z -uall [11ms]
2024-06-03 14:03:37.088 [info] > git for-each-ref --format=%(refname)%00%(upstream:short)%00%(objectname)%00%(upstream:track)%00%(upstream:remotename)%00%(upstream:remoteref) refs/heads/CPA-28-create-a-layout-for-the-physical-form-page refs/remotes/CPA-28-create-a-layout-for-the-physical-form-page [5ms]
2024-06-03 14:03:37.116 [info] > git status -z -uall [8ms]
2024-06-03 14:03:56.530 [info] > git for-each-ref --format=%(refname)%00%(upstream:short)%00%(objectname)%00%(upstream:track)%00%(upstream:remotename)%00%(upstream:remoteref) refs/heads/CPA-28-create-a-layout-for-the-physical-form-page refs/remotes/CPA-28-create-a-layout-for-the-physical-form-page [4ms]
2024-06-03 14:03:56.556 [info] > git status -z -uall [8ms]
2024-06-03 14:04:22.707 [info] > git for-each-ref --format=%(refname)%00%(upstream:short)%00%(objectname)%00%(upstream:track)%00%(upstream:remotename)%00%(upstream:remoteref) refs/heads/CPA-28-create-a-layout-for-the-physical-form-page refs/remotes/CPA-28-create-a-layout-for-the-physical-form-page [4ms]
2024-06-03 14:04:22.728 [info] > git status -z -uall [7ms]
2024-06-03 14:07:08.537 [info] > git config --get commit.template [32ms]
2024-06-03 14:07:08.541 [info] > git for-each-ref --format=%(refname)%00%(upstream:short)%00%(objectname)%00%(upstream:track)%00%(upstream:remotename)%00%(upstream:remoteref) refs/heads/CPA-28-create-a-layout-for-the-physical-form-page refs/remotes/CPA-28-create-a-layout-for-the-physical-form-page [8ms]
2024-06-03 14:07:08.587 [info] > git status -z -uall [9ms]
2024-06-03 14:07:08.637 [info] > git merge-base refs/heads/CPA-28-create-a-layout-for-the-physical-form-page refs/remotes/origin/CPA-28-create-a-layout-for-the-physical-form-page [8ms]
2024-06-03 14:07:08.661 [info] > git rev-list --count --left-right refs/heads/CPA-28-create-a-layout-for-the-physical-form-page...refs/remotes/origin/CPA-28-create-a-layout-for-the-physical-form-page [7ms]
2024-06-03 14:07:08.680 [info] > git diff --name-status -z --diff-filter=ADMR 7bb77bd7e9cf1efb80a6c4f43985d5a4ac2a9a34...refs/remotes/origin/CPA-28-create-a-layout-for-the-physical-form-page [4ms]
2024-06-03 14:07:08.997 [info] > git show --textconv :frontend/App.tsx [25ms]
2024-06-03 14:07:08.999 [info] > git ls-files --stage -- /home/saczky/CrisisPreventionProject/frontend/App.tsx [4ms]
2024-06-03 14:07:09.015 [info] > git cat-file -s b84722e96e64f179c4c6e6e175e6a5044e784e04 [2ms]
2024-06-03 15:02:37.011 [info] > git config --get commit.template [17ms]
2024-06-03 15:02:37.014 [info] > git for-each-ref --format=%(refname)%00%(upstream:short)%00%(objectname)%00%(upstream:track)%00%(upstream:remotename)%00%(upstream:remoteref) refs/heads/CPA-28-create-a-layout-for-the-physical-form-page refs/remotes/CPA-28-create-a-layout-for-the-physical-form-page [3ms]
2024-06-03 15:02:37.047 [info] > git status -z -uall [12ms]
