2024-06-05 12:22:57.103 [info] Log level: Info
2024-06-05 12:22:57.103 [info] Validating found git in: "git"
2024-06-05 12:22:57.103 [info] Using git "2.45.2" from "git"
2024-06-05 12:22:57.113 [info] > git rev-parse --show-toplevel [17ms]
2024-06-05 12:22:57.151 [info] > git rev-parse --git-dir --git-common-dir [30ms]
2024-06-05 12:22:57.170 [info] Open repository: /home/saczky/CrisisPreventionProject
2024-06-05 12:22:57.215 [info] > git config --get commit.template [17ms]
2024-06-05 12:22:57.220 [info] > git rev-parse --show-toplevel [12ms]
2024-06-05 12:22:57.252 [info] > git for-each-ref --format=%(refname)%00%(upstream:short)%00%(objectname)%00%(upstream:track)%00%(upstream:remotename)%00%(upstream:remoteref) refs/heads/CPA-11-log-in-to-the-application refs/remotes/CPA-11-log-in-to-the-application [18ms]
2024-06-05 12:22:57.268 [info] > git rev-parse --show-toplevel [17ms]
2024-06-05 12:22:57.278 [info] > git rev-parse --show-toplevel [2ms]
2024-06-05 12:22:57.285 [info] > git status -z -uall [19ms]
2024-06-05 12:22:57.324 [info] > git config --get commit.template [10ms]
2024-06-05 12:22:57.334 [info] > git for-each-ref --format=%(refname)%00%(upstream:short)%00%(objectname)%00%(upstream:track)%00%(upstream:remotename)%00%(upstream:remoteref) refs/heads/CPA-11-log-in-to-the-application refs/remotes/CPA-11-log-in-to-the-application [2ms]
2024-06-05 12:22:57.344 [info] > git status -z -uall [3ms]
2024-06-05 12:22:58.576 [info] > git check-ignore -v -z --stdin [474ms]
2024-06-05 12:22:58.732 [info] > git show --textconv :frontend/src/api/instance.ts [44ms]
2024-06-05 12:22:58.752 [info] > git ls-files --stage -- /home/saczky/CrisisPreventionProject/frontend/src/api/instance.ts [24ms]
2024-06-05 12:22:58.769 [info] > git cat-file -s 9407f8a090f2008a623a85b4ce7f43cd4a960863 [2ms]
2024-06-05 12:55:51.504 [info] > git check-ignore -v -z --stdin [14ms]
2024-06-05 12:55:53.078 [info] > git show --textconv :backend/crisis_management_system/settings.py [64ms]
2024-06-05 12:55:53.080 [info] > git ls-files --stage -- /home/saczky/CrisisPreventionProject/backend/crisis_management_system/settings.py [52ms]
2024-06-05 12:55:53.093 [info] > git cat-file -s 99d0f92f998ee8305c3b8fab6b261b3dda71ef56 [4ms]
2024-06-05 12:56:36.153 [info] > git show --textconv :frontend/src/api/instance.ts [14ms]
2024-06-05 12:56:36.155 [info] > git ls-files --stage -- /home/saczky/CrisisPreventionProject/frontend/src/api/instance.ts [4ms]
2024-06-05 12:56:36.174 [info] > git cat-file -s 9407f8a090f2008a623a85b4ce7f43cd4a960863 [9ms]
2024-06-05 12:56:37.944 [info] > git config --get commit.template [18ms]
2024-06-05 12:56:37.963 [info] > git for-each-ref --format=%(refname)%00%(upstream:short)%00%(objectname)%00%(upstream:track)%00%(upstream:remotename)%00%(upstream:remoteref) refs/heads/CPA-11-log-in-to-the-application refs/remotes/CPA-11-log-in-to-the-application [20ms]
2024-06-05 12:56:37.992 [info] > git show --textconv :frontend/src/hooks/useUserLogin.ts [32ms]
2024-06-05 12:56:37.995 [info] > git ls-files --stage -- /home/saczky/CrisisPreventionProject/frontend/src/hooks/useUserLogin.ts [3ms]
2024-06-05 12:56:38.007 [info] > git status -z -uall [31ms]
2024-06-05 12:56:38.525 [info] > git show --textconv :frontend/src/api/instance.ts [16ms]
2024-06-05 12:56:38.526 [info] > git ls-files --stage -- /home/saczky/CrisisPreventionProject/frontend/src/api/instance.ts [2ms]
2024-06-05 12:56:38.551 [info] > git cat-file -s 9407f8a090f2008a623a85b4ce7f43cd4a960863 [10ms]
2024-06-05 12:56:41.475 [info] > git show --textconv :frontend/src/hooks/useUserLogin.ts [5ms]
2024-06-05 12:56:41.476 [info] > git ls-files --stage -- /home/saczky/CrisisPreventionProject/frontend/src/hooks/useUserLogin.ts [1ms]
2024-06-05 12:56:43.028 [info] > git config --get commit.template [5ms]
2024-06-05 12:56:43.028 [info] > git for-each-ref --format=%(refname)%00%(upstream:short)%00%(objectname)%00%(upstream:track)%00%(upstream:remotename)%00%(upstream:remoteref) refs/heads/CPA-11-log-in-to-the-application refs/remotes/CPA-11-log-in-to-the-application [1ms]
2024-06-05 12:56:43.034 [info] > git status -z -uall [2ms]
2024-06-05 12:56:49.662 [info] > git config --get commit.template [13ms]
2024-06-05 12:56:49.663 [info] > git for-each-ref --format=%(refname)%00%(upstream:short)%00%(objectname)%00%(upstream:track)%00%(upstream:remotename)%00%(upstream:remoteref) refs/heads/CPA-11-log-in-to-the-application refs/remotes/CPA-11-log-in-to-the-application [2ms]
2024-06-05 12:56:49.673 [info] > git status -z -uall [3ms]
2024-06-05 12:57:05.597 [info] > git config --get commit.template [25ms]
2024-06-05 12:57:05.602 [info] > git for-each-ref --format=%(refname)%00%(upstream:short)%00%(objectname)%00%(upstream:track)%00%(upstream:remotename)%00%(upstream:remoteref) refs/heads/CPA-11-log-in-to-the-application refs/remotes/CPA-11-log-in-to-the-application [12ms]
2024-06-05 12:57:05.644 [info] > git status -z -uall [25ms]
2024-06-05 12:57:26.305 [info] > git config --get commit.template [1ms]
2024-06-05 12:57:26.333 [info] > git for-each-ref --format=%(refname)%00%(upstream:short)%00%(objectname)%00%(upstream:track)%00%(upstream:remotename)%00%(upstream:remoteref) refs/heads/CPA-11-log-in-to-the-application refs/remotes/CPA-11-log-in-to-the-application [9ms]
2024-06-05 12:57:26.368 [info] > git status -z -uall [13ms]
2024-06-05 12:57:32.948 [info] > git config --get commit.template [8ms]
2024-06-05 12:57:32.949 [info] > git for-each-ref --format=%(refname)%00%(upstream:short)%00%(objectname)%00%(upstream:track)%00%(upstream:remotename)%00%(upstream:remoteref) refs/heads/CPA-11-log-in-to-the-application refs/remotes/CPA-11-log-in-to-the-application [2ms]
2024-06-05 12:57:32.959 [info] > git status -z -uall [4ms]
2024-06-05 12:58:39.792 [info] > git check-ignore -v -z --stdin [4ms]
2024-06-05 12:59:11.587 [info] > git config --get commit.template [14ms]
2024-06-05 12:59:11.592 [info] > git for-each-ref --format=%(refname)%00%(upstream:short)%00%(objectname)%00%(upstream:track)%00%(upstream:remotename)%00%(upstream:remoteref) refs/heads/CPA-19-create-layout-for-the-home-page refs/remotes/CPA-19-create-layout-for-the-home-page [8ms]
2024-06-05 12:59:11.612 [info] > git status -z -uall [10ms]
2024-06-05 12:59:11.649 [info] > git merge-base refs/heads/CPA-19-create-layout-for-the-home-page refs/remotes/origin/CPA-19-create-layout-for-the-home-page [15ms]
2024-06-05 12:59:11.674 [info] > git rev-list --count --left-right refs/heads/CPA-19-create-layout-for-the-home-page...refs/remotes/origin/CPA-19-create-layout-for-the-home-page [8ms]
2024-06-05 12:59:11.719 [info] > git diff --name-status -z --diff-filter=ADMR dbb88b8b0fba97632708c5891a0eab7db06ce368...refs/remotes/origin/CPA-19-create-layout-for-the-home-page [26ms]
2024-06-05 12:59:11.721 [info] > git ls-files --stage -- /home/saczky/CrisisPreventionProject/frontend/src/hooks/useUserLogin.ts [7ms]
2024-06-05 12:59:11.860 [info] > git show --textconv :frontend/src/hooks/useUserLogin.ts [8ms]
2024-06-05 12:59:20.908 [info] > git config --get commit.template [7ms]
2024-06-05 12:59:20.941 [info] > git for-each-ref --format=%(refname)%00%(upstream:short)%00%(objectname)%00%(upstream:track)%00%(upstream:remotename)%00%(upstream:remoteref) refs/heads/CPA-19-create-layout-for-the-home-page refs/remotes/CPA-19-create-layout-for-the-home-page [8ms]
2024-06-05 12:59:20.979 [info] > git status -z -uall [15ms]
2024-06-05 12:59:26.473 [info] > git check-ignore -v -z --stdin [4ms]
2024-06-05 12:59:43.810 [info] > git ls-files --stage -- /home/saczky/CrisisPreventionProject/frontend/src/hooks/useUserLogin.ts [26ms]
2024-06-05 12:59:43.816 [info] > git for-each-ref --format=%(refname)%00%(upstream:short)%00%(objectname)%00%(upstream:track)%00%(upstream:remotename)%00%(upstream:remoteref) refs/heads/CPA-15-add-spanish-language-to-the-login-screen refs/remotes/CPA-15-add-spanish-language-to-the-login-screen [14ms]
2024-06-05 12:59:43.852 [info] > git status -z -uall [21ms]
2024-06-05 12:59:43.881 [info] > git show --textconv :frontend/src/hooks/useUserLogin.ts [34ms]
2024-06-05 12:59:43.882 [info] > git merge-base refs/heads/CPA-15-add-spanish-language-to-the-login-screen refs/remotes/origin/CPA-15-add-spanish-language-to-the-login-screen [6ms]
2024-06-05 12:59:43.907 [info] > git rev-list --count --left-right refs/heads/CPA-15-add-spanish-language-to-the-login-screen...refs/remotes/origin/CPA-15-add-spanish-language-to-the-login-screen [9ms]
2024-06-05 12:59:43.925 [info] > git diff --name-status -z --diff-filter=ADMR ddf569f7ee3209642b2568e48ec8a7b0297f68c2...refs/remotes/origin/CPA-15-add-spanish-language-to-the-login-screen [5ms]
2024-06-05 12:59:48.897 [info] > git for-each-ref --format=%(refname)%00%(upstream:short)%00%(objectname)%00%(upstream:track)%00%(upstream:remotename)%00%(upstream:remoteref) refs/heads/CPA-15-add-spanish-language-to-the-login-screen refs/remotes/CPA-15-add-spanish-language-to-the-login-screen [2ms]
2024-06-05 12:59:48.906 [info] > git status -z -uall [4ms]
2024-06-05 12:59:51.424 [info] > git check-ignore -v -z --stdin [1ms]
2024-06-05 13:00:00.333 [info] > git check-ignore -v -z --stdin [1ms]
