2024-06-06 12:59:08.217 [info] Log level: Info
2024-06-06 12:59:08.217 [info] Validating found git in: "git"
2024-06-06 12:59:08.217 [info] Using git "2.45.2" from "git"
2024-06-06 12:59:08.217 [info] > git rev-parse --show-toplevel [6ms]
2024-06-06 12:59:08.217 [info] > git rev-parse --git-dir --git-common-dir [8ms]
2024-06-06 12:59:08.217 [info] Open repository: /home/saczky/CrisisPreventionProject
2024-06-06 12:59:08.218 [info] > git config --get commit.template [13ms]
2024-06-06 12:59:08.221 [info] > git rev-parse --show-toplevel [6ms]
2024-06-06 12:59:08.243 [info] > git for-each-ref --format=%(refname)%00%(upstream:short)%00%(objectname)%00%(upstream:track)%00%(upstream:remotename)%00%(upstream:remoteref) refs/heads/CPA-11-log-in-to-the-application refs/remotes/CPA-11-log-in-to-the-application [8ms]
2024-06-06 12:59:08.285 [info] > git status -z -uall [29ms]
2024-06-06 12:59:08.286 [info] > git rev-parse --show-toplevel [44ms]
2024-06-06 12:59:08.342 [info] > git rev-parse --show-toplevel [41ms]
2024-06-06 12:59:08.352 [info] > git config --get commit.template [11ms]
2024-06-06 12:59:08.368 [info] > git for-each-ref --format=%(refname)%00%(upstream:short)%00%(objectname)%00%(upstream:track)%00%(upstream:remotename)%00%(upstream:remoteref) refs/heads/CPA-11-log-in-to-the-application refs/remotes/CPA-11-log-in-to-the-application [2ms]
2024-06-06 12:59:08.399 [info] > git status -z -uall [17ms]
2024-06-06 12:59:10.026 [info] > git check-ignore -v -z --stdin [346ms]
2024-06-06 12:59:11.674 [info] > git show --textconv :frontend/src/hooks/useUserLogin.ts [14ms]
2024-06-06 12:59:11.675 [info] > git ls-files --stage -- /home/saczky/CrisisPreventionProject/frontend/src/hooks/useUserLogin.ts [2ms]
2024-06-06 12:59:18.911 [info] > git config --get commit.template [15ms]
2024-06-06 12:59:18.913 [info] > git for-each-ref --format=%(refname)%00%(upstream:short)%00%(objectname)%00%(upstream:track)%00%(upstream:remotename)%00%(upstream:remoteref) refs/heads/CPA-11-log-in-to-the-application refs/remotes/CPA-11-log-in-to-the-application [4ms]
2024-06-06 12:59:18.940 [info] > git status -z -uall [15ms]
2024-06-06 12:59:19.008 [info] > git ls-files --stage -- /home/saczky/CrisisPreventionProject/frontend/src/hooks/useUserLogin.ts [3ms]
2024-06-06 12:59:19.030 [info] > git show --textconv :frontend/src/hooks/useUserLogin.ts [4ms]
2024-06-06 13:00:45.465 [info] > git check-ignore -v -z --stdin [1ms]
2024-06-06 13:00:46.744 [info] > git for-each-ref --format=%(refname)%00%(upstream:short)%00%(objectname)%00%(upstream:track)%00%(upstream:remotename)%00%(upstream:remoteref) refs/heads/CPA-19-create-layout-for-the-home-page refs/remotes/CPA-19-create-layout-for-the-home-page [9ms]
2024-06-06 13:00:46.748 [info] > git config --get commit.template [40ms]
2024-06-06 13:00:46.821 [info] > git ls-files --stage -- /home/saczky/CrisisPreventionProject/frontend/src/hooks/useUserLogin.ts [45ms]
2024-06-06 13:00:46.846 [info] > git status -z -uall [33ms]
2024-06-06 13:00:46.900 [info] > git merge-base refs/heads/CPA-19-create-layout-for-the-home-page refs/remotes/origin/CPA-19-create-layout-for-the-home-page [23ms]
2024-06-06 13:00:46.938 [info] > git rev-list --count --left-right refs/heads/CPA-19-create-layout-for-the-home-page...refs/remotes/origin/CPA-19-create-layout-for-the-home-page [11ms]
2024-06-06 13:00:47.005 [info] > git diff --name-status -z --diff-filter=ADMR 1f7ac04df5e93e4dd407e9f4a005fc940423dd1c...refs/remotes/origin/CPA-19-create-layout-for-the-home-page [39ms]
2024-06-06 13:00:47.009 [info] > git show --textconv :frontend/src/hooks/useUserLogin.ts [12ms]
2024-06-06 13:00:51.933 [info] > git config --get commit.template [16ms]
2024-06-06 13:00:51.935 [info] > git for-each-ref --format=%(refname)%00%(upstream:short)%00%(objectname)%00%(upstream:track)%00%(upstream:remotename)%00%(upstream:remoteref) refs/heads/CPA-19-create-layout-for-the-home-page refs/remotes/CPA-19-create-layout-for-the-home-page [5ms]
2024-06-06 13:00:51.966 [info] > git status -z -uall [18ms]
2024-06-06 13:00:53.611 [info] > git show --textconv :backend/crisis_management_system/settings.py [10ms]
2024-06-06 13:00:53.617 [info] > git ls-files --stage -- /home/saczky/CrisisPreventionProject/backend/crisis_management_system/settings.py [8ms]
2024-06-06 13:00:53.869 [info] > git cat-file -s a84a7f9d10d840838244a2ee4b566ec2fa5cc378 [246ms]
2024-06-06 13:00:53.904 [info] > git check-ignore -v -z --stdin [17ms]
2024-06-06 13:00:55.933 [info] > git check-ignore -v -z --stdin [5ms]
2024-06-06 13:00:56.603 [info] > git show --textconv :frontend/src/screens/LoginScreen/LoginScreen.tsx [34ms]
2024-06-06 13:00:56.604 [info] > git ls-files --stage -- /home/saczky/CrisisPreventionProject/frontend/src/screens/LoginScreen/LoginScreen.tsx [7ms]
2024-06-06 13:00:56.627 [info] > git cat-file -s 9d48fac8fd84aa32534186078a52d0807b8388f0 [4ms]
2024-06-06 13:01:02.846 [info] > git check-ignore -v -z --stdin [4ms]
2024-06-06 13:01:22.525 [info] > git check-ignore -v -z --stdin [2ms]
2024-06-06 13:01:22.569 [info] > git config --get commit.template [19ms]
2024-06-06 13:01:22.573 [info] > git for-each-ref --format=%(refname)%00%(upstream:short)%00%(objectname)%00%(upstream:track)%00%(upstream:remotename)%00%(upstream:remoteref) refs/heads/CPA-28-create-a-layout-for-the-physical-form-page refs/remotes/CPA-28-create-a-layout-for-the-physical-form-page [8ms]
2024-06-06 13:01:22.604 [info] > git status -z -uall [15ms]
2024-06-06 13:01:22.623 [info] > git merge-base refs/heads/CPA-28-create-a-layout-for-the-physical-form-page refs/remotes/origin/CPA-28-create-a-layout-for-the-physical-form-page [9ms]
2024-06-06 13:01:22.643 [info] > git rev-list --count --left-right refs/heads/CPA-28-create-a-layout-for-the-physical-form-page...refs/remotes/origin/CPA-28-create-a-layout-for-the-physical-form-page [4ms]
2024-06-06 13:01:22.662 [info] > git diff --name-status -z --diff-filter=ADMR 4c98c8095f4a266afc86a76c49dcd5b7abc29ec3...refs/remotes/origin/CPA-28-create-a-layout-for-the-physical-form-page [4ms]
2024-06-06 13:01:22.687 [info] > git ls-files --stage -- /home/saczky/CrisisPreventionProject/frontend/src/screens/LoginScreen/LoginScreen.tsx [9ms]
2024-06-06 13:01:22.704 [info] > git cat-file -s 65588dd2c4e9818942c24a2bbea6fc9cf7a84f17 [6ms]
2024-06-06 13:01:22.725 [info] > git show --textconv :frontend/src/screens/LoginScreen/LoginScreen.tsx [2ms]
2024-06-06 13:01:24.525 [info] > git check-ignore -v -z --stdin [5ms]
2024-06-06 13:01:25.863 [info] > git check-ignore -v -z --stdin [4ms]
2024-06-06 13:01:27.120 [info] > git show --textconv :frontend/src/components/UnpressableRadioButton/UnpressableRadioButton.tsx [17ms]
2024-06-06 13:01:27.122 [info] > git ls-files --stage -- /home/saczky/CrisisPreventionProject/frontend/src/components/UnpressableRadioButton/UnpressableRadioButton.tsx [11ms]
2024-06-06 13:01:27.136 [info] > git cat-file -s 3527a5ba2f3054a6771788132c3b82f72a9d0d28 [7ms]
2024-06-06 13:01:34.191 [info] > git config --get commit.template [10ms]
2024-06-06 13:01:34.192 [info] > git for-each-ref --format=%(refname)%00%(upstream:short)%00%(objectname)%00%(upstream:track)%00%(upstream:remotename)%00%(upstream:remoteref) refs/heads/CPA-28-create-a-layout-for-the-physical-form-page refs/remotes/CPA-28-create-a-layout-for-the-physical-form-page [3ms]
2024-06-06 13:01:34.208 [info] > git status -z -uall [7ms]
2024-06-06 13:02:01.251 [info] > git config --get commit.template [3ms]
2024-06-06 13:02:01.262 [info] > git for-each-ref --format=%(refname)%00%(upstream:short)%00%(objectname)%00%(upstream:track)%00%(upstream:remotename)%00%(upstream:remoteref) refs/heads/CPA-28-create-a-layout-for-the-physical-form-page refs/remotes/CPA-28-create-a-layout-for-the-physical-form-page [3ms]
2024-06-06 13:02:01.278 [info] > git status -z -uall [7ms]
2024-06-06 13:02:19.227 [info] > git show --textconv :frontend/src/components/UnpressableRadioButton/UnpressableRadioButton.types.ts [22ms]
2024-06-06 13:02:19.227 [info] > git ls-files --stage -- /home/saczky/CrisisPreventionProject/frontend/src/components/UnpressableRadioButton/UnpressableRadioButton.types.ts [2ms]
2024-06-06 13:02:19.247 [info] > git cat-file -s e5792e44de298b8b8ac888647e816506756e49f1 [8ms]
2024-06-06 13:02:23.424 [info] > git config --get commit.template [16ms]
2024-06-06 13:02:23.460 [info] > git for-each-ref --format=%(refname)%00%(upstream:short)%00%(objectname)%00%(upstream:track)%00%(upstream:remotename)%00%(upstream:remoteref) refs/heads/CPA-28-create-a-layout-for-the-physical-form-page refs/remotes/CPA-28-create-a-layout-for-the-physical-form-page [7ms]
2024-06-06 13:02:23.513 [info] > git status -z -uall [21ms]
2024-06-06 13:02:24.095 [info] > git show --textconv :frontend/src/components/UnpressableRadioButton/UnpressableRadioButton.tsx [15ms]
2024-06-06 13:02:24.097 [info] > git ls-files --stage -- /home/saczky/CrisisPreventionProject/frontend/src/components/UnpressableRadioButton/UnpressableRadioButton.tsx [2ms]
2024-06-06 13:02:24.117 [info] > git cat-file -s 3527a5ba2f3054a6771788132c3b82f72a9d0d28 [6ms]
2024-06-06 13:02:29.780 [info] > git check-ignore -v -z --stdin [4ms]
2024-06-06 13:02:30.925 [info] > git show --textconv :frontend/src/screens/PhysicalFormScreen/PhysicalFormScreen.tsx [14ms]
2024-06-06 13:02:30.927 [info] > git ls-files --stage -- /home/saczky/CrisisPreventionProject/frontend/src/screens/PhysicalFormScreen/PhysicalFormScreen.tsx [3ms]
2024-06-06 13:02:30.945 [info] > git cat-file -s 94242eeaf65684a33a0bbf2f5f85a9a183ab4ebb [2ms]
2024-06-06 13:03:15.574 [info] > git show --textconv :frontend/src/components/UnpressableRadioButton/UnpressableRadioButton.tsx [19ms]
2024-06-06 13:03:15.576 [info] > git ls-files --stage -- /home/saczky/CrisisPreventionProject/frontend/src/components/UnpressableRadioButton/UnpressableRadioButton.tsx [4ms]
2024-06-06 13:03:15.592 [info] > git cat-file -s 3527a5ba2f3054a6771788132c3b82f72a9d0d28 [3ms]
2024-06-06 13:03:16.147 [info] > git config --get commit.template [18ms]
2024-06-06 13:03:16.148 [info] > git for-each-ref --format=%(refname)%00%(upstream:short)%00%(objectname)%00%(upstream:track)%00%(upstream:remotename)%00%(upstream:remoteref) refs/heads/CPA-28-create-a-layout-for-the-physical-form-page refs/remotes/CPA-28-create-a-layout-for-the-physical-form-page [2ms]
2024-06-06 13:03:16.175 [info] > git status -z -uall [13ms]
2024-06-06 13:03:21.213 [info] > git config --get commit.template [19ms]
2024-06-06 13:03:21.216 [info] > git for-each-ref --format=%(refname)%00%(upstream:short)%00%(objectname)%00%(upstream:track)%00%(upstream:remotename)%00%(upstream:remoteref) refs/heads/CPA-28-create-a-layout-for-the-physical-form-page refs/remotes/CPA-28-create-a-layout-for-the-physical-form-page [5ms]
2024-06-06 13:03:21.247 [info] > git status -z -uall [13ms]
2024-06-06 13:03:21.380 [info] > git show --textconv :frontend/src/components/UnpressableRadioButton/UnpressableRadioButton.types.ts [15ms]
2024-06-06 13:03:21.391 [info] > git ls-files --stage -- /home/saczky/CrisisPreventionProject/frontend/src/components/UnpressableRadioButton/UnpressableRadioButton.types.ts [12ms]
2024-06-06 13:03:21.404 [info] > git cat-file -s e5792e44de298b8b8ac888647e816506756e49f1 [6ms]
2024-06-06 13:03:26.288 [info] > git config --get commit.template [18ms]
2024-06-06 13:03:26.292 [info] > git for-each-ref --format=%(refname)%00%(upstream:short)%00%(objectname)%00%(upstream:track)%00%(upstream:remotename)%00%(upstream:remoteref) refs/heads/CPA-28-create-a-layout-for-the-physical-form-page refs/remotes/CPA-28-create-a-layout-for-the-physical-form-page [6ms]
2024-06-06 13:03:26.337 [info] > git status -z -uall [21ms]
2024-06-06 13:03:31.285 [info] > git show --textconv :frontend/src/screens/PhysicalFormScreen/PhysicalFormScreen.tsx [22ms]
2024-06-06 13:03:31.287 [info] > git ls-files --stage -- /home/saczky/CrisisPreventionProject/frontend/src/screens/PhysicalFormScreen/PhysicalFormScreen.tsx [7ms]
2024-06-06 13:03:31.310 [info] > git cat-file -s 94242eeaf65684a33a0bbf2f5f85a9a183ab4ebb [10ms]
2024-06-06 13:03:31.378 [info] > git for-each-ref --format=%(refname)%00%(upstream:short)%00%(objectname)%00%(upstream:track)%00%(upstream:remotename)%00%(upstream:remoteref) refs/heads/CPA-28-create-a-layout-for-the-physical-form-page refs/remotes/CPA-28-create-a-layout-for-the-physical-form-page [4ms]
2024-06-06 13:03:31.379 [info] > git config --get commit.template [17ms]
2024-06-06 13:03:31.406 [info] > git status -z -uall [10ms]
2024-06-06 13:03:36.457 [info] > git config --get commit.template [27ms]
2024-06-06 13:03:36.461 [info] > git for-each-ref --format=%(refname)%00%(upstream:short)%00%(objectname)%00%(upstream:track)%00%(upstream:remotename)%00%(upstream:remoteref) refs/heads/CPA-28-create-a-layout-for-the-physical-form-page refs/remotes/CPA-28-create-a-layout-for-the-physical-form-page [6ms]
2024-06-06 13:03:36.498 [info] > git status -z -uall [17ms]
2024-06-06 13:03:39.865 [info] > git show --textconv :frontend/src/screens/PhysicalFormScreen/PhysicalFormScreen.styles.ts [15ms]
2024-06-06 13:03:39.873 [info] > git ls-files --stage -- /home/saczky/CrisisPreventionProject/frontend/src/screens/PhysicalFormScreen/PhysicalFormScreen.styles.ts [10ms]
2024-06-06 13:03:39.890 [info] > git cat-file -s b0ca0d226e3e37c5f42d23b90da461f8c1a2d4fc [8ms]
2024-06-06 13:03:42.541 [info] > git show --textconv :frontend/src/screens/PhysicalFormScreen/PhysicalFormScreen.tsx [21ms]
2024-06-06 13:03:42.543 [info] > git ls-files --stage -- /home/saczky/CrisisPreventionProject/frontend/src/screens/PhysicalFormScreen/PhysicalFormScreen.tsx [5ms]
2024-06-06 13:03:42.560 [info] > git cat-file -s 94242eeaf65684a33a0bbf2f5f85a9a183ab4ebb [3ms]
2024-06-06 13:03:50.124 [info] > git config --get commit.template [33ms]
2024-06-06 13:03:50.126 [info] > git for-each-ref --format=%(refname)%00%(upstream:short)%00%(objectname)%00%(upstream:track)%00%(upstream:remotename)%00%(upstream:remoteref) refs/heads/CPA-28-create-a-layout-for-the-physical-form-page refs/remotes/CPA-28-create-a-layout-for-the-physical-form-page [11ms]
2024-06-06 13:03:50.174 [info] > git status -z -uall [24ms]
2024-06-06 13:04:01.922 [info] > git config --get commit.template [9ms]
2024-06-06 13:04:01.924 [info] > git for-each-ref --format=%(refname)%00%(upstream:short)%00%(objectname)%00%(upstream:track)%00%(upstream:remotename)%00%(upstream:remoteref) refs/heads/CPA-28-create-a-layout-for-the-physical-form-page refs/remotes/CPA-28-create-a-layout-for-the-physical-form-page [3ms]
2024-06-06 13:04:01.938 [info] > git status -z -uall [7ms]
2024-06-06 13:06:52.332 [info] > git show --textconv :frontend/src/components/UnpressableRadioButton/UnpressableRadioButton.types.ts [15ms]
2024-06-06 13:06:52.333 [info] > git ls-files --stage -- /home/saczky/CrisisPreventionProject/frontend/src/components/UnpressableRadioButton/UnpressableRadioButton.types.ts [2ms]
2024-06-06 13:06:52.348 [info] > git cat-file -s e5792e44de298b8b8ac888647e816506756e49f1 [2ms]
2024-06-06 13:06:54.449 [info] > git show --textconv :frontend/src/screens/LoginScreen/LoginScreen.tsx [15ms]
2024-06-06 13:06:54.451 [info] > git ls-files --stage -- /home/saczky/CrisisPreventionProject/frontend/src/screens/LoginScreen/LoginScreen.tsx [3ms]
2024-06-06 13:06:54.469 [info] > git cat-file -s 65588dd2c4e9818942c24a2bbea6fc9cf7a84f17 [4ms]
2024-06-06 13:06:55.104 [info] > git show --textconv :frontend/src/components/UnpressableRadioButton/UnpressableRadioButton.tsx [19ms]
2024-06-06 13:06:55.104 [info] > git ls-files --stage -- /home/saczky/CrisisPreventionProject/frontend/src/components/UnpressableRadioButton/UnpressableRadioButton.tsx [3ms]
2024-06-06 13:06:55.128 [info] > git cat-file -s 3527a5ba2f3054a6771788132c3b82f72a9d0d28 [10ms]
2024-06-06 13:07:43.822 [info] > git config --get commit.template [8ms]
2024-06-06 13:07:43.824 [info] > git for-each-ref --format=%(refname)%00%(upstream:short)%00%(objectname)%00%(upstream:track)%00%(upstream:remotename)%00%(upstream:remoteref) refs/heads/CPA-28-create-a-layout-for-the-physical-form-page refs/remotes/CPA-28-create-a-layout-for-the-physical-form-page [3ms]
2024-06-06 13:07:43.842 [info] > git status -z -uall [8ms]
2024-06-06 13:07:45.713 [info] > git show --textconv :frontend/src/screens/PhysicalFormScreen/PhysicalFormScreen.tsx [22ms]
2024-06-06 13:07:45.715 [info] > git ls-files --stage -- /home/saczky/CrisisPreventionProject/frontend/src/screens/PhysicalFormScreen/PhysicalFormScreen.tsx [8ms]
2024-06-06 13:07:45.732 [info] > git cat-file -s 94242eeaf65684a33a0bbf2f5f85a9a183ab4ebb [2ms]
2024-06-06 13:08:19.365 [info] > git config --get commit.template [8ms]
2024-06-06 13:08:19.366 [info] > git for-each-ref --format=%(refname)%00%(upstream:short)%00%(objectname)%00%(upstream:track)%00%(upstream:remotename)%00%(upstream:remoteref) refs/heads/CPA-28-create-a-layout-for-the-physical-form-page refs/remotes/CPA-28-create-a-layout-for-the-physical-form-page [2ms]
2024-06-06 13:08:19.382 [info] > git status -z -uall [8ms]
2024-06-06 13:08:20.854 [info] > git show --textconv :frontend/src/components/UnpressableRadioButton/UnpressableRadioButton.tsx [20ms]
2024-06-06 13:08:20.856 [info] > git ls-files --stage -- /home/saczky/CrisisPreventionProject/frontend/src/components/UnpressableRadioButton/UnpressableRadioButton.tsx [3ms]
2024-06-06 13:08:20.877 [info] > git cat-file -s 3527a5ba2f3054a6771788132c3b82f72a9d0d28 [5ms]
2024-06-06 13:08:22.391 [info] > git show --textconv :frontend/src/components/UnpressableRadioButton/UnpressableRadioButton.types.ts [11ms]
2024-06-06 13:08:22.396 [info] > git ls-files --stage -- /home/saczky/CrisisPreventionProject/frontend/src/components/UnpressableRadioButton/UnpressableRadioButton.types.ts [6ms]
2024-06-06 13:08:22.418 [info] > git cat-file -s e5792e44de298b8b8ac888647e816506756e49f1 [11ms]
2024-06-06 13:08:27.185 [info] > git config --get commit.template [15ms]
2024-06-06 13:08:27.186 [info] > git for-each-ref --format=%(refname)%00%(upstream:short)%00%(objectname)%00%(upstream:track)%00%(upstream:remotename)%00%(upstream:remoteref) refs/heads/CPA-28-create-a-layout-for-the-physical-form-page refs/remotes/CPA-28-create-a-layout-for-the-physical-form-page [2ms]
2024-06-06 13:08:27.213 [info] > git status -z -uall [12ms]
2024-06-06 13:08:27.860 [info] > git show --textconv :frontend/src/components/UnpressableRadioButton/UnpressableRadioButton.tsx [10ms]
2024-06-06 13:08:27.861 [info] > git ls-files --stage -- /home/saczky/CrisisPreventionProject/frontend/src/components/UnpressableRadioButton/UnpressableRadioButton.tsx [2ms]
2024-06-06 13:08:27.872 [info] > git cat-file -s 3527a5ba2f3054a6771788132c3b82f72a9d0d28 [3ms]
2024-06-06 13:08:32.232 [info] > git config --get commit.template [8ms]
2024-06-06 13:08:32.234 [info] > git for-each-ref --format=%(refname)%00%(upstream:short)%00%(objectname)%00%(upstream:track)%00%(upstream:remotename)%00%(upstream:remoteref) refs/heads/CPA-28-create-a-layout-for-the-physical-form-page refs/remotes/CPA-28-create-a-layout-for-the-physical-form-page [2ms]
2024-06-06 13:08:32.248 [info] > git status -z -uall [7ms]
2024-06-06 13:08:48.433 [info] > git config --get commit.template [2ms]
2024-06-06 13:08:48.445 [info] > git for-each-ref --format=%(refname)%00%(upstream:short)%00%(objectname)%00%(upstream:track)%00%(upstream:remotename)%00%(upstream:remoteref) refs/heads/CPA-28-create-a-layout-for-the-physical-form-page refs/remotes/CPA-28-create-a-layout-for-the-physical-form-page [3ms]
2024-06-06 13:08:48.461 [info] > git status -z -uall [7ms]
2024-06-06 13:08:54.326 [info] > git show --textconv :frontend/src/screens/PhysicalFormScreen/PhysicalFormScreen.tsx [11ms]
2024-06-06 13:08:54.328 [info] > git ls-files --stage -- /home/saczky/CrisisPreventionProject/frontend/src/screens/PhysicalFormScreen/PhysicalFormScreen.tsx [3ms]
2024-06-06 13:08:54.341 [info] > git cat-file -s 94242eeaf65684a33a0bbf2f5f85a9a183ab4ebb [2ms]
2024-06-06 13:08:56.610 [info] > git show --textconv :frontend/src/components/UnpressableRadioButton/UnpressableRadioButton.tsx [17ms]
2024-06-06 13:08:56.621 [info] > git ls-files --stage -- /home/saczky/CrisisPreventionProject/frontend/src/components/UnpressableRadioButton/UnpressableRadioButton.tsx [12ms]
2024-06-06 13:08:56.637 [info] > git cat-file -s 3527a5ba2f3054a6771788132c3b82f72a9d0d28 [2ms]
2024-06-06 13:09:04.480 [info] > git show --textconv :frontend/src/components/UnpressableRadioButton/UnpressableRadioButton.tsx [15ms]
2024-06-06 13:09:04.483 [info] > git ls-files --stage -- /home/saczky/CrisisPreventionProject/frontend/src/components/UnpressableRadioButton/UnpressableRadioButton.tsx [10ms]
2024-06-06 13:09:04.501 [info] > git cat-file -s 3527a5ba2f3054a6771788132c3b82f72a9d0d28 [4ms]
2024-06-06 13:09:06.150 [info] > git show --textconv :frontend/src/components/UnpressableRadioButton/UnpressableRadioButton.types.ts [17ms]
2024-06-06 13:09:06.156 [info] > git ls-files --stage -- /home/saczky/CrisisPreventionProject/frontend/src/components/UnpressableRadioButton/UnpressableRadioButton.types.ts [8ms]
2024-06-06 13:09:06.173 [info] > git cat-file -s e5792e44de298b8b8ac888647e816506756e49f1 [2ms]
2024-06-06 13:09:22.140 [info] > git show --textconv :frontend/src/components/UnpressableRadioButton/UnpressableRadioButton.tsx [18ms]
2024-06-06 13:09:22.142 [info] > git ls-files --stage -- /home/saczky/CrisisPreventionProject/frontend/src/components/UnpressableRadioButton/UnpressableRadioButton.tsx [4ms]
2024-06-06 13:09:22.157 [info] > git cat-file -s 3527a5ba2f3054a6771788132c3b82f72a9d0d28 [2ms]
2024-06-06 13:09:29.216 [info] > git show --textconv :frontend/src/components/UnpressableRadioButton/UnpressableRadioButton.types.ts [16ms]
2024-06-06 13:09:29.217 [info] > git ls-files --stage -- /home/saczky/CrisisPreventionProject/frontend/src/components/UnpressableRadioButton/UnpressableRadioButton.types.ts [2ms]
2024-06-06 13:09:29.235 [info] > git cat-file -s e5792e44de298b8b8ac888647e816506756e49f1 [8ms]
2024-06-06 13:09:38.186 [info] > git show --textconv :frontend/src/components/UnpressableRadioButton/UnpressableRadioButton.tsx [29ms]
2024-06-06 13:09:38.187 [info] > git ls-files --stage -- /home/saczky/CrisisPreventionProject/frontend/src/components/UnpressableRadioButton/UnpressableRadioButton.tsx [9ms]
2024-06-06 13:09:38.210 [info] > git cat-file -s 3527a5ba2f3054a6771788132c3b82f72a9d0d28 [7ms]
2024-06-06 13:09:38.330 [info] > git config --get commit.template [9ms]
2024-06-06 13:09:38.332 [info] > git for-each-ref --format=%(refname)%00%(upstream:short)%00%(objectname)%00%(upstream:track)%00%(upstream:remotename)%00%(upstream:remoteref) refs/heads/CPA-28-create-a-layout-for-the-physical-form-page refs/remotes/CPA-28-create-a-layout-for-the-physical-form-page [2ms]
2024-06-06 13:09:38.348 [info] > git status -z -uall [8ms]
2024-06-06 13:09:41.752 [info] > git show --textconv :frontend/src/components/UnpressableRadioButton/UnpressableRadioButton.types.ts [13ms]
2024-06-06 13:09:41.758 [info] > git ls-files --stage -- /home/saczky/CrisisPreventionProject/frontend/src/components/UnpressableRadioButton/UnpressableRadioButton.types.ts [8ms]
2024-06-06 13:09:41.771 [info] > git cat-file -s e5792e44de298b8b8ac888647e816506756e49f1 [1ms]
2024-06-06 13:09:52.789 [info] > git config --get commit.template [15ms]
2024-06-06 13:09:52.790 [info] > git for-each-ref --format=%(refname)%00%(upstream:short)%00%(objectname)%00%(upstream:track)%00%(upstream:remotename)%00%(upstream:remoteref) refs/heads/CPA-28-create-a-layout-for-the-physical-form-page refs/remotes/CPA-28-create-a-layout-for-the-physical-form-page [2ms]
2024-06-06 13:09:52.816 [info] > git status -z -uall [12ms]
2024-06-06 13:09:53.431 [info] > git show --textconv :frontend/src/components/UnpressableRadioButton/UnpressableRadioButton.tsx [8ms]
2024-06-06 13:09:53.432 [info] > git ls-files --stage -- /home/saczky/CrisisPreventionProject/frontend/src/components/UnpressableRadioButton/UnpressableRadioButton.tsx [2ms]
2024-06-06 13:09:53.445 [info] > git cat-file -s 3527a5ba2f3054a6771788132c3b82f72a9d0d28 [3ms]
2024-06-06 13:10:06.154 [info] > git show --textconv :frontend/src/components/UnpressableRadioButton/UnpressableRadioButton.types.ts [15ms]
2024-06-06 13:10:06.156 [info] > git ls-files --stage -- /home/saczky/CrisisPreventionProject/frontend/src/components/UnpressableRadioButton/UnpressableRadioButton.types.ts [3ms]
2024-06-06 13:10:06.172 [info] > git cat-file -s e5792e44de298b8b8ac888647e816506756e49f1 [4ms]
2024-06-06 13:10:14.809 [info] > git show --textconv :frontend/src/components/UnpressableRadioButton/UnpressableRadioButton.tsx [12ms]
2024-06-06 13:10:14.814 [info] > git ls-files --stage -- /home/saczky/CrisisPreventionProject/frontend/src/components/UnpressableRadioButton/UnpressableRadioButton.tsx [5ms]
2024-06-06 13:10:14.832 [info] > git cat-file -s 3527a5ba2f3054a6771788132c3b82f72a9d0d28 [9ms]
2024-06-06 13:10:15.092 [info] > git config --get commit.template [8ms]
2024-06-06 13:10:15.093 [info] > git for-each-ref --format=%(refname)%00%(upstream:short)%00%(objectname)%00%(upstream:track)%00%(upstream:remotename)%00%(upstream:remoteref) refs/heads/CPA-28-create-a-layout-for-the-physical-form-page refs/remotes/CPA-28-create-a-layout-for-the-physical-form-page [2ms]
2024-06-06 13:10:15.113 [info] > git status -z -uall [10ms]
2024-06-06 13:10:18.022 [info] > git show --textconv :frontend/src/components/UnpressableRadioButton/UnpressableRadioButton.types.ts [20ms]
2024-06-06 13:10:18.022 [info] > git ls-files --stage -- /home/saczky/CrisisPreventionProject/frontend/src/components/UnpressableRadioButton/UnpressableRadioButton.types.ts [5ms]
2024-06-06 13:10:18.038 [info] > git cat-file -s e5792e44de298b8b8ac888647e816506756e49f1 [2ms]
2024-06-06 13:10:20.925 [info] > git config --get commit.template [15ms]
2024-06-06 13:10:20.927 [info] > git for-each-ref --format=%(refname)%00%(upstream:short)%00%(objectname)%00%(upstream:track)%00%(upstream:remotename)%00%(upstream:remoteref) refs/heads/CPA-28-create-a-layout-for-the-physical-form-page refs/remotes/CPA-28-create-a-layout-for-the-physical-form-page [3ms]
2024-06-06 13:10:20.956 [info] > git status -z -uall [15ms]
2024-06-06 13:10:21.103 [info] > git show --textconv :frontend/src/components/UnpressableRadioButton/UnpressableRadioButton.tsx [21ms]
2024-06-06 13:10:21.104 [info] > git ls-files --stage -- /home/saczky/CrisisPreventionProject/frontend/src/components/UnpressableRadioButton/UnpressableRadioButton.tsx [9ms]
2024-06-06 13:10:21.124 [info] > git cat-file -s 3527a5ba2f3054a6771788132c3b82f72a9d0d28 [11ms]
2024-06-06 13:10:25.975 [info] > git config --get commit.template [8ms]
2024-06-06 13:10:25.976 [info] > git for-each-ref --format=%(refname)%00%(upstream:short)%00%(objectname)%00%(upstream:track)%00%(upstream:remotename)%00%(upstream:remoteref) refs/heads/CPA-28-create-a-layout-for-the-physical-form-page refs/remotes/CPA-28-create-a-layout-for-the-physical-form-page [3ms]
2024-06-06 13:10:25.993 [info] > git status -z -uall [8ms]
2024-06-06 13:10:28.751 [info] > git show --textconv :frontend/src/screens/PhysicalFormScreen/PhysicalFormScreen.tsx [10ms]
2024-06-06 13:10:28.753 [info] > git ls-files --stage -- /home/saczky/CrisisPreventionProject/frontend/src/screens/PhysicalFormScreen/PhysicalFormScreen.tsx [2ms]
2024-06-06 13:10:28.769 [info] > git cat-file -s 94242eeaf65684a33a0bbf2f5f85a9a183ab4ebb [2ms]
2024-06-06 13:10:31.022 [info] > git config --get commit.template [11ms]
2024-06-06 13:10:31.022 [info] > git for-each-ref --format=%(refname)%00%(upstream:short)%00%(objectname)%00%(upstream:track)%00%(upstream:remotename)%00%(upstream:remoteref) refs/heads/CPA-28-create-a-layout-for-the-physical-form-page refs/remotes/CPA-28-create-a-layout-for-the-physical-form-page [2ms]
2024-06-06 13:10:31.040 [info] > git status -z -uall [9ms]
2024-06-06 13:10:36.098 [info] > git config --get commit.template [27ms]
2024-06-06 13:10:36.101 [info] > git for-each-ref --format=%(refname)%00%(upstream:short)%00%(objectname)%00%(upstream:track)%00%(upstream:remotename)%00%(upstream:remoteref) refs/heads/CPA-28-create-a-layout-for-the-physical-form-page refs/remotes/CPA-28-create-a-layout-for-the-physical-form-page [10ms]
2024-06-06 13:10:36.148 [info] > git status -z -uall [28ms]
2024-06-06 13:12:05.604 [info] > git show --textconv :frontend/src/screens/PhysicalFormScreen/PhysicalFormScreen.consts.ts [10ms]
2024-06-06 13:12:05.606 [info] > git ls-files --stage -- /home/saczky/CrisisPreventionProject/frontend/src/screens/PhysicalFormScreen/PhysicalFormScreen.consts.ts [3ms]
2024-06-06 13:12:05.831 [info] > git check-ignore -v -z --stdin [3ms]
2024-06-06 13:12:07.181 [info] > git config --get commit.template [18ms]
2024-06-06 13:12:07.187 [info] > git for-each-ref --format=%(refname)%00%(upstream:short)%00%(objectname)%00%(upstream:track)%00%(upstream:remotename)%00%(upstream:remoteref) refs/heads/CPA-28-create-a-layout-for-the-physical-form-page refs/remotes/CPA-28-create-a-layout-for-the-physical-form-page [8ms]
2024-06-06 13:12:07.210 [info] > git status -z -uall [14ms]
2024-06-06 13:12:12.260 [info] > git config --get commit.template [19ms]
2024-06-06 13:12:12.260 [info] > git for-each-ref --format=%(refname)%00%(upstream:short)%00%(objectname)%00%(upstream:track)%00%(upstream:remotename)%00%(upstream:remoteref) refs/heads/CPA-28-create-a-layout-for-the-physical-form-page refs/remotes/CPA-28-create-a-layout-for-the-physical-form-page [2ms]
2024-06-06 13:12:12.279 [info] > git status -z -uall [7ms]
2024-06-06 13:12:13.456 [info] > git show --textconv :frontend/src/screens/PhysicalFormScreen/PhysicalFormScreen.tsx [14ms]
2024-06-06 13:12:13.458 [info] > git ls-files --stage -- /home/saczky/CrisisPreventionProject/frontend/src/screens/PhysicalFormScreen/PhysicalFormScreen.tsx [3ms]
2024-06-06 13:12:13.486 [info] > git cat-file -s 94242eeaf65684a33a0bbf2f5f85a9a183ab4ebb [11ms]
2024-06-06 13:12:25.791 [info] > git config --get commit.template [14ms]
2024-06-06 13:12:25.793 [info] > git for-each-ref --format=%(refname)%00%(upstream:short)%00%(objectname)%00%(upstream:track)%00%(upstream:remotename)%00%(upstream:remoteref) refs/heads/CPA-28-create-a-layout-for-the-physical-form-page refs/remotes/CPA-28-create-a-layout-for-the-physical-form-page [2ms]
2024-06-06 13:12:25.802 [info] > git status -z -uall [4ms]
2024-06-06 13:12:30.842 [info] > git config --get commit.template [19ms]
2024-06-06 13:12:30.844 [info] > git for-each-ref --format=%(refname)%00%(upstream:short)%00%(objectname)%00%(upstream:track)%00%(upstream:remotename)%00%(upstream:remoteref) refs/heads/CPA-28-create-a-layout-for-the-physical-form-page refs/remotes/CPA-28-create-a-layout-for-the-physical-form-page [4ms]
2024-06-06 13:12:30.872 [info] > git status -z -uall [11ms]
2024-06-06 13:12:37.060 [info] > git check-ignore -v -z --stdin [1ms]
2024-06-06 13:12:38.355 [info] > git show --textconv :frontend/App.tsx [16ms]
2024-06-06 13:12:38.357 [info] > git ls-files --stage -- /home/saczky/CrisisPreventionProject/frontend/App.tsx [2ms]
2024-06-06 13:12:38.374 [info] > git cat-file -s e8481efa8b61e41cb3555cdac78e61ba16e865f4 [3ms]
2024-06-06 13:12:51.432 [info] > git config --get commit.template [6ms]
2024-06-06 13:12:51.433 [info] > git for-each-ref --format=%(refname)%00%(upstream:short)%00%(objectname)%00%(upstream:track)%00%(upstream:remotename)%00%(upstream:remoteref) refs/heads/CPA-28-create-a-layout-for-the-physical-form-page refs/remotes/CPA-28-create-a-layout-for-the-physical-form-page [1ms]
2024-06-06 13:12:51.443 [info] > git status -z -uall [4ms]
2024-06-06 13:12:56.458 [info] > git config --get commit.template [5ms]
2024-06-06 13:12:56.459 [info] > git for-each-ref --format=%(refname)%00%(upstream:short)%00%(objectname)%00%(upstream:track)%00%(upstream:remotename)%00%(upstream:remoteref) refs/heads/CPA-28-create-a-layout-for-the-physical-form-page refs/remotes/CPA-28-create-a-layout-for-the-physical-form-page [2ms]
2024-06-06 13:12:56.468 [info] > git status -z -uall [4ms]
2024-06-06 13:13:08.611 [info] > git config --get commit.template [19ms]
2024-06-06 13:13:08.616 [info] > git for-each-ref --format=%(refname)%00%(upstream:short)%00%(objectname)%00%(upstream:track)%00%(upstream:remotename)%00%(upstream:remoteref) refs/heads/CPA-28-create-a-layout-for-the-physical-form-page refs/remotes/CPA-28-create-a-layout-for-the-physical-form-page [7ms]
2024-06-06 13:13:08.651 [info] > git status -z -uall [16ms]
2024-06-06 13:15:43.366 [info] > git config --get commit.template [17ms]
2024-06-06 13:15:43.390 [info] > git for-each-ref --format=%(refname)%00%(upstream:short)%00%(objectname)%00%(upstream:track)%00%(upstream:remotename)%00%(upstream:remoteref) refs/heads/CPA-28-create-a-layout-for-the-physical-form-page refs/remotes/CPA-28-create-a-layout-for-the-physical-form-page [24ms]
2024-06-06 13:15:43.408 [info] > git status -z -uall [9ms]
2024-06-06 13:15:43.443 [info] > git ls-files --stage -- /home/saczky/CrisisPreventionProject/frontend/App.tsx [8ms]
2024-06-06 13:15:43.452 [info] > git cat-file -s e6499b8f1998ba64816c07d4fe01473785d10b65 [2ms]
2024-06-06 13:15:43.495 [info] > git show --textconv :frontend/App.tsx [10ms]
2024-06-06 13:15:49.632 [info] > git config --get commit.template [27ms]
2024-06-06 13:15:49.634 [info] > git for-each-ref --format=%(refname)%00%(upstream:short)%00%(objectname)%00%(upstream:track)%00%(upstream:remotename)%00%(upstream:remoteref) refs/heads/CPA-28-create-a-layout-for-the-physical-form-page refs/remotes/CPA-28-create-a-layout-for-the-physical-form-page [2ms]
2024-06-06 13:15:49.665 [info] > git status -z -uall [7ms]
2024-06-06 13:16:37.809 [info] > git config --get commit.template [58ms]
2024-06-06 13:16:37.813 [info] > git ls-files --stage -- /home/saczky/CrisisPreventionProject/frontend/App.tsx [30ms]
2024-06-06 13:16:37.831 [info] > git for-each-ref --format=%(refname)%00%(upstream:short)%00%(objectname)%00%(upstream:track)%00%(upstream:remotename)%00%(upstream:remoteref) refs/heads/CPA-28-create-a-layout-for-the-physical-form-page refs/remotes/CPA-28-create-a-layout-for-the-physical-form-page [25ms]
2024-06-06 13:16:37.851 [info] > git cat-file -s e6499b8f1998ba64816c07d4fe01473785d10b65 [22ms]
2024-06-06 13:16:37.858 [info] > git status -z -uall [8ms]
2024-06-06 13:16:37.899 [info] > git merge-base refs/heads/CPA-28-create-a-layout-for-the-physical-form-page refs/remotes/origin/CPA-28-create-a-layout-for-the-physical-form-page [16ms]
2024-06-06 13:16:37.930 [info] > git rev-list --count --left-right refs/heads/CPA-28-create-a-layout-for-the-physical-form-page...refs/remotes/origin/CPA-28-create-a-layout-for-the-physical-form-page [15ms]
2024-06-06 13:16:37.945 [info] > git show --textconv :frontend/App.tsx [16ms]
2024-06-06 13:16:37.949 [info] > git diff --name-status -z --diff-filter=ADMR 3dc8383c20e6e74ee16c0602fb8108e07ab0c1df...refs/remotes/origin/CPA-28-create-a-layout-for-the-physical-form-page [4ms]
2024-06-06 13:17:15.470 [info] > git config --get commit.template [17ms]
2024-06-06 13:17:15.476 [info] > git for-each-ref --format=%(refname)%00%(upstream:short)%00%(objectname)%00%(upstream:track)%00%(upstream:remotename)%00%(upstream:remoteref) refs/heads/CPA-28-create-a-layout-for-the-physical-form-page refs/remotes/CPA-28-create-a-layout-for-the-physical-form-page [8ms]
2024-06-06 13:17:15.509 [info] > git status -z -uall [9ms]
2024-06-06 13:17:26.410 [info] > git config --get commit.template [24ms]
2024-06-06 13:17:26.433 [info] > git ls-files --stage -- /home/saczky/CrisisPreventionProject/frontend/App.tsx [28ms]
2024-06-06 13:17:26.451 [info] > git for-each-ref --format=%(refname)%00%(upstream:short)%00%(objectname)%00%(upstream:track)%00%(upstream:remotename)%00%(upstream:remoteref) refs/heads/CPA-15-add-spanish-language-to-the-login-screen refs/remotes/CPA-15-add-spanish-language-to-the-login-screen [19ms]
2024-06-06 13:17:26.470 [info] > git cat-file -s a16e8aec586e0112261537bdb564c2947842e95a [20ms]
2024-06-06 13:17:26.484 [info] > git status -z -uall [15ms]
2024-06-06 13:17:26.515 [info] > git merge-base refs/heads/CPA-15-add-spanish-language-to-the-login-screen refs/remotes/origin/CPA-15-add-spanish-language-to-the-login-screen [13ms]
2024-06-06 13:17:26.548 [info] > git rev-list --count --left-right refs/heads/CPA-15-add-spanish-language-to-the-login-screen...refs/remotes/origin/CPA-15-add-spanish-language-to-the-login-screen [20ms]
2024-06-06 13:17:26.570 [info] > git show --textconv :frontend/App.tsx [26ms]
2024-06-06 13:17:26.571 [info] > git diff --name-status -z --diff-filter=ADMR d26aad74772eab9308ea62bb5085df995aeeb536...refs/remotes/origin/CPA-15-add-spanish-language-to-the-login-screen [3ms]
2024-06-06 13:17:53.718 [info] > git check-ignore -v -z --stdin [1ms]
2024-06-06 13:17:58.646 [info] > git show --textconv :frontend/src/hooks/useUserLogin.ts [13ms]
2024-06-06 13:17:58.649 [info] > git ls-files --stage -- /home/saczky/CrisisPreventionProject/frontend/src/hooks/useUserLogin.ts [5ms]
2024-06-06 13:17:58.669 [info] > git cat-file -s 029281f77a0ff86cd0addf276142bf13af5507c6 [3ms]
2024-06-06 13:19:31.732 [info] > git config --get commit.template [7ms]
2024-06-06 13:19:31.733 [info] > git for-each-ref --format=%(refname)%00%(upstream:short)%00%(objectname)%00%(upstream:track)%00%(upstream:remotename)%00%(upstream:remoteref) refs/heads/CPA-15-add-spanish-language-to-the-login-screen refs/remotes/CPA-15-add-spanish-language-to-the-login-screen [2ms]
2024-06-06 13:19:31.744 [info] > git status -z -uall [3ms]
2024-06-06 13:19:31.828 [info] > git ls-files --stage -- /home/saczky/CrisisPreventionProject/frontend/src/hooks/useUserLogin.ts [2ms]
2024-06-06 13:19:31.837 [info] > git show --textconv :frontend/src/hooks/useUserLogin.ts [2ms]
2024-06-06 13:19:33.637 [info] > git show --textconv :frontend/App.tsx [16ms]
2024-06-06 13:19:33.638 [info] > git ls-files --stage -- /home/saczky/CrisisPreventionProject/frontend/App.tsx [2ms]
2024-06-06 13:19:33.654 [info] > git cat-file -s a16e8aec586e0112261537bdb564c2947842e95a [2ms]
2024-06-06 13:19:40.378 [info] > git check-ignore -v -z --stdin [1ms]
2024-06-06 13:20:00.640 [info] > git check-ignore -v -z --stdin [2ms]
2024-06-06 13:28:56.228 [info] > git config --get commit.template [36ms]
2024-06-06 13:28:56.255 [info] > git ls-files --stage -- /home/saczky/CrisisPreventionProject/frontend/App.tsx [31ms]
2024-06-06 13:28:56.278 [info] > git for-each-ref --format=%(refname)%00%(upstream:short)%00%(objectname)%00%(upstream:track)%00%(upstream:remotename)%00%(upstream:remoteref) refs/heads/CPA-15-add-spanish-language-to-the-login-screen refs/remotes/CPA-15-add-spanish-language-to-the-login-screen [24ms]
2024-06-06 13:28:56.303 [info] > git cat-file -s a16e8aec586e0112261537bdb564c2947842e95a [28ms]
2024-06-06 13:28:56.325 [info] > git status -z -uall [24ms]
2024-06-06 13:28:56.338 [info] > git show --textconv :frontend/App.tsx [15ms]
2024-06-06 13:29:15.119 [info] > git config --get commit.template [42ms]
2024-06-06 13:29:15.151 [info] > git ls-files --stage -- /home/saczky/CrisisPreventionProject/frontend/App.tsx [35ms]
2024-06-06 13:29:15.183 [info] > git for-each-ref --format=%(refname)%00%(upstream:short)%00%(objectname)%00%(upstream:track)%00%(upstream:remotename)%00%(upstream:remoteref) refs/heads/CPA-19-create-layout-for-the-home-page refs/remotes/CPA-19-create-layout-for-the-home-page [34ms]
2024-06-06 13:29:15.185 [info] > git cat-file -s 26c5227cb1dcdc4d0fd963cf6957558eaf10d884 [12ms]
2024-06-06 13:29:15.273 [info] > git status -z -uall [56ms]
2024-06-06 13:29:15.333 [info] > git show --textconv :frontend/App.tsx [63ms]
2024-06-06 13:29:15.333 [info] > git merge-base refs/heads/CPA-19-create-layout-for-the-home-page refs/remotes/origin/CPA-19-create-layout-for-the-home-page [17ms]
2024-06-06 13:29:15.372 [info] > git rev-list --count --left-right refs/heads/CPA-19-create-layout-for-the-home-page...refs/remotes/origin/CPA-19-create-layout-for-the-home-page [11ms]
2024-06-06 13:29:15.407 [info] > git diff --name-status -z --diff-filter=ADMR 1f7ac04df5e93e4dd407e9f4a005fc940423dd1c...refs/remotes/origin/CPA-19-create-layout-for-the-home-page [7ms]
2024-06-06 13:29:20.009 [info] > git check-ignore -v -z --stdin [4ms]
2024-06-06 13:29:20.785 [info] > git show --textconv :frontend/src/screens/HomeScreen/HomeScreen.tsx [19ms]
2024-06-06 13:29:20.787 [info] > git ls-files --stage -- /home/saczky/CrisisPreventionProject/frontend/src/screens/HomeScreen/HomeScreen.tsx [3ms]
2024-06-06 13:29:20.810 [info] > git cat-file -s b1ff53a9cc5366e9c9c8dcd9a462acd7cb19a0ff [6ms]
2024-06-06 13:29:38.499 [info] > git config --get commit.template [17ms]
2024-06-06 13:29:38.502 [info] > git for-each-ref --format=%(refname)%00%(upstream:short)%00%(objectname)%00%(upstream:track)%00%(upstream:remotename)%00%(upstream:remoteref) refs/heads/CPA-19-create-layout-for-the-home-page refs/remotes/CPA-19-create-layout-for-the-home-page [4ms]
2024-06-06 13:29:38.526 [info] > git status -z -uall [7ms]
2024-06-06 13:32:31.955 [info] > git show --textconv :frontend/App.tsx [24ms]
2024-06-06 13:32:31.958 [info] > git ls-files --stage -- /home/saczky/CrisisPreventionProject/frontend/App.tsx [6ms]
2024-06-06 13:32:31.974 [info] > git cat-file -s 26c5227cb1dcdc4d0fd963cf6957558eaf10d884 [3ms]
2024-06-06 13:33:32.905 [info] > git show --textconv :frontend/src/screens/HomeScreen/HomeScreen.tsx [76ms]
2024-06-06 13:33:32.915 [info] > git ls-files --stage -- /home/saczky/CrisisPreventionProject/frontend/src/screens/HomeScreen/HomeScreen.tsx [25ms]
2024-06-06 13:33:32.945 [info] > git cat-file -s b1ff53a9cc5366e9c9c8dcd9a462acd7cb19a0ff [5ms]
2024-06-06 13:34:55.276 [info] > git config --get commit.template [21ms]
2024-06-06 13:34:55.290 [info] > git for-each-ref --format=%(refname)%00%(upstream:short)%00%(objectname)%00%(upstream:track)%00%(upstream:remotename)%00%(upstream:remoteref) refs/heads/CPA-19-create-layout-for-the-home-page refs/remotes/CPA-19-create-layout-for-the-home-page [16ms]
2024-06-06 13:34:55.327 [info] > git status -z -uall [22ms]
2024-06-06 13:35:16.625 [info] > git show --textconv :frontend/App.tsx [17ms]
2024-06-06 13:35:16.627 [info] > git ls-files --stage -- /home/saczky/CrisisPreventionProject/frontend/App.tsx [4ms]
2024-06-06 13:35:16.643 [info] > git cat-file -s 26c5227cb1dcdc4d0fd963cf6957558eaf10d884 [2ms]
2024-06-06 13:36:10.168 [info] > git config --get commit.template [25ms]
2024-06-06 13:36:10.173 [info] > git for-each-ref --format=%(refname)%00%(upstream:short)%00%(objectname)%00%(upstream:track)%00%(upstream:remotename)%00%(upstream:remoteref) refs/heads/CPA-19-create-layout-for-the-home-page refs/remotes/CPA-19-create-layout-for-the-home-page [11ms]
2024-06-06 13:36:10.203 [info] > git status -z -uall [12ms]
2024-06-06 13:36:36.965 [info] > git config --get commit.template [18ms]
2024-06-06 13:36:36.968 [info] > git for-each-ref --format=%(refname)%00%(upstream:short)%00%(objectname)%00%(upstream:track)%00%(upstream:remotename)%00%(upstream:remoteref) refs/heads/CPA-19-create-layout-for-the-home-page refs/remotes/CPA-19-create-layout-for-the-home-page [5ms]
2024-06-06 13:36:36.995 [info] > git status -z -uall [8ms]
2024-06-06 13:37:19.755 [info] > git show --textconv :frontend/src/screens/HomeScreen/HomeScreen.tsx [23ms]
2024-06-06 13:37:19.762 [info] > git ls-files --stage -- /home/saczky/CrisisPreventionProject/frontend/src/screens/HomeScreen/HomeScreen.tsx [9ms]
2024-06-06 13:37:19.781 [info] > git cat-file -s b1ff53a9cc5366e9c9c8dcd9a462acd7cb19a0ff [3ms]
2024-06-06 13:38:56.232 [info] > git check-ignore -v -z --stdin [4ms]
2024-06-06 13:38:56.762 [info] > git config --get commit.template [16ms]
2024-06-06 13:38:56.764 [info] > git for-each-ref --format=%(refname)%00%(upstream:short)%00%(objectname)%00%(upstream:track)%00%(upstream:remotename)%00%(upstream:remoteref) refs/heads/CPA-19-create-layout-for-the-home-page refs/remotes/CPA-19-create-layout-for-the-home-page [3ms]
2024-06-06 13:38:56.790 [info] > git status -z -uall [9ms]
2024-06-06 13:40:23.391 [info] > git show --textconv :frontend/App.tsx [15ms]
2024-06-06 13:40:23.393 [info] > git ls-files --stage -- /home/saczky/CrisisPreventionProject/frontend/App.tsx [8ms]
2024-06-06 13:40:23.412 [info] > git cat-file -s 26c5227cb1dcdc4d0fd963cf6957558eaf10d884 [3ms]
2024-06-06 13:40:31.694 [info] > git show --textconv :frontend/src/screens/HomeScreen/HomeScreen.tsx [13ms]
2024-06-06 13:40:31.696 [info] > git ls-files --stage -- /home/saczky/CrisisPreventionProject/frontend/src/screens/HomeScreen/HomeScreen.tsx [2ms]
2024-06-06 13:40:31.717 [info] > git cat-file -s b1ff53a9cc5366e9c9c8dcd9a462acd7cb19a0ff [4ms]
2024-06-06 13:40:34.666 [info] > git show --textconv :frontend/App.tsx [21ms]
2024-06-06 13:40:34.667 [info] > git ls-files --stage -- /home/saczky/CrisisPreventionProject/frontend/App.tsx [4ms]
2024-06-06 13:40:34.683 [info] > git cat-file -s 26c5227cb1dcdc4d0fd963cf6957558eaf10d884 [3ms]
2024-06-06 13:40:37.518 [info] > git show --textconv :frontend/src/screens/HomeScreen/HomeScreen.tsx [16ms]
2024-06-06 13:40:37.524 [info] > git ls-files --stage -- /home/saczky/CrisisPreventionProject/frontend/src/screens/HomeScreen/HomeScreen.tsx [8ms]
2024-06-06 13:40:37.541 [info] > git cat-file -s b1ff53a9cc5366e9c9c8dcd9a462acd7cb19a0ff [6ms]
2024-06-06 13:40:48.079 [info] > git config --get commit.template [31ms]
2024-06-06 13:40:48.084 [info] > git for-each-ref --format=%(refname)%00%(upstream:short)%00%(objectname)%00%(upstream:track)%00%(upstream:remotename)%00%(upstream:remoteref) refs/heads/CPA-19-create-layout-for-the-home-page refs/remotes/CPA-19-create-layout-for-the-home-page [6ms]
2024-06-06 13:40:48.124 [info] > git status -z -uall [12ms]
2024-06-06 13:41:05.823 [info] > git check-ignore -v -z --stdin [6ms]
2024-06-06 13:41:06.417 [info] > git config --get commit.template [26ms]
2024-06-06 13:41:06.419 [info] > git for-each-ref --format=%(refname)%00%(upstream:short)%00%(objectname)%00%(upstream:track)%00%(upstream:remotename)%00%(upstream:remoteref) refs/heads/CPA-19-create-layout-for-the-home-page refs/remotes/CPA-19-create-layout-for-the-home-page [5ms]
2024-06-06 13:41:06.456 [info] > git status -z -uall [9ms]
2024-06-06 13:41:51.796 [info] > git show --textconv :frontend/src/screens/HomeScreen/HomeScreen.styles.tsx [16ms]
2024-06-06 13:41:51.802 [info] > git ls-files --stage -- /home/saczky/CrisisPreventionProject/frontend/src/screens/HomeScreen/HomeScreen.styles.tsx [6ms]
2024-06-06 13:41:51.817 [info] > git cat-file -s 1d3d80affca21d2596fbd7aefefc223c117464af [2ms]
2024-06-06 13:41:55.229 [info] > git show --textconv :frontend/src/screens/HomeScreen/HomeScreen.tsx [18ms]
2024-06-06 13:41:55.230 [info] > git ls-files --stage -- /home/saczky/CrisisPreventionProject/frontend/src/screens/HomeScreen/HomeScreen.tsx [4ms]
2024-06-06 13:41:55.244 [info] > git cat-file -s b1ff53a9cc5366e9c9c8dcd9a462acd7cb19a0ff [2ms]
2024-06-06 13:42:28.244 [info] > git show --textconv :frontend/App.tsx [14ms]
2024-06-06 13:42:28.246 [info] > git ls-files --stage -- /home/saczky/CrisisPreventionProject/frontend/App.tsx [4ms]
2024-06-06 13:42:28.262 [info] > git cat-file -s 26c5227cb1dcdc4d0fd963cf6957558eaf10d884 [6ms]
2024-06-06 13:42:33.526 [info] > git config --get commit.template [3ms]
2024-06-06 13:42:33.546 [info] > git for-each-ref --format=%(refname)%00%(upstream:short)%00%(objectname)%00%(upstream:track)%00%(upstream:remotename)%00%(upstream:remoteref) refs/heads/CPA-19-create-layout-for-the-home-page refs/remotes/CPA-19-create-layout-for-the-home-page [4ms]
2024-06-06 13:42:33.570 [info] > git status -z -uall [7ms]
2024-06-06 13:44:19.098 [info] > git config --get commit.template [9ms]
2024-06-06 13:44:19.099 [info] > git for-each-ref --format=%(refname)%00%(upstream:short)%00%(objectname)%00%(upstream:track)%00%(upstream:remotename)%00%(upstream:remoteref) refs/heads/CPA-19-create-layout-for-the-home-page refs/remotes/CPA-19-create-layout-for-the-home-page [2ms]
2024-06-06 13:44:19.110 [info] > git status -z -uall [3ms]
2024-06-06 13:44:35.811 [info] > git config --get commit.template [8ms]
2024-06-06 13:44:35.812 [info] > git for-each-ref --format=%(refname)%00%(upstream:short)%00%(objectname)%00%(upstream:track)%00%(upstream:remotename)%00%(upstream:remoteref) refs/heads/CPA-19-create-layout-for-the-home-page refs/remotes/CPA-19-create-layout-for-the-home-page [2ms]
2024-06-06 13:44:35.823 [info] > git status -z -uall [3ms]
2024-06-06 13:44:46.059 [info] > git config --get commit.template [18ms]
2024-06-06 13:44:46.062 [info] > git for-each-ref --format=%(refname)%00%(upstream:short)%00%(objectname)%00%(upstream:track)%00%(upstream:remotename)%00%(upstream:remoteref) refs/heads/CPA-19-create-layout-for-the-home-page refs/remotes/CPA-19-create-layout-for-the-home-page [5ms]
2024-06-06 13:44:46.086 [info] > git status -z -uall [7ms]
2024-06-06 13:45:26.172 [info] > git config --get commit.template [12ms]
2024-06-06 13:45:26.237 [info] > git ls-files --stage -- /home/saczky/CrisisPreventionProject/frontend/App.tsx [34ms]
2024-06-06 13:45:26.274 [info] > git for-each-ref --format=%(refname)%00%(upstream:short)%00%(objectname)%00%(upstream:track)%00%(upstream:remotename)%00%(upstream:remoteref) refs/heads/CPA-28-create-a-layout-for-the-physical-form-page refs/remotes/CPA-28-create-a-layout-for-the-physical-form-page [38ms]
2024-06-06 13:45:26.283 [info] > git cat-file -s e6499b8f1998ba64816c07d4fe01473785d10b65 [11ms]
2024-06-06 13:45:26.350 [info] > git status -z -uall [30ms]
2024-06-06 13:45:26.385 [info] > git show --textconv :frontend/App.tsx [38ms]
2024-06-06 13:45:26.386 [info] > git merge-base refs/heads/CPA-28-create-a-layout-for-the-physical-form-page refs/remotes/origin/CPA-28-create-a-layout-for-the-physical-form-page [11ms]
2024-06-06 13:45:26.423 [info] > git rev-list --count --left-right refs/heads/CPA-28-create-a-layout-for-the-physical-form-page...refs/remotes/origin/CPA-28-create-a-layout-for-the-physical-form-page [13ms]
2024-06-06 13:45:26.451 [info] > git diff --name-status -z --diff-filter=ADMR 3dc8383c20e6e74ee16c0602fb8108e07ab0c1df...refs/remotes/origin/CPA-28-create-a-layout-for-the-physical-form-page [6ms]
2024-06-06 13:45:31.422 [info] > git config --get commit.template [18ms]
2024-06-06 13:45:31.425 [info] > git for-each-ref --format=%(refname)%00%(upstream:short)%00%(objectname)%00%(upstream:track)%00%(upstream:remotename)%00%(upstream:remoteref) refs/heads/CPA-28-create-a-layout-for-the-physical-form-page refs/remotes/CPA-28-create-a-layout-for-the-physical-form-page [5ms]
2024-06-06 13:45:31.460 [info] > git status -z -uall [17ms]
2024-06-06 13:46:48.049 [info] > git config --get commit.template [19ms]
2024-06-06 13:46:48.052 [info] > git for-each-ref --format=%(refname)%00%(upstream:short)%00%(objectname)%00%(upstream:track)%00%(upstream:remotename)%00%(upstream:remoteref) refs/heads/CPA-28-create-a-layout-for-the-physical-form-page refs/remotes/CPA-28-create-a-layout-for-the-physical-form-page [5ms]
2024-06-06 13:46:48.090 [info] > git status -z -uall [19ms]
2024-06-06 13:47:03.546 [info] > git config --get commit.template [18ms]
2024-06-06 13:47:03.549 [info] > git for-each-ref --format=%(refname)%00%(upstream:short)%00%(objectname)%00%(upstream:track)%00%(upstream:remotename)%00%(upstream:remoteref) refs/heads/CPA-28-create-a-layout-for-the-physical-form-page refs/remotes/CPA-28-create-a-layout-for-the-physical-form-page [5ms]
2024-06-06 13:47:03.580 [info] > git status -z -uall [15ms]
2024-06-06 13:47:54.664 [info] > git config --get commit.template [4ms]
2024-06-06 13:47:54.693 [info] > git for-each-ref --format=%(refname)%00%(upstream:short)%00%(objectname)%00%(upstream:track)%00%(upstream:remotename)%00%(upstream:remoteref) refs/heads/CPA-28-create-a-layout-for-the-physical-form-page refs/remotes/CPA-28-create-a-layout-for-the-physical-form-page [4ms]
2024-06-06 13:47:54.747 [info] > git status -z -uall [25ms]
2024-06-06 13:47:59.791 [info] > git config --get commit.template [17ms]
2024-06-06 13:47:59.794 [info] > git for-each-ref --format=%(refname)%00%(upstream:short)%00%(objectname)%00%(upstream:track)%00%(upstream:remotename)%00%(upstream:remoteref) refs/heads/CPA-28-create-a-layout-for-the-physical-form-page refs/remotes/CPA-28-create-a-layout-for-the-physical-form-page [5ms]
2024-06-06 13:47:59.826 [info] > git status -z -uall [15ms]
2024-06-06 13:48:20.424 [info] > git config --get commit.template [16ms]
2024-06-06 13:48:20.425 [info] > git for-each-ref --format=%(refname)%00%(upstream:short)%00%(objectname)%00%(upstream:track)%00%(upstream:remotename)%00%(upstream:remoteref) refs/heads/CPA-28-create-a-layout-for-the-physical-form-page refs/remotes/CPA-28-create-a-layout-for-the-physical-form-page [2ms]
2024-06-06 13:48:20.452 [info] > git status -z -uall [11ms]
2024-06-06 13:49:30.690 [info] > git config --get commit.template [18ms]
2024-06-06 13:49:30.694 [info] > git for-each-ref --format=%(refname)%00%(upstream:short)%00%(objectname)%00%(upstream:track)%00%(upstream:remotename)%00%(upstream:remoteref) refs/heads/CPA-28-create-a-layout-for-the-physical-form-page refs/remotes/CPA-28-create-a-layout-for-the-physical-form-page [5ms]
2024-06-06 13:49:30.727 [info] > git status -z -uall [16ms]
2024-06-06 13:50:26.923 [info] > git config --get commit.template [18ms]
2024-06-06 13:50:26.925 [info] > git for-each-ref --format=%(refname)%00%(upstream:short)%00%(objectname)%00%(upstream:track)%00%(upstream:remotename)%00%(upstream:remoteref) refs/heads/CPA-28-create-a-layout-for-the-physical-form-page refs/remotes/CPA-28-create-a-layout-for-the-physical-form-page [4ms]
2024-06-06 13:50:26.969 [info] > git status -z -uall [21ms]
2024-06-06 13:51:12.093 [info] > git config --get commit.template [19ms]
2024-06-06 13:51:12.096 [info] > git for-each-ref --format=%(refname)%00%(upstream:short)%00%(objectname)%00%(upstream:track)%00%(upstream:remotename)%00%(upstream:remoteref) refs/heads/CPA-28-create-a-layout-for-the-physical-form-page refs/remotes/CPA-28-create-a-layout-for-the-physical-form-page [5ms]
2024-06-06 13:51:12.130 [info] > git status -z -uall [17ms]
2024-06-06 13:51:25.306 [info] > git config --get commit.template [34ms]
2024-06-06 13:51:25.310 [info] > git for-each-ref --format=%(refname)%00%(upstream:short)%00%(objectname)%00%(upstream:track)%00%(upstream:remotename)%00%(upstream:remoteref) refs/heads/CPA-28-create-a-layout-for-the-physical-form-page refs/remotes/CPA-28-create-a-layout-for-the-physical-form-page [6ms]
2024-06-06 13:51:25.349 [info] > git status -z -uall [18ms]
2024-06-06 13:52:08.190 [info] > git show --textconv :frontend/src/screens/PhysicalFormScreen/PhysicalFormScreen.tsx [16ms]
2024-06-06 13:52:08.192 [info] > git ls-files --stage -- /home/saczky/CrisisPreventionProject/frontend/src/screens/PhysicalFormScreen/PhysicalFormScreen.tsx [2ms]
2024-06-06 13:52:08.211 [info] > git cat-file -s ff7d3fced252bbf9260ee97c45b971fb53739ee2 [4ms]
2024-06-06 13:53:03.869 [info] > git show --textconv :frontend/src/screens/PhysicalFormScreen/PhysicalFormScreen.consts.ts [38ms]
2024-06-06 13:53:03.878 [info] > git ls-files --stage -- /home/saczky/CrisisPreventionProject/frontend/src/screens/PhysicalFormScreen/PhysicalFormScreen.consts.ts [10ms]
2024-06-06 13:53:03.903 [info] > git cat-file -s c09d1776be774fcd1f4c44cadb53d6f056f4b058 [6ms]
2024-06-06 13:53:11.998 [info] > git show --textconv :frontend/src/screens/PhysicalFormScreen/PhysicalFormScreen.tsx [17ms]
2024-06-06 13:53:12.010 [info] > git ls-files --stage -- /home/saczky/CrisisPreventionProject/frontend/src/screens/PhysicalFormScreen/PhysicalFormScreen.tsx [14ms]
2024-06-06 13:53:12.025 [info] > git cat-file -s ff7d3fced252bbf9260ee97c45b971fb53739ee2 [3ms]
2024-06-06 14:00:16.185 [info] > git check-ignore -v -z --stdin [17ms]
2024-06-06 14:00:37.967 [info] > git check-ignore -v -z --stdin [6ms]
2024-06-06 14:00:38.524 [info] > git config --get commit.template [19ms]
2024-06-06 14:00:38.538 [info] > git for-each-ref --format=%(refname)%00%(upstream:short)%00%(objectname)%00%(upstream:track)%00%(upstream:remotename)%00%(upstream:remoteref) refs/heads/CPA-28-create-a-layout-for-the-physical-form-page refs/remotes/CPA-28-create-a-layout-for-the-physical-form-page [14ms]
2024-06-06 14:00:38.588 [info] > git status -z -uall [33ms]
2024-06-06 14:01:14.129 [info] > git check-ignore -v -z --stdin [4ms]
2024-06-06 14:01:14.643 [info] > git config --get commit.template [18ms]
2024-06-06 14:01:14.646 [info] > git for-each-ref --format=%(refname)%00%(upstream:short)%00%(objectname)%00%(upstream:track)%00%(upstream:remotename)%00%(upstream:remoteref) refs/heads/CPA-28-create-a-layout-for-the-physical-form-page refs/remotes/CPA-28-create-a-layout-for-the-physical-form-page [5ms]
2024-06-06 14:01:14.680 [info] > git status -z -uall [17ms]
2024-06-06 14:05:57.328 [info] > git show --textconv :frontend/App.tsx [14ms]
2024-06-06 14:05:57.330 [info] > git ls-files --stage -- /home/saczky/CrisisPreventionProject/frontend/App.tsx [3ms]
2024-06-06 14:05:57.345 [info] > git cat-file -s e6499b8f1998ba64816c07d4fe01473785d10b65 [3ms]
2024-06-06 14:06:03.678 [info] > git config --get commit.template [9ms]
2024-06-06 14:06:03.680 [info] > git for-each-ref --format=%(refname)%00%(upstream:short)%00%(objectname)%00%(upstream:track)%00%(upstream:remotename)%00%(upstream:remoteref) refs/heads/CPA-28-create-a-layout-for-the-physical-form-page refs/remotes/CPA-28-create-a-layout-for-the-physical-form-page [3ms]
2024-06-06 14:06:03.699 [info] > git status -z -uall [8ms]
2024-06-06 14:06:14.067 [info] > git show --textconv HEAD:frontend/App.tsx [19ms]
2024-06-06 14:06:14.071 [info] > git ls-tree -l HEAD -- /home/saczky/CrisisPreventionProject/frontend/App.tsx [5ms]
2024-06-06 14:06:18.591 [info] > git merge-base refs/heads/CPA-28-create-a-layout-for-the-physical-form-page refs/remotes/origin/CPA-28-create-a-layout-for-the-physical-form-page [2ms]
2024-06-06 14:06:18.612 [info] > git rev-list --count --left-right refs/heads/CPA-28-create-a-layout-for-the-physical-form-page...refs/remotes/origin/CPA-28-create-a-layout-for-the-physical-form-page [6ms]
2024-06-06 14:06:22.136 [info] > git checkout -q -- /home/saczky/CrisisPreventionProject/frontend/App.tsx [33ms]
2024-06-06 14:06:22.225 [info] > git config --get commit.template [37ms]
2024-06-06 14:06:22.238 [info] > git for-each-ref --format=%(refname)%00%(upstream:short)%00%(objectname)%00%(upstream:track)%00%(upstream:remotename)%00%(upstream:remoteref) refs/heads/CPA-28-create-a-layout-for-the-physical-form-page refs/remotes/CPA-28-create-a-layout-for-the-physical-form-page [15ms]
2024-06-06 14:06:22.288 [info] > git status -z -uall [12ms]
2024-06-06 14:10:46.011 [info] > git config --get commit.template [34ms]
2024-06-06 14:10:46.024 [info] > git for-each-ref --format=%(refname)%00%(upstream:short)%00%(objectname)%00%(upstream:track)%00%(upstream:remotename)%00%(upstream:remoteref) refs/heads/CPA-11-log-in-to-the-application refs/remotes/CPA-11-log-in-to-the-application [20ms]
2024-06-06 14:10:46.110 [info] > git status -z -uall [65ms]
2024-06-06 14:10:46.247 [info] > git ls-files --stage -- /home/saczky/CrisisPreventionProject/frontend/App.tsx [11ms]
2024-06-06 14:10:46.262 [info] > git for-each-ref --format=%(refname)%00%(upstream:short)%00%(objectname)%00%(upstream:track)%00%(upstream:remotename)%00%(upstream:remoteref) refs/heads/CPA-11-log-in-to-the-application [16ms]
2024-06-06 14:10:46.273 [info] > git cat-file -s bb4cf1f19bc71531a5d1f581e2ca6cf9d945ce9a [14ms]
2024-06-06 14:10:46.275 [info] > git for-each-ref --format=%(refname)%00%(upstream:short)%00%(objectname)%00%(upstream:track)%00%(upstream:remotename)%00%(upstream:remoteref) refs/heads/CPA-11-log-in-to-the-application [3ms]
2024-06-06 14:10:46.308 [info] > git config --local branch.CPA-11-log-in-to-the-application.vscode-merge-base [16ms]
2024-06-06 14:10:46.309 [warning] git config failed: Failed to execute git
2024-06-06 14:10:46.317 [info] > git show --textconv :frontend/App.tsx [12ms]
2024-06-06 14:10:46.328 [info] > git reflog refs/heads/CPA-11-log-in-to-the-application --grep-reflog=branch: Created from *. [11ms]
2024-06-06 14:10:46.395 [info] > git reflog HEAD --grep-reflog=checkout: moving from .* to CPA-11-log-in-to-the-application [58ms]
2024-06-06 14:10:46.429 [info] > git for-each-ref --format=%(refname)%00%(upstream:short)%00%(objectname)%00%(upstream:track)%00%(upstream:remotename)%00%(upstream:remoteref) refs/heads/develop refs/remotes/develop [12ms]
2024-06-06 14:10:46.462 [info] > git for-each-ref --format=%(refname)%00%(upstream:short)%00%(objectname)%00%(upstream:track)%00%(upstream:remotename)%00%(upstream:remoteref) refs/remotes/origin/develop [15ms]
2024-06-06 14:10:46.496 [info] > git config --local branch.CPA-11-log-in-to-the-application.vscode-merge-base origin/develop [7ms]
2024-06-06 14:10:46.531 [info] > git config --get commit.template [5ms]
2024-06-06 14:10:46.561 [info] > git for-each-ref --format=%(refname)%00%(upstream:short)%00%(objectname)%00%(upstream:track)%00%(upstream:remotename)%00%(upstream:remoteref) refs/heads/CPA-11-log-in-to-the-application refs/remotes/CPA-11-log-in-to-the-application [5ms]
2024-06-06 14:10:46.626 [info] > git status -z -uall [43ms]
2024-06-06 14:10:46.667 [info] > git merge-base refs/heads/CPA-11-log-in-to-the-application refs/remotes/origin/develop [9ms]
2024-06-06 14:10:46.699 [info] > git rev-list --count --left-right refs/heads/CPA-11-log-in-to-the-application...refs/remotes/origin/develop [7ms]
2024-06-06 14:10:47.712 [info] > git ls-files --stage -- /home/saczky/CrisisPreventionProject/frontend/App.tsx [3ms]
2024-06-06 14:10:47.733 [info] > git cat-file -s bb4cf1f19bc71531a5d1f581e2ca6cf9d945ce9a [4ms]
2024-06-06 14:10:47.777 [info] > git show --textconv :frontend/App.tsx [10ms]
2024-06-06 14:10:51.159 [info] > git config --get commit.template [22ms]
2024-06-06 14:10:51.162 [info] > git for-each-ref --format=%(refname)%00%(upstream:short)%00%(objectname)%00%(upstream:track)%00%(upstream:remotename)%00%(upstream:remoteref) refs/heads/CPA-11-log-in-to-the-application refs/remotes/CPA-11-log-in-to-the-application [5ms]
2024-06-06 14:10:51.193 [info] > git status -z -uall [16ms]
2024-06-06 14:18:55.337 [info] > git check-ignore -v -z --stdin [5ms]
2024-06-06 14:18:57.939 [info] > git show --textconv :backend/user/apis.py [16ms]
2024-06-06 14:18:57.947 [info] > git ls-files --stage -- /home/saczky/CrisisPreventionProject/backend/user/apis.py [8ms]
2024-06-06 14:18:57.965 [info] > git cat-file -s c369d2b793524745e00403da92cd341a438d2774 [5ms]
2024-06-06 14:19:57.320 [info] > git config --get commit.template [8ms]
2024-06-06 14:19:57.322 [info] > git for-each-ref --format=%(refname)%00%(upstream:short)%00%(objectname)%00%(upstream:track)%00%(upstream:remotename)%00%(upstream:remoteref) refs/heads/CPA-11-log-in-to-the-application refs/remotes/CPA-11-log-in-to-the-application [3ms]
2024-06-06 14:19:57.337 [info] > git status -z -uall [8ms]
2024-06-06 14:20:02.511 [info] > git config --get commit.template [10ms]
2024-06-06 14:20:02.513 [info] > git for-each-ref --format=%(refname)%00%(upstream:short)%00%(objectname)%00%(upstream:track)%00%(upstream:remotename)%00%(upstream:remoteref) refs/heads/CPA-11-log-in-to-the-application refs/remotes/CPA-11-log-in-to-the-application [2ms]
2024-06-06 14:20:02.531 [info] > git status -z -uall [11ms]
2024-06-06 14:22:42.446 [info] > git config --get commit.template [7ms]
2024-06-06 14:22:42.447 [info] > git for-each-ref --format=%(refname)%00%(upstream:short)%00%(objectname)%00%(upstream:track)%00%(upstream:remotename)%00%(upstream:remoteref) refs/heads/CPA-11-log-in-to-the-application refs/remotes/CPA-11-log-in-to-the-application [1ms]
2024-06-06 14:22:42.461 [info] > git status -z -uall [6ms]
2024-06-06 14:26:02.511 [info] > git show --textconv :backend/user/apis.py [6ms]
2024-06-06 14:26:02.511 [info] > git ls-files --stage -- /home/saczky/CrisisPreventionProject/backend/user/apis.py [1ms]
2024-06-06 14:26:02.517 [info] > git cat-file -s c369d2b793524745e00403da92cd341a438d2774 [1ms]
2024-06-06 14:26:05.254 [info] > git config --get commit.template [6ms]
2024-06-06 14:26:05.258 [info] > git for-each-ref --format=%(refname)%00%(upstream:short)%00%(objectname)%00%(upstream:track)%00%(upstream:remotename)%00%(upstream:remoteref) refs/heads/CPA-11-log-in-to-the-application refs/remotes/CPA-11-log-in-to-the-application [4ms]
2024-06-06 14:26:05.267 [info] > git status -z -uall [5ms]
2024-06-06 14:28:45.585 [info] > git config --get commit.template [4ms]
2024-06-06 14:28:45.609 [info] > git for-each-ref --format=%(refname)%00%(upstream:short)%00%(objectname)%00%(upstream:track)%00%(upstream:remotename)%00%(upstream:remoteref) refs/heads/CPA-11-log-in-to-the-application refs/remotes/CPA-11-log-in-to-the-application [8ms]
2024-06-06 14:28:45.643 [info] > git status -z -uall [17ms]
2024-06-06 14:29:44.606 [info] > git config --get commit.template [11ms]
2024-06-06 14:29:44.613 [info] > git for-each-ref --format=%(refname)%00%(upstream:short)%00%(objectname)%00%(upstream:track)%00%(upstream:remotename)%00%(upstream:remoteref) refs/heads/CPA-11-log-in-to-the-application refs/remotes/CPA-11-log-in-to-the-application [13ms]
2024-06-06 14:29:44.663 [info] > git status -z -uall [32ms]
2024-06-06 14:30:02.605 [info] > git config --get commit.template [33ms]
2024-06-06 14:30:02.613 [info] > git for-each-ref --format=%(refname)%00%(upstream:short)%00%(objectname)%00%(upstream:track)%00%(upstream:remotename)%00%(upstream:remo