2024-06-05 13:50:47.188 [info] Log level: Info
2024-06-05 13:50:47.188 [info] Validating found git in: "git"
2024-06-05 13:50:47.188 [info] Using git "2.45.2" from "git"
2024-06-05 13:50:47.188 [info] > git rev-parse --show-toplevel [6ms]
2024-06-05 13:50:47.188 [info] > git rev-parse --git-dir --git-common-dir [2ms]
2024-06-05 13:50:47.200 [info] Open repository: /home/saczky/CrisisPreventionProject
2024-06-05 13:50:47.243 [info] > git rev-parse --show-toplevel [3ms]
2024-06-05 13:50:47.244 [info] > git config --get commit.template [9ms]
2024-06-05 13:50:47.269 [info] > git rev-parse --show-toplevel [14ms]
2024-06-05 13:50:47.281 [info] > git for-each-ref --format=%(refname)%00%(upstream:short)%00%(objectname)%00%(upstream:track)%00%(upstream:remotename)%00%(upstream:remoteref) refs/heads/CPA-11-log-in-to-the-application refs/remotes/CPA-11-log-in-to-the-application [16ms]
2024-06-05 13:50:47.294 [info] > git rev-parse --show-toplevel [14ms]
2024-06-05 13:50:47.309 [info] > git status -z -uall [17ms]
2024-06-05 13:50:47.356 [info] > git config --get commit.template [12ms]
2024-06-05 13:50:47.357 [info] > git for-each-ref --format=%(refname)%00%(upstream:short)%00%(objectname)%00%(upstream:track)%00%(upstream:remotename)%00%(upstream:remoteref) refs/heads/CPA-11-log-in-to-the-application refs/remotes/CPA-11-log-in-to-the-application [6ms]
2024-06-05 13:50:47.376 [info] > git status -z -uall [10ms]
2024-06-05 13:50:48.557 [info] > git check-ignore -v -z --stdin [499ms]
2024-06-05 13:50:49.093 [info] > git show --textconv :frontend/src/api/constants/endpoints.ts [196ms]
2024-06-05 13:50:49.097 [info] > git ls-files --stage -- /home/saczky/CrisisPreventionProject/frontend/src/api/constants/endpoints.ts [75ms]
2024-06-05 13:50:49.280 [info] > git cat-file -s 335d278f5b98015eed875a658e45a8518d0e1979 [143ms]
2024-06-05 13:51:01.894 [info] > git show --textconv :backend/user/apis.py [17ms]
2024-06-05 13:51:01.930 [info] > git ls-files --stage -- /home/saczky/CrisisPreventionProject/backend/user/apis.py [39ms]
2024-06-05 13:51:02.028 [info] > git cat-file -s c369d2b793524745e00403da92cd341a438d2774 [92ms]
2024-06-05 13:51:02.054 [info] > git check-ignore -v -z --stdin [2ms]
2024-06-05 13:51:22.760 [info] > git config --get commit.template [1ms]
2024-06-05 13:51:22.767 [info] > git for-each-ref --format=%(refname)%00%(upstream:short)%00%(objectname)%00%(upstream:track)%00%(upstream:remotename)%00%(upstream:remoteref) refs/heads/CPA-11-log-in-to-the-application refs/remotes/CPA-11-log-in-to-the-application [2ms]
2024-06-05 13:51:22.787 [info] > git status -z -uall [12ms]
2024-06-05 13:51:45.120 [info] > git config --get commit.template [5ms]
2024-06-05 13:51:45.120 [info] > git for-each-ref --format=%(refname)%00%(upstream:short)%00%(objectname)%00%(upstream:track)%00%(upstream:remotename)%00%(upstream:remoteref) refs/heads/CPA-11-log-in-to-the-application refs/remotes/CPA-11-log-in-to-the-application [1ms]
2024-06-05 13:51:45.129 [info] > git status -z -uall [5ms]
2024-06-05 13:52:10.844 [info] > git config --get commit.template [32ms]
2024-06-05 13:52:10.846 [info] > git for-each-ref --format=%(refname)%00%(upstream:short)%00%(objectname)%00%(upstream:track)%00%(upstream:remotename)%00%(upstream:remoteref) refs/heads/CPA-11-log-in-to-the-application refs/remotes/CPA-11-log-in-to-the-application [2ms]
2024-06-05 13:52:10.883 [info] > git status -z -uall [20ms]
2024-06-05 13:52:23.123 [info] > git config --get commit.template [11ms]
2024-06-05 13:52:23.157 [info] > git for-each-ref --format=%(refname)%00%(upstream:short)%00%(objectname)%00%(upstream:track)%00%(upstream:remotename)%00%(upstream:remoteref) refs/heads/CPA-11-log-in-to-the-application refs/remotes/CPA-11-log-in-to-the-application [7ms]
2024-06-05 13:52:23.208 [info] > git status -z -uall [24ms]
2024-06-05 13:52:29.431 [info] > git show --textconv :backend/user/views.py [19ms]
2024-06-05 13:52:29.436 [info] > git ls-files --stage -- /home/saczky/CrisisPreventionProject/backend/user/views.py [7ms]
2024-06-05 13:52:29.447 [info] > git cat-file -s 91ea44a218fbd2f408430959283f0419c921093e [2ms]
2024-06-05 13:52:30.554 [info] > git show --textconv :backend/user/apis.py [8ms]
2024-06-05 13:52:30.555 [info] > git ls-files --stage -- /home/saczky/CrisisPreventionProject/backend/user/apis.py [2ms]
2024-06-05 13:52:30.561 [info] > git cat-file -s c369d2b793524745e00403da92cd341a438d2774 [2ms]
2024-06-05 13:52:39.070 [info] > git config --get commit.template [8ms]
2024-06-05 13:52:39.121 [info] > git for-each-ref --format=%(refname)%00%(upstream:short)%00%(objectname)%00%(upstream:track)%00%(upstream:remotename)%00%(upstream:remoteref) refs/heads/CPA-11-log-in-to-the-application refs/remotes/CPA-11-log-in-to-the-application [13ms]
2024-06-05 13:52:39.163 [info] > git status -z -uall [20ms]
2024-06-05 13:52:52.589 [info] > git rev-parse --show-toplevel [3ms]
2024-06-05 13:52:52.589 [info] fatal: not a git repository (or any of the parent directories): .git
2024-06-05 13:53:06.224 [info] > git show --textconv :backend/user/apis.py [13ms]
2024-06-05 13:53:06.225 [info] > git ls-files --stage -- /home/saczky/CrisisPreventionProject/backend/user/apis.py [1ms]
2024-06-05 13:53:06.232 [info] > git cat-file -s c369d2b793524745e00403da92cd341a438d2774 [1ms]
2024-06-05 13:53:20.507 [info] > git config --get commit.template [14ms]
2024-06-05 13:53:20.508 [info] > git for-each-ref --format=%(refname)%00%(upstream:short)%00%(objectname)%00%(upstream:track)%00%(upstream:remotename)%00%(upstream:remoteref) refs/heads/CPA-11-log-in-to-the-application refs/remotes/CPA-11-log-in-to-the-application [1ms]
2024-06-05 13:53:20.521 [info] > git status -z -uall [9ms]
2024-06-05 13:53:20.867 [info] > git rev-parse --show-toplevel [2ms]
2024-06-05 13:53:20.867 [info] fatal: not a git repository (or any of the parent directories): .git
2024-06-05 13:53:32.903 [info] > git show --textconv :backend/user/apis.py [6ms]
2024-06-05 13:53:32.904 [info] > git ls-files --stage -- /home/saczky/CrisisPreventionProject/backend/user/apis.py [2ms]
2024-06-05 13:53:32.909 [info] > git cat-file -s c369d2b793524745e00403da92cd341a438d2774 [2ms]
2024-06-05 13:53:39.411 [info] > git config --get commit.template [23ms]
2024-06-05 13:53:39.417 [info] > git for-each-ref --format=%(refname)%00%(upstream:short)%00%(objectname)%00%(upstream:track)%00%(upstream:remotename)%00%(upstream:remoteref) refs/heads/CPA-11-log-in-to-the-application refs/remotes/CPA-11-log-in-to-the-application [6ms]
2024-06-05 13:53:39.459 [info] > git status -z -uall [16ms]
2024-06-05 13:53:44.370 [info] > git rev-parse --show-toplevel [9ms]
2024-06-05 13:53:44.370 [info] fatal: not a git repository (or any of the parent directories): .git
2024-06-05 13:53:44.488 [info] > git config --get commit.template [9ms]
2024-06-05 13:53:44.488 [info] > git for-each-ref --format=%(refname)%00%(upstream:short)%00%(objectname)%00%(upstream:track)%00%(upstream:remotename)%00%(upstream:remoteref) refs/heads/CPA-11-log-in-to-the-application refs/remotes/CPA-11-log-in-to-the-application [1ms]
2024-06-05 13:53:44.508 [info] > git status -z -uall [10ms]
2024-06-05 13:53:50.485 [info] > git show --textconv :backend/user/apis.py [9ms]
2024-06-05 13:53:50.486 [info] > git ls-files --stage -- /home/saczky/CrisisPreventionProject/backend/user/apis.py [2ms]
2024-06-05 13:53:50.490 [info] > git cat-file -s c369d2b793524745e00403da92cd341a438d2774 [1ms]
2024-06-05 13:55:11.816 [info] > git config --get commit.template [5ms]
2024-06-05 13:55:11.817 [info] > git for-each-ref --format=%(refname)%00%(upstream:short)%00%(objectname)%00%(upstream:track)%00%(upstream:remotename)%00%(upstream:remoteref) refs/heads/CPA-11-log-in-to-the-application refs/remotes/CPA-11-log-in-to-the-application [1ms]
2024-06-05 13:55:11.825 [info] > git status -z -uall [4ms]
2024-06-05 13:55:16.851 [info] > git config --get commit.template [13ms]
2024-06-05 13:55:16.852 [info] > git for-each-ref --format=%(refname)%00%(upstream:short)%00%(objectname)%00%(upstream:track)%00%(upstream:remotename)%00%(upstream:remoteref) refs/heads/CPA-11-log-in-to-the-application refs/remotes/CPA-11-log-in-to-the-application [7ms]
2024-06-05 13:55:16.861 [info] > git status -z -uall [5ms]
2024-06-05 13:55:20.544 [info] > git show --textconv :frontend/src/hooks/useUserLogin.ts [19ms]
2024-06-05 13:55:20.551 [info] > git ls-files --stage -- /home/saczky/CrisisPreventionProject/frontend/src/hooks/useUserLogin.ts [7ms]
2024-06-05 13:55:20.882 [info] > git check-ignore -v -z --stdin [4ms]
2024-06-05 14:09:10.560 [info] > git show --textconv :backend/crisis_management_system/settings.py [18ms]
2024-06-05 14:09:10.562 [info] > git ls-files --stage -- /home/saczky/CrisisPreventionProject/backend/crisis_management_system/settings.py [2ms]
2024-06-05 14:09:10.581 [info] > git cat-file -s 99d0f92f998ee8305c3b8fab6b261b3dda71ef56 [6ms]
