2024-06-05 14:18:58.947 [info] Added views:workbench.panel.markers.view in workbench.panel.markers
2024-06-05 14:18:58.947 [info] Added views:workbench.panel.output in workbench.panel.output
2024-06-05 14:18:58.947 [info] Added views:terminal in terminal
2024-06-05 14:18:58.947 [info] Added views:outline in workbench.view.explorer
2024-06-05 14:18:58.947 [info] Added views:workbench.scm in workbench.view.scm
2024-06-05 14:18:58.947 [info] Added views:workbench.view.search in workbench.view.search
2024-06-05 14:18:58.947 [info] Added views:timeline in workbench.view.explorer
2024-06-05 14:18:58.947 [info] Added views:workbench.explorer.fileView in workbench.view.explorer
2024-06-05 14:18:59.529 [info] Added views:workbench.debug.welcome in workbench.view.debug
2024-06-05 14:19:00.267 [info] Added views:gitlens.views.home,gitlens.views.workspaces,gitlens.views.account in workbench.view.extension.gitlens
2024-06-05 14:19:00.267 [info] Added views:gitlens.views.commitDetails,gitlens.views.lineHistory,gitlens.views.fileHistory,gitlens.views.searchAndCompare in workbench.view.extension.gitlensInspect
2024-06-05 14:19:00.269 [info] Added views:gitlens.views.commits,gitlens.views.branches,gitlens.views.remotes,gitlens.views.stashes,gitlens.views.tags,gitlens.views.contributors in workbench.view.scm
2024-06-05 14:19:01.319 [info] Added views:workbench.panel.repl.view in workbench.panel.repl
2024-06-05 14:19:02.093 [info] Added views:workbench.view.testing in workbench.view.extension.test
2024-06-05 14:19:05.780 [info] Added views:gitlens.views.drafts in workbench.view.extension.gitlens
2024-06-05 14:19:06.213 [info] Added views:gitlens.views.graph,gitlens.views.graphDetails in workbench.view.extension.gitlensPanel
2024-06-05 14:19:06.224 [info] Added views:gitlens.views.timeline in workbench.view.extension.gitlensInspect
2024-06-05 14:19:06.238 [info] Added views:gitlens.views.worktrees in workbench.view.scm
2024-06-05 14:19:06.976 [info] Added views:~remote.forwardedPorts in ~remote.forwardedPortsContainer
2024-06-05 15:05:41.301 [info] Removed views:workbench.view.testing from workbench.view.extension.test
