2024-06-05 13:00:06.787 [info] Log level: Info
2024-06-05 13:00:06.787 [info] Validating found git in: "git"
2024-06-05 13:00:06.787 [info] Using git "2.45.2" from "git"
2024-06-05 13:00:06.787 [info] > git rev-parse --show-toplevel [26ms]
2024-06-05 13:00:06.787 [info] > git rev-parse --git-dir --git-common-dir [3ms]
2024-06-05 13:00:06.787 [info] Open repository: /home/saczky/CrisisPreventionProject
2024-06-05 13:00:06.803 [info] > git rev-parse --show-toplevel [5ms]
2024-06-05 13:00:06.824 [info] > git rev-parse --show-toplevel [9ms]
2024-06-05 13:00:06.845 [info] > git for-each-ref --format=%(refname)%00%(upstream:short)%00%(objectname)%00%(upstream:track)%00%(upstream:remotename)%00%(upstream:remoteref) refs/heads/CPA-15-add-spanish-language-to-the-login-screen refs/remotes/CPA-15-add-spanish-language-to-the-login-screen [24ms]
2024-06-05 13:00:06.847 [info] > git rev-parse --show-toplevel [2ms]
2024-06-05 13:00:06.905 [info] > git rev-parse --show-toplevel [38ms]
2024-06-05 13:00:06.921 [info] > git status -z -uall [16ms]
2024-06-05 13:00:06.965 [info] > git merge-base refs/heads/CPA-15-add-spanish-language-to-the-login-screen refs/remotes/origin/CPA-15-add-spanish-language-to-the-login-screen [21ms]
2024-06-05 13:00:07.535 [info] > git check-ignore -v -z --stdin [5ms]
2024-06-05 13:00:07.537 [info] > git rev-list --count --left-right refs/heads/CPA-15-add-spanish-language-to-the-login-screen...refs/remotes/origin/CPA-15-add-spanish-language-to-the-login-screen [554ms]
2024-06-05 13:00:07.885 [info] > git diff --name-status -z --diff-filter=ADMR ddf569f7ee3209642b2568e48ec8a7b0297f68c2...refs/remotes/origin/CPA-15-add-spanish-language-to-the-login-screen [341ms]
2024-06-05 13:00:07.981 [info] > git for-each-ref --format=%(refname)%00%(upstream:short)%00%(objectname)%00%(upstream:track)%00%(upstream:remotename)%00%(upstream:remoteref) refs/heads/CPA-15-add-spanish-language-to-the-login-screen refs/remotes/CPA-15-add-spanish-language-to-the-login-screen [34ms]
2024-06-05 13:00:08.010 [info] > git show --textconv :frontend/src/hooks/useUserLogin.ts [17ms]
2024-06-05 13:00:08.010 [info] > git ls-files --stage -- /home/saczky/CrisisPreventionProject/frontend/src/hooks/useUserLogin.ts [7ms]
2024-06-05 13:00:08.090 [info] > git status -z -uall [41ms]
2024-06-05 13:00:19.530 [info] > git for-each-ref --format=%(refname)%00%(upstream:short)%00%(objectname)%00%(upstream:track)%00%(upstream:remotename)%00%(upstream:remoteref) refs/heads/CPA-15-add-spanish-language-to-the-login-screen refs/remotes/CPA-15-add-spanish-language-to-the-login-screen [28ms]
2024-06-05 13:00:19.537 [info] > git ls-files --stage -- /home/saczky/CrisisPreventionProject/frontend/src/hooks/useUserLogin.ts [8ms]
2024-06-05 13:00:19.599 [info] > git status -z -uall [29ms]
2024-06-05 13:00:19.615 [info] > git show --textconv :frontend/src/hooks/useUserLogin.ts [20ms]
2024-06-05 13:00:23.648 [info] > git check-ignore -v -z --stdin [1ms]
2024-06-05 13:01:13.258 [info] > git check-ignore -v -z --stdin [3ms]
2024-06-05 13:01:52.216 [info] > git check-ignore -v -z --stdin [5ms]
2024-06-05 13:01:57.880 [info] > git config --get commit.template [4ms]
2024-06-05 13:01:57.906 [info] > git for-each-ref --format=%(refname)%00%(upstream:short)%00%(objectname)%00%(upstream:track)%00%(upstream:remotename)%00%(upstream:remoteref) refs/heads/CPA-19-create-layout-for-the-home-page refs/remotes/CPA-19-create-layout-for-the-home-page [5ms]
2024-06-05 13:01:57.937 [info] > git status -z -uall [13ms]
2024-06-05 13:01:57.970 [info] > git merge-base refs/heads/CPA-19-create-layout-for-the-home-page refs/remotes/origin/CPA-19-create-layout-for-the-home-page [15ms]
2024-06-05 13:01:58.006 [info] > git rev-list --count --left-right refs/heads/CPA-19-create-layout-for-the-home-page...refs/remotes/origin/CPA-19-create-layout-for-the-home-page [13ms]
2024-06-05 13:01:58.040 [info] > git diff --name-status -z --diff-filter=ADMR 1f7ac04df5e93e4dd407e9f4a005fc940423dd1c...refs/remotes/origin/CPA-19-create-layout-for-the-home-page [7ms]
2024-06-05 13:01:58.274 [info] > git show --textconv :frontend/App.tsx [14ms]
2024-06-05 13:01:58.275 [info] > git ls-files --stage -- /home/saczky/CrisisPreventionProject/frontend/App.tsx [1ms]
2024-06-05 13:01:58.288 [info] > git cat-file -s 26c5227cb1dcdc4d0fd963cf6957558eaf10d884 [1ms]
2024-06-05 13:02:09.187 [info] > git config --get commit.template [25ms]
2024-06-05 13:02:09.209 [info] > git for-each-ref --format=%(refname)%00%(upstream:short)%00%(objectname)%00%(upstream:track)%00%(upstream:remotename)%00%(upstream:remoteref) refs/heads/CPA-11-log-in-to-the-application refs/remotes/CPA-11-log-in-to-the-application [27ms]
2024-06-05 13:02:09.236 [info] > git ls-files --stage -- /home/saczky/CrisisPreventionProject/frontend/App.tsx [28ms]
2024-06-05 13:02:09.260 [info] > git status -z -uall [28ms]
2024-06-05 13:02:09.271 [info] > git cat-file -s a16e8aec586e0112261537bdb564c2947842e95a [12ms]
2024-06-05 13:02:09.348 [info] > git show --textconv :frontend/App.tsx [6ms]
2024-06-05 13:02:14.881 [info] > git config --get commit.template [36ms]
2024-06-05 13:02:14.883 [info] > git for-each-ref --format=%(refname)%00%(upstream:short)%00%(objectname)%00%(upstream:track)%00%(upstream:remotename)%00%(upstream:remoteref) refs/heads/CPA-11-log-in-to-the-application refs/remotes/CPA-11-log-in-to-the-application [6ms]
2024-06-05 13:02:14.919 [info] > git status -z -uall [17ms]
2024-06-05 13:03:02.834 [info] > git config --get commit.template [17ms]
2024-06-05 13:03:02.855 [info] > git ls-files --stage -- /home/saczky/CrisisPreventionProject/frontend/App.tsx [24ms]
2024-06-05 13:03:02.864 [info] > git for-each-ref --format=%(refname)%00%(upstream:short)%00%(objectname)%00%(upstream:track)%00%(upstream:remotename)%00%(upstream:remoteref) refs/heads/CPA-11-log-in-to-the-application refs/remotes/CPA-11-log-in-to-the-application [13ms]
2024-06-05 13:03:02.876 [info] > git cat-file -s a16e8aec586e0112261537bdb564c2947842e95a [13ms]
2024-06-05 13:03:02.886 [info] > git status -z -uall [11ms]
2024-06-05 13:03:02.925 [info] > git show --textconv :frontend/App.tsx [3ms]
2024-06-05 13:03:06.179 [info] > git show --textconv :docker-compose-local.yml [6ms]
2024-06-05 13:03:06.180 [info] > git ls-files --stage -- /home/saczky/CrisisPreventionProject/docker-compose-local.yml [2ms]
2024-06-05 13:03:06.185 [info] > git cat-file -s d4a155902edf3b3d909cfe406f7162d0f6d4559b [1ms]
2024-06-05 13:03:17.251 [info] > git show --textconv :frontend/App.tsx [15ms]
2024-06-05 13:03:17.254 [info] > git ls-files --stage -- /home/saczky/CrisisPreventionProject/frontend/App.tsx [4ms]
2024-06-05 13:03:17.267 [info] > git cat-file -s a16e8aec586e0112261537bdb564c2947842e95a [6ms]
2024-06-05 13:05:35.311 [info] > git check-ignore -v -z --stdin [4ms]
2024-06-05 13:05:36.036 [info] > git check-ignore -v -z --stdin [4ms]
2024-06-05 13:05:36.863 [info] > git show --textconv :backend/crisis_management_system/settings.py [8ms]
2024-06-05 13:05:36.912 [info] > git ls-files --stage -- /home/saczky/CrisisPreventionProject/backend/crisis_management_system/settings.py [49ms]
2024-06-05 13:05:36.928 [info] > git cat-file -s 99d0f92f998ee8305c3b8fab6b261b3dda71ef56 [5ms]
2024-06-05 13:05:58.961 [info] > git config --get commit.template [18ms]
2024-06-05 13:05:58.965 [info] > git for-each-ref --format=%(refname)%00%(upstream:short)%00%(objectname)%00%(upstream:track)%00%(upstream:remotename)%00%(upstream:remoteref) refs/heads/CPA-11-log-in-to-the-application refs/remotes/CPA-11-log-in-to-the-application [6ms]
2024-06-05 13:05:58.995 [info] > git status -z -uall [15ms]
2024-06-05 13:06:04.541 [info] > git config --get commit.template [11ms]
2024-06-05 13:06:04.542 [info] > git for-each-ref --format=%(refname)%00%(upstream:short)%00%(objectname)%00%(upstream:track)%00%(upstream:remotename)%00%(upstream:remoteref) refs/heads/CPA-11-log-in-to-the-application refs/remotes/CPA-11-log-in-to-the-application [1ms]
2024-06-05 13:06:04.559 [info] > git status -z -uall [6ms]
2024-06-05 13:06:25.281 [info] > git config --get commit.template [5ms]
2024-06-05 13:06:25.282 [info] > git for-each-ref --format=%(refname)%00%(upstream:short)%00%(objectname)%00%(upstream:track)%00%(upstream:remotename)%00%(upstream:remoteref) refs/heads/CPA-11-log-in-to-the-application refs/remotes/CPA-11-log-in-to-the-application [1ms]
2024-06-05 13:06:25.290 [info] > git status -z -uall [4ms]
2024-06-05 13:12:20.160 [info] > git config --get commit.template [6ms]
2024-06-05 13:12:20.248 [info] > git for-each-ref --format=%(refname)%00%(upstream:short)%00%(objectname)%00%(upstream:track)%00%(upstream:remotename)%00%(upstream:remoteref) refs/heads/CPA-11-log-in-to-the-application refs/remotes/CPA-11-log-in-to-the-application [28ms]
2024-06-05 13:12:20.323 [info] > git status -z -uall [33ms]
2024-06-05 13:12:27.263 [info] > git config --get commit.template [38ms]
2024-06-05 13:12:27.266 [info] > git for-each-ref --format=%(refname)%00%(upstream:short)%00%(objectname)%00%(upstream:track)%00%(upstream:remotename)%00%(upstream:remoteref) refs/heads/CPA-11-log-in-to-the-application refs/remotes/CPA-11-log-in-to-the-application [9ms]
2024-06-05 13:12:27.292 [info] > git status -z -uall [8ms]
2024-06-05 13:18:26.540 [info] > git show --textconv :frontend/App.tsx [18ms]
2024-06-05 13:18:26.545 [info] > git ls-files --stage -- /home/saczky/CrisisPreventionProject/frontend/App.tsx [5ms]
2024-06-05 13:18:26.569 [info] > git cat-file -s a16e8aec586e0112261537bdb564c2947842e95a [7ms]
2024-06-05 13:18:32.075 [info] > git show --textconv :frontend/src/screens/LoginScreen/LoginScreen.tsx [12ms]
2024-06-05 13:18:32.081 [info] > git ls-files --stage -- /home/saczky/CrisisPreventionProject/frontend/src/screens/LoginScreen/LoginScreen.tsx [7ms]
2024-06-05 13:18:32.094 [info] > git cat-file -s 65588dd2c4e9818942c24a2bbea6fc9cf7a84f17 [4ms]
2024-06-05 13:18:51.865 [info] > git config --get commit.template [10ms]
2024-06-05 13:18:51.866 [info] > git for-each-ref --format=%(refname)%00%(upstream:short)%00%(objectname)%00%(upstream:track)%00%(upstream:remotename)%00%(upstream:remoteref) refs/heads/CPA-11-log-in-to-the-application refs/remotes/CPA-11-log-in-to-the-application [2ms]
2024-06-05 13:18:51.885 [info] > git status -z -uall [13ms]
2024-06-05 13:19:26.694 [info] > git config --get commit.template [17ms]
2024-06-05 13:19:26.699 [info] > git for-each-ref --format=%(refname)%00%(upstream:short)%00%(objectname)%00%(upstream:track)%00%(upstream:remotename)%00%(upstream:remoteref) refs/heads/CPA-11-log-in-to-the-application refs/remotes/CPA-11-log-in-to-the-application [8ms]
2024-06-05 13:19:26.739 [info] > git status -z -uall [14ms]
2024-06-05 13:19:26.815 [info] > git ls-files --stage -- /home/saczky/CrisisPreventionProject/frontend/src/screens/LoginScreen/LoginScreen.tsx [5ms]
2024-06-05 13:19:26.835 [info] > git cat-file -s 65588dd2c4e9818942c24a2bbea6fc9cf7a84f17 [3ms]
2024-06-05 13:19:26.869 [info] > git show --textconv :frontend/src/screens/LoginScreen/LoginScreen.tsx [6ms]
2024-06-05 13:20:08.666 [info] > git check-ignore -v -z --stdin [1ms]
2024-06-05 13:20:15.612 [info] > git show --textconv :frontend/src/hooks/useUserRegistration copy.ts [8ms]
2024-06-05 13:20:15.613 [info] > git ls-files --stage -- /home/saczky/CrisisPreventionProject/frontend/src/hooks/useUserRegistration copy.ts [3ms]
2024-06-05 13:20:15.788 [info] > git check-ignore -v -z --stdin [2ms]
2024-06-05 13:20:16.509 [info] > git config --get commit.template [16ms]
2024-06-05 13:20:16.514 [info] > git for-each-ref --format=%(refname)%00%(upstream:short)%00%(objectname)%00%(upstream:track)%00%(upstream:remotename)%00%(upstream:remoteref) refs/heads/CPA-11-log-in-to-the-application refs/remotes/CPA-11-log-in-to-the-application [5ms]
2024-06-05 13:20:16.538 [info] > git status -z -uall [11ms]
2024-06-05 13:20:24.259 [info] > git show --textconv :frontend/src/hooks/useUserLogin.ts [27ms]
2024-06-05 13:20:24.271 [info] > git ls-files --stage -- /home/saczky/CrisisPreventionProject/frontend/src/hooks/useUserLogin.ts [13ms]
2024-06-05 13:20:25.071 [info] > git config --get commit.template [6ms]
2024-06-05 13:20:25.071 [info] > git for-each-ref --format=%(refname)%00%(upstream:short)%00%(objectname)%00%(upstream:track)%00%(upstream:remotename)%00%(upstream:remoteref) refs/heads/CPA-11-log-in-to-the-application refs/remotes/CPA-11-log-in-to-the-application [1ms]
2024-06-05 13:20:25.080 [info] > git status -z -uall [4ms]
2024-06-05 13:20:35.967 [info] > git config --get commit.template [10ms]
2024-06-05 13:20:35.968 [info] > git for-each-ref --format=%(refname)%00%(upstream:short)%00%(objectname)%00%(upstream:track)%00%(upstream:remotename)%00%(upstream:remoteref) refs/heads/CPA-11-log-in-to-the-application refs/remotes/CPA-11-log-in-to-the-application [4ms]
2024-06-05 13:20:35.984 [info] > git status -z -uall [10ms]
2024-06-05 13:20:37.251 [info] > git show --textconv :frontend/src/screens/LoginScreen/LoginScreen.styles.ts [15ms]
2024-06-05 13:20:37.253 [info] > git ls-files --stage -- /home/saczky/CrisisPreventionProject/frontend/src/screens/LoginScreen/LoginScreen.styles.ts [5ms]
2024-06-05 13:20:37.274 [info] > git cat-file -s 4e690a29a4919c9de410b9987f3fb0285bfbaceb [8ms]
2024-06-05 13:20:38.284 [info] > git show --textconv :frontend/src/screens/LoginScreen/LoginScreen.types.ts [12ms]
2024-06-05 13:20:38.285 [info] > git ls-files --stage -- /home/saczky/CrisisPreventionProject/frontend/src/screens/LoginScreen/LoginScreen.types.ts [3ms]
2024-06-05 13:20:38.293 [info] > git cat-file -s 1051dee9cc33596804487639bc2d5b7330b8479d [1ms]
2024-06-05 13:20:40.909 [info] > git show --textconv :frontend/src/screens/LoginScreen/LoginScreen.tsx [23ms]
2024-06-05 13:20:40.910 [info] > git ls-files --stage -- /home/saczky/CrisisPreventionProject/frontend/src/screens/LoginScreen/LoginScreen.tsx [8ms]
2024-06-05 13:20:40.926 [info] > git cat-file -s 65588dd2c4e9818942c24a2bbea6fc9cf7a84f17 [3ms]
2024-06-05 13:20:43.537 [info] > git show --textconv :frontend/src/hooks/useUserLogin.ts [13ms]
2024-06-05 13:20:43.540 [info] > git ls-files --stage -- /home/saczky/CrisisPreventionProject/frontend/src/hooks/useUserLogin.ts [4ms]
2024-06-05 13:20:54.279 [info] > git config --get commit.template [2ms]
2024-06-05 13:20:54.287 [info] > git for-each-ref --format=%(refname)%00%(upstream:short)%00%(objectname)%00%(upstream:track)%00%(upstream:remotename)%00%(upstream:remoteref) refs/heads/CPA-11-log-in-to-the-application refs/remotes/CPA-11-log-in-to-the-application [4ms]
2024-06-05 13:20:54.297 [info] > git status -z -uall [5ms]
2024-06-05 13:21:05.086 [info] > git config --get commit.template [20ms]
2024-06-05 13:21:05.087 [info] > git for-each-ref --format=%(refname)%00%(upstream:short)%00%(objectname)%00%(upstream:track)%00%(upstream:remotename)%00%(upstream:remoteref) refs/heads/CPA-11-log-in-to-the-application refs/remotes/CPA-11-log-in-to-the-application [6ms]
2024-06-05 13:21:05.115 [info] > git status -z -uall [16ms]
2024-06-05 13:21:16.506 [info] > git config --get commit.template [19ms]
2024-06-05 13:21:16.508 [info] > git for-each-ref --format=%(refname)%00%(upstream:short)%00%(objectname)%00%(upstream:track)%00%(upstream:remotename)%00%(upstream:remoteref) refs/heads/CPA-11-log-in-to-the-application refs/remotes/CPA-11-log-in-to-the-application [4ms]
2024-06-05 13:21:16.525 [info] > git status -z -uall [5ms]
2024-06-05 13:21:27.885 [info] > git config --get commit.template [1ms]
2024-06-05 13:21:27.891 [info] > git for-each-ref --format=%(refname)%00%(upstream:short)%00%(objectname)%00%(upstream:track)%00%(upstream:remotename)%00%(upstream:remoteref) refs/heads/CPA-11-log-in-to-the-application refs/remotes/CPA-11-log-in-to-the-application [1ms]
2024-06-05 13:21:27.900 [info] > git status -z -uall [5ms]
2024-06-05 13:21:29.837 [info] > git show --textconv :frontend/src/screens/LoginScreen/LoginScreen.tsx [13ms]
2024-06-05 13:21:29.837 [info] > git ls-files --stage -- /home/saczky/CrisisPreventionProject/frontend/src/screens/LoginScreen/LoginScreen.tsx [2ms]
2024-06-05 13:21:29.850 [info] > git cat-file -s 65588dd2c4e9818942c24a2bbea6fc9cf7a84f17 [7ms]
2024-06-05 13:21:32.678 [info] > git show --textconv :frontend/src/hooks/useUserLogin.ts [6ms]
2024-06-05 13:21:32.684 [info] > git ls-files --stage -- /home/saczky/CrisisPreventionProject/frontend/src/hooks/useUserLogin.ts [7ms]
2024-06-05 13:21:33.674 [info] > git show --textconv :frontend/src/screens/LoginScreen/LoginScreen.tsx [13ms]
2024-06-05 13:21:33.676 [info] > git ls-files --stage -- /home/saczky/CrisisPreventionProject/frontend/src/screens/LoginScreen/LoginScreen.tsx [2ms]
2024-06-05 13:21:33.694 [info] > git cat-file -s 65588dd2c4e9818942c24a2bbea6fc9cf7a84f17 [2ms]
2024-06-05 13:21:35.410 [info] > git config --get commit.template [5ms]
2024-06-05 13:21:35.411 [info] > git for-each-ref --format=%(refname)%00%(upstream:short)%00%(objectname)%00%(upstream:track)%00%(upstream:remotename)%00%(upstream:remoteref) refs/heads/CPA-11-log-in-to-the-application refs/remotes/CPA-11-log-in-to-the-application [2ms]
2024-06-05 13:21:35.420 [info] > git status -z -uall [5ms]
2024-06-05 13:21:40.838 [info] > git show --textconv :frontend/src/hooks/useUserLogin.ts [19ms]
2024-06-05 13:21:40.839 [info] > git ls-files --stage -- /home/saczky/CrisisPreventionProject/frontend/src/hooks/useUserLogin.ts [3ms]
2024-06-05 13:21:42.855 [info] > git show --textconv :frontend/src/screens/LoginScreen/LoginScreen.tsx [13ms]
2024-06-05 13:21:42.856 [info] > git ls-files --stage -- /home/saczky/CrisisPreventionProject/frontend/src/screens/LoginScreen/LoginScreen.tsx [2ms]
2024-06-05 13:21:42.874 [info] > git cat-file -s 65588dd2c4e9818942c24a2bbea6fc9cf7a84f17 [10ms]
2024-06-05 13:22:01.187 [info] > git config --get commit.template [18ms]
2024-06-05 13:22:01.189 [info] > git for-each-ref --format=%(refname)%00%(upstream:short)%00%(objectname)%00%(upstream:track)%00%(upstream:remotename)%00%(upstream:remoteref) refs/heads/CPA-11-log-in-to-the-application refs/remotes/CPA-11-log-in-to-the-application [4ms]
2024-06-05 13:22:01.220 [info] > git status -z -uall [16ms]
2024-06-05 13:22:07.054 [info] > git show --textconv :frontend/src/hooks/useUserLogin.ts [11ms]
2024-06-05 13:22:07.055 [info] > git ls-files --stage -- /home/saczky/CrisisPreventionProject/frontend/src/hooks/useUserLogin.ts [1ms]
2024-06-05 13:24:07.114 [info] > git config --get commit.template [7ms]
2024-06-05 13:24:07.117 [info] > git for-each-ref --format=%(refname)%00%(upstream:short)%00%(objectname)%00%(upstream:track)%00%(upstream:remotename)%00%(upstream:remoteref) refs/heads/CPA-11-log-in-to-the-application refs/remotes/CPA-11-log-in-to-the-application [4ms]
2024-06-05 13:24:07.130 [info] > git status -z -uall [8ms]
2024-06-05 13:24:15.982 [info] > git config --get commit.template [19ms]
2024-06-05 13:24:15.986 [info] > git for-each-ref --format=%(refname)%00%(upstream:short)%00%(objectname)%00%(upstream:track)%00%(upstream:remotename)%00%(upstream:remoteref) refs/heads/CPA-11-log-in-to-the-application refs/remotes/CPA-11-log-in-to-the-application [5ms]
2024-06-05 13:24:16.020 [info] > git status -z -uall [15ms]
2024-06-05 13:24:27.001 [info] > git config --get commit.template [1ms]
2024-06-05 13:24:27.007 [info] > git for-each-ref --format=%(refname)%00%(upstream:short)%00%(objectname)%00%(upstream:track)%00%(upstream:remotename)%00%(upstream:remoteref) refs/heads/CPA-11-log-in-to-the-application refs/remotes/CPA-11-log-in-to-the-application [1ms]
2024-06-05 13:24:27.015 [info] > git status -z -uall [4ms]
2024-06-05 13:25:17.994 [info] > git config --get commit.template [1ms]
2024-06-05 13:25:18.001 [info] > git for-each-ref --format=%(refname)%00%(upstream:short)%00%(objectname)%00%(upstream:track)%00%(upstream:remotename)%00%(upstream:remoteref) refs/heads/CPA-11-log-in-to-the-application refs/remotes/CPA-11-log-in-to-the-application [1ms]
2024-06-05 13:25:18.009 [info] > git status -z -uall [4ms]
2024-06-05 13:25:47.259 [info] > git config --get commit.template [30ms]
2024-06-05 13:25:47.263 [info] > git for-each-ref --format=%(refname)%00%(upstream:short)%00%(objectname)%00%(upstream:track)%00%(upstream:remotename)%00%(upstream:remoteref) refs/heads/CPA-11-log-in-to-the-application refs/remotes/CPA-11-log-in-to-the-application [6ms]
2024-06-05 13:25:47.291 [info] > git status -z -uall [13ms]
2024-06-05 13:26:25.237 [info] > git config --get commit.template [5ms]
2024-06-05 13:26:25.238 [info] > git for-each-ref --format=%(refname)%00%(upstream:short)%00%(objectname)%00%(upstream:track)%00%(upstream:remotename)%00%(upstream:remoteref) refs/heads/CPA-11-log-in-to-the-application refs/remotes/CPA-11-log-in-to-the-application [1ms]
2024-06-05 13:26:25.248 [info] > git status -z -uall [5ms]
2024-06-05 13:26:54.212 [info] > git show --textconv :frontend/node_modules/@react-native-cookies/cookies/index.d.ts [15ms]
2024-06-05 13:26:54.213 [info] > git ls-files --stage -- /home/saczky/CrisisPreventionProject/frontend/node_modules/@react-native-cookies/cookies/index.d.ts [1ms]
2024-06-05 13:26:54.368 [info] > git check-ignore -v -z --stdin [3ms]
2024-06-05 13:26:56.638 [info] > git show --textconv :frontend/src/hooks/useUserLogin.ts [8ms]
2024-06-05 13:26:56.644 [info] > git ls-files --stage -- /home/saczky/CrisisPreventionProject/frontend/src/hooks/useUserLogin.ts [9ms]
2024-06-05 13:38:23.366 [info] > git show --textconv :frontend/node_modules/@react-native-cookies/cookies/index.d.ts [18ms]
2024-06-05 13:38:23.367 [info] > git ls-files --stage -- /home/saczky/CrisisPreventionProject/frontend/node_modules/@react-native-cookies/cookies/index.d.ts [2ms]
2024-06-05 13:38:56.505 [info] > git show --textconv :frontend/src/hooks/useUserLogin.ts [6ms]
2024-06-05 13:38:56.506 [info] > git ls-files --stage -- /home/saczky/CrisisPreventionProject/frontend/src/hooks/useUserLogin.ts [2ms]
2024-06-05 13:42:48.259 [info] > git config --get commit.template [6ms]
2024-06-05 13:42:48.266 [info] > git for-each-ref --format=%(refname)%00%(upstream:short)%00%(objectname)%00%(upstream:track)%00%(upstream:remotename)%00%(upstream:remoteref) refs/heads/CPA-11-log-in-to-the-application refs/remotes/CPA-11-log-in-to-the-application [8ms]
2024-06-05 13:42:48.286 [info] > git status -z -uall [14ms]
2024-06-05 13:49:05.921 [info] > git show --textconv :frontend/tsconfig.json [6ms]
2024-06-05 13:49:05.922 [info] > git ls-files --stage -- /home/saczky/CrisisPreventionProject/frontend/tsconfig.json [2ms]
2024-06-05 13:49:05.928 [info] > git cat-file -s 3970f0e42e1c09526f7f3cdde181abb442730147 [1ms]
2024-06-05 13:49:07.594 [info] > git config --get commit.template [13ms]
2024-06-05 13:49:07.605 [info] > git for-each-ref --format=%(refname)%00%(upstream:short)%00%(objectname)%00%(upstream:track)%00%(upstream:remotename)%00%(upstream:remoteref) refs/heads/CPA-11-log-in-to-the-application refs/remotes/CPA-11-log-in-to-the-application [12ms]
2024-06-05 13:49:07.631 [info] > git status -z -uall [19ms]
2024-06-05 13:49:09.349 [info] > git check-ignore -v -z --stdin [1ms]
2024-06-05 13:49:14.244 [info] > git config --get commit.template [2ms]
2024-06-05 13:49:14.259 [info] > git for-each-ref --format=%(refname)%00%(upstream:short)%00%(objectname)%00%(upstream:track)%00%(upstream:remotename)%00%(upstream:remoteref) refs/heads/CPA-11-log-in-to-the-application refs/remotes/CPA-11-log-in-to-the-application [3ms]
2024-06-05 13:49:14.280 [info] > git status -z -uall [14ms]
2024-06-05 13:49:18.209 [info] > git show --textconv :backend/user/apis.py [13ms]
2024-06-05 13:49:18.212 [info] > git ls-files --stage -- /home/saczky/CrisisPreventionProject/backend/user/apis.py [3ms]
2024-06-05 13:49:18.229 [info] > git cat-file -s c369d2b793524745e00403da92cd341a438d2774 [2ms]
2024-06-05 13:49:19.300 [info] > git config --get commit.template [6ms]
2024-06-05 13:49:19.301 [info] > git for-each-ref --format=%(refname)%00%(upstream:short)%00%(objectname)%00%(upstream:track)%00%(upstream:remotename)%00%(upstream:remoteref) refs/heads/CPA-11-log-in-to-the-application refs/remotes/CPA-11-log-in-to-the-application [2ms]
2024-06-05 13:49:19.313 [info] > git status -z -uall [5ms]
2024-06-05 13:49:47.544 [info] > git config --get commit.template [8ms]
2024-06-05 13:49:47.544 [info] > git for-each-ref --format=%(refname)%00%(upstream:short)%00%(objectname)%00%(upstream:track)%00%(upstream:remotename)%00%(upstream:remoteref) refs/heads/CPA-11-log-in-to-the-application refs/remotes/CPA-11-log-in-to-the-application [1ms]
2024-06-05 13:49:47.557 [info] > git status -z -uall [7ms]
2024-06-05 13:49:51.153 [info] > git show --textconv :frontend/src/hooks/useUserLogin.ts [12ms]
2024-06-05 13:49:51.155 [info] > git ls-files --stage -- /home/saczky/CrisisPreventionProject/frontend/src/hooks/useUserLogin.ts [7ms]
2024-06-05 13:49:59.798 [info] > git show --textconv :frontend/src/screens/LoginScreen/LoginScreen.tsx [6ms]
2024-06-05 13:49:59.804 [info] > git ls-files --stage -- /home/saczky/CrisisPreventionProject/frontend/src/screens/LoginScreen/LoginScreen.tsx [7ms]
2024-06-05 13:49:59.812 [info] > git cat-file -s 65588dd2c4e9818942c24a2bbea6fc9cf7a84f17 [1ms]
2024-06-05 13:50:03.111 [info] > git show --textconv :frontend/tsconfig.json [7ms]
2024-06-05 13:50:03.112 [info] > git ls-files --stage -- /home/saczky/CrisisPreventionProject/frontend/tsconfig.json [2ms]
2024-06-05 13:50:03.124 [info] > git cat-file -s 3970f0e42e1c09526f7f3cdde181abb442730147 [1ms]
2024-06-05 13:50:05.001 [info] > git config --get commit.template [19ms]
2024-06-05 13:50:05.006 [info] > git for-each-ref --format=%(refname)%00%(upstream:short)%00%(objectname)%00%(upstream:track)%00%(upstream:remotename)%00%(upstream:remoteref) refs/heads/CPA-11-log-in-to-the-application refs/remotes/CPA-11-log-in-to-the-application [7ms]
2024-06-05 13:50:05.029 [info] > git status -z -uall [8ms]
2024-06-05 13:50:10.155 [info] > git show --textconv :frontend/src/hooks/useUserLogin.ts [15ms]
2024-06-05 13:50:10.157 [info] > git ls-files --stage -- /home/saczky/CrisisPreventionProject/frontend/src/hooks/useUserLogin.ts [3ms]
2024-06-05 13:50:12.080 [info] > git config --get commit.template [18ms]
2024-06-05 13:50:12.086 [info] > git for-each-ref --format=%(refname)%00%(upstream:short)%00%(objectname)%00%(upstream:track)%00%(upstream:remotename)%00%(upstream:remoteref) refs/heads/CPA-11-log-in-to-the-application refs/remotes/CPA-11-log-in-to-the-application [7ms]
2024-06-05 13:50:12.114 [info] > git status -z -uall [11ms]
2024-06-05 13:50:36.256 [info] > git config --get commit.template [8ms]
2024-06-05 13:50:36.257 [info] > git for-each-ref --format=%(refname)%00%(upstream:short)%00%(objectname)%00%(upstream:track)%00%(upstream:remotename)%00%(upstream:remoteref) refs/heads/CPA-11-log-in-to-the-application refs/remotes/CPA-11-log-in-to-the-application [2ms]
2024-06-05 13:50:36.270 [info] > git status -z -uall [9ms]
2024-06-05 13:50:41.090 [info] > git show --textconv :frontend/src/api/constants/endpoints.ts [12ms]
2024-06-05 13:50:41.091 [info] > git ls-files --stage -- /home/saczky/CrisisPreventionProject/frontend/src/api/constants/endpoints.ts [2ms]
2024-06-05 13:50:41.105 [info] > git cat-file -s 335d278f5b98015eed875a658e45a8518d0e1979 [6ms]
