2024-06-03 10:40:45.768 [info] Added views:workbench.panel.markers.view in workbench.panel.markers
2024-06-03 10:40:45.768 [info] Added views:workbench.panel.output in workbench.panel.output
2024-06-03 10:40:45.768 [info] Added views:terminal in terminal
2024-06-03 10:40:45.768 [info] Added views:outline in workbench.view.explorer
2024-06-03 10:40:45.768 [info] Added views:workbench.scm in workbench.view.scm
2024-06-03 10:40:45.768 [info] Added views:workbench.view.search in workbench.view.search
2024-06-03 10:40:45.768 [info] Added views:timeline in workbench.view.explorer
2024-06-03 10:40:45.768 [info] Added views:workbench.explorer.fileView in workbench.view.explorer
2024-06-03 10:40:46.867 [info] Added views:workbench.debug.variablesView,workbench.debug.watchExpressionsView,workbench.debug.callStackView,workbench.debug.breakPointsView in workbench.view.debug
2024-06-03 10:40:47.181 [info] Added views:gitlens.views.home,gitlens.views.workspaces,gitlens.views.account in workbench.view.extension.gitlens
2024-06-03 10:40:47.183 [info] Added views:gitlens.views.commitDetails,gitlens.views.lineHistory,gitlens.views.fileHistory,gitlens.views.searchAndCompare in workbench.view.extension.gitlensInspect
2024-06-03 10:40:47.185 [info] Added views:gitlens.views.commits,gitlens.views.branches,gitlens.views.remotes,gitlens.views.stashes,gitlens.views.tags,gitlens.views.contributors in workbench.view.scm
2024-06-03 10:40:47.536 [info] Added views:workbench.panel.repl.view in workbench.panel.repl
2024-06-03 10:40:47.538 [info] Removed views:workbench.debug.breakPointsView,workbench.debug.callStackView,workbench.debug.watchExpressionsView,workbench.debug.variablesView from workbench.view.debug
2024-06-03 10:40:47.541 [info] Added views:workbench.debug.welcome in workbench.view.debug
2024-06-03 10:40:47.683 [info] Added views:~remote.forwardedPorts in ~remote.forwardedPortsContainer
2024-06-03 10:40:50.098 [info] Removed views:gitlens.views.workspaces from workbench.view.extension.gitlens
2024-06-03 10:40:50.106 [info] Removed views:gitlens.views.searchAndCompare,gitlens.views.fileHistory,gitlens.views.lineHistory,gitlens.views.commitDetails from workbench.view.extension.gitlensInspect
2024-06-03 10:40:50.108 [info] Removed views:gitlens.views.contributors,gitlens.views.tags,gitlens.views.stashes,gitlens.views.remotes,gitlens.views.branches,gitlens.views.commits from workbench.view.scm
2024-06-03 10:48:04.590 [info] Added views:gitlens.views.drafts,gitlens.views.workspaces in workbench.view.extension.gitlens
2024-06-03 10:48:04.640 [info] Added views:gitlens.views.graph,gitlens.views.graphDetails in workbench.view.extension.gitlensPanel
2024-06-03 10:48:04.652 [info] Added views:gitlens.views.commitDetails,gitlens.views.lineHistory,gitlens.views.fileHistory,gitlens.views.timeline,gitlens.views.searchAndCompare in workbench.view.extension.gitlensInspect
2024-06-03 10:48:04.657 [info] Added views:gitlens.views.commits,gitlens.views.branches,gitlens.views.remotes,gitlens.views.stashes,gitlens.views.tags,gitlens.views.worktrees,gitlens.views.contributors in workbench.view.scm
