2024-06-06 14:35:30.945 [info] Added views:workbench.panel.markers.view in workbench.panel.markers
2024-06-06 14:35:30.945 [info] Added views:workbench.panel.output in workbench.panel.output
2024-06-06 14:35:30.945 [info] Added views:terminal in terminal
2024-06-06 14:35:30.945 [info] Added views:outline in workbench.view.explorer
2024-06-06 14:35:30.945 [info] Added views:workbench.scm in workbench.view.scm
2024-06-06 14:35:30.945 [info] Added views:workbench.view.search in workbench.view.search
2024-06-06 14:35:30.945 [info] Added views:timeline in workbench.view.explorer
2024-06-06 14:35:30.945 [info] Added views:workbench.explorer.fileView in workbench.view.explorer
2024-06-06 14:35:31.320 [info] Added views:workbench.debug.welcome in workbench.view.debug
2024-06-06 14:35:31.655 [info] Added views:gitlens.views.home,gitlens.views.workspaces,gitlens.views.account in workbench.view.extension.gitlens
2024-06-06 14:35:31.655 [info] Added views:gitlens.views.commitDetails,gitlens.views.lineHistory,gitlens.views.fileHistory,gitlens.views.searchAndCompare in workbench.view.extension.gitlensInspect
2024-06-06 14:35:31.656 [info] Added views:gitlens.views.commits,gitlens.views.branches,gitlens.views.remotes,gitlens.views.stashes,gitlens.views.tags,gitlens.views.contributors in workbench.view.scm
2024-06-06 14:35:32.139 [info] Added views:workbench.panel.repl.view in workbench.panel.repl
2024-06-06 14:35:32.671 [info] Added views:workbench.view.testing in workbench.view.extension.test
2024-06-06 14:35:34.650 [info] Removed views:gitlens.views.workspaces from workbench.view.extension.gitlens
2024-06-06 14:35:35.008 [info] Removed views:workbench.view.testing from workbench.view.extension.test
2024-06-06 14:35:35.016 [info] Added views:gitlens.views.drafts,gitlens.views.workspaces in workbench.view.extension.gitlens
2024-06-06 14:35:35.196 [info] Added views:workbench.view.testing in workbench.view.extension.test
2024-06-06 14:35:37.169 [info] Added views:~remote.forwardedPorts in ~remote.forwardedPortsContainer
2024-06-06 14:35:37.273 [info] Added views:gitlens.views.graph,gitlens.views.graphDetails in workbench.view.extension.gitlensPanel
2024-06-06 14:35:37.281 [info] Added views:gitlens.views.timeline in workbench.view.extension.gitlensInspect
2024-06-06 14:35:37.287 [info] Added views:gitlens.views.worktrees in workbench.view.scm
2024-06-06 14:35:37.885 [info] Added view workbench.views.extensions.installed in the container workbench.view.extensions and showing it. undefined undefined undefined
2024-06-06 14:35:37.886 [info] Added view workbench.views.extensions.popular in the container workbench.view.extensions and showing it. undefined undefined undefined
2024-06-06 14:35:37.886 [info] Added view extensions.recommendedList in the container workbench.view.extensions and showing it. undefined undefined undefined
2024-06-06 14:35:37.886 [info] Added view workbench.views.extensions.marketplace in the container workbench.view.extensions and showing it. undefined undefined undefined
2024-06-06 14:35:37.886 [info] Added view workbench.views.extensions.searchInstalled in the container workbench.view.extensions and showing it. undefined undefined undefined
2024-06-06 14:35:37.886 [info] Added view workbench.views.extensions.searchRecentlyUpdated in the container workbench.view.extensions and showing it. undefined undefined undefined
2024-06-06 14:35:37.887 [info] Added view workbench.views.extensions.searchEnabled in the container workbench.view.extensions and showing it. undefined undefined undefined
2024-06-06 14:35:37.887 [info] Added view workbench.views.extensions.searchDisabled in the container workbench.view.extensions and showing it. undefined undefined undefined
2024-06-06 14:35:37.887 [info] Added view workbench.views.extensions.searchOutdated in the container workbench.view.extensions and showing it. undefined undefined undefined
2024-06-06 14:35:37.887 [info] Added view workbench.views.extensions.searchBuiltin in the container workbench.view.extensions and showing it. undefined undefined undefined
2024-06-06 14:35:37.887 [info] Added view workbench.views.extensions.searchWorkspaceUnsupported in the container workbench.view.extensions and showing it. undefined undefined undefined
2024-06-06 14:35:37.887 [info] Added view workbench.views.extensions.workspaceRecommendations in the container workbench.view.extensions and showing it. undefined undefined undefined
2024-06-06 14:35:37.887 [info] Added view workbench.views.extensions.otherRecommendations in the container workbench.view.extensions and showing it. undefined undefined undefined
2024-06-06 14:35:37.887 [info] Added view workbench.views.extensions.builtinFeatureExtensions in the container workbench.view.extensions and showing it. undefined undefined undefined
2024-06-06 14:35:37.887 [info] Added view workbench.views.extensions.builtinThemeExtensions in the container workbench.view.extensions and showing it. undefined undefined undefined
2024-06-06 14:35:37.888 [info] Added view workbench.views.extensions.builtinProgrammingLanguageExtensions in the container workbench.view.extensions and showing it. undefined undefined undefined
2024-06-06 14:35:37.888 [info] Added view workbench.views.extensions.untrustedUnsupportedExtensions in the container workbench.view.extensions and showing it. undefined undefined undefined
2024-06-06 14:35:37.888 [info] Added view workbench.views.extensions.untrustedPartiallySupportedExtensions in the container workbench.view.extensions and showing it. undefined undefined undefined
2024-06-06 14:35:37.888 [info] Added view workbench.views.extensions.virtualUnsupportedExtensions in the container workbench.view.extensions and showing it. undefined undefined undefined
2024-06-06 14:35:37.888 [info] Added view workbench.views.extensions.virtualPartiallySupportedExtensions in the container workbench.view.extensions and showing it. undefined undefined undefined
2024-06-06 14:35:37.888 [info] Added view workbench.views.extensions.deprecatedExtensions in the container workbench.view.extensions and showing it. undefined undefined undefined
