[Info  - 12:59:09] ESLint server is starting.
[Info  - 12:59:10] ESLint server running in node v18.18.2
[Info  - 12:59:10] ESLint server is running.
Uncaught exception received.
Error: spawn /usr/lib/electron28/electron ENOENT
    at ChildProcess._handle.onexit (node:internal/child_process:284:19)
    at onErrorNT (node:internal/child_process:477:16)
    at process.processTicksAndRejections (node:internal/process/task_queues:82:21)
Uncaught exception received.
Error: spawn /usr/lib/electron28/electron ENOENT
    at ChildProcess._handle.onexit (node:internal/child_process:284:19)
    at onErrorNT (node:internal/child_process:477:16)
    at process.processTicksAndRejections (node:internal/process/task_queues:82:21)
Uncaught exception received.
Error: spawn /usr/lib/electron28/electron ENOENT
    at ChildProcess._handle.onexit (node:internal/child_process:284:19)
    at onErrorNT (node:internal/child_process:477:16)
    at processTicksAndRejections (node:internal/process/task_queues:82:21)
    at runNextTicks (node:internal/process/task_queues:64:3)
    at process.processImmediate (node:internal/timers:447:9)
[Info  - 14:35:26] ESLint server stopped.
